[1.643s] Invoking command in '/home/motaz/iris_files/iris/src/iris_drone': PYTHONPATH=/home/motaz/iris_files/iris/build/iris_drone/prefix_override:/usr/lib/python3/dist-packages/colcon_core/task/python/colcon_distutils_commands:/home/motaz/iris_files/iris/install/iris_drone/lib/python3.10/site-packages:${PYTHONPATH} /usr/bin/python3 -W ignore:setup.py install is deprecated setup.py egg_info --egg-base ../../build/iris_drone build --build-base /home/motaz/iris_files/iris/build/iris_drone/build install --record /home/motaz/iris_files/iris/build/iris_drone/install.log --single-version-externally-managed install_data
[2.021s] running egg_info
[2.059s] writing ../../build/iris_drone/iris_drone.egg-info/PKG-INFO
[2.065s] writing dependency_links to ../../build/iris_drone/iris_drone.egg-info/dependency_links.txt
[2.065s] writing entry points to ../../build/iris_drone/iris_drone.egg-info/entry_points.txt
[2.066s] writing requirements to ../../build/iris_drone/iris_drone.egg-info/requires.txt
[2.066s] writing top-level names to ../../build/iris_drone/iris_drone.egg-info/top_level.txt
[2.117s] reading manifest file '../../build/iris_drone/iris_drone.egg-info/SOURCES.txt'
[2.119s] writing manifest file '../../build/iris_drone/iris_drone.egg-info/SOURCES.txt'
[2.119s] running build
[2.119s] running build_py
[2.121s] copying iris_drone/mission.py -> /home/motaz/iris_files/iris/build/iris_drone/build/lib/iris_drone
[2.121s] running install
[2.127s] running install_lib
[2.153s] running install_data
[2.154s] copying package.xml -> /home/motaz/iris_files/iris/install/iris_drone/share/iris_drone
[2.154s] copying launch/iris.launch.py -> /home/motaz/iris_files/iris/install/iris_drone/share/iris_drone/launch
[2.155s] copying worlds/odeh.world -> /home/motaz/iris_files/iris/install/iris_drone/share/iris_drone/worlds
[2.156s] copying urdf/iris_demo.xacro -> /home/motaz/iris_files/iris/install/iris_drone/share/iris_drone/urdf
[2.156s] running install_egg_info
[2.187s] removing '/home/motaz/iris_files/iris/install/iris_drone/lib/python3.10/site-packages/iris_drone-0.0.0-py3.10.egg-info' (and everything under it)
[2.187s] Copying ../../build/iris_drone/iris_drone.egg-info to /home/motaz/iris_files/iris/install/iris_drone/lib/python3.10/site-packages/iris_drone-0.0.0-py3.10.egg-info
[2.188s] running install_scripts
[2.411s] Installing ardupilot script to /home/motaz/iris_files/iris/install/iris_drone/lib/iris_drone
[2.416s] Installing mission script to /home/motaz/iris_files/iris/install/iris_drone/lib/iris_drone
[2.417s] Installing odom_pub script to /home/motaz/iris_files/iris/install/iris_drone/lib/iris_drone
[2.417s] Installing tf_pub script to /home/motaz/iris_files/iris/install/iris_drone/lib/iris_drone
[2.417s] writing list of installed files to '/home/motaz/iris_files/iris/build/iris_drone/install.log'
[2.470s] Invoked command in '/home/motaz/iris_files/iris/src/iris_drone' returned '0': PYTHONPATH=/home/motaz/iris_files/iris/build/iris_drone/prefix_override:/usr/lib/python3/dist-packages/colcon_core/task/python/colcon_distutils_commands:/home/motaz/iris_files/iris/install/iris_drone/lib/python3.10/site-packages:${PYTHONPATH} /usr/bin/python3 -W ignore:setup.py install is deprecated setup.py egg_info --egg-base ../../build/iris_drone build --build-base /home/motaz/iris_files/iris/build/iris_drone/build install --record /home/motaz/iris_files/iris/build/iris_drone/install.log --single-version-externally-managed install_data
