[0.478s] DEBUG:colcon:Command line arguments: ['/usr/bin/colcon', 'build']
[0.478s] DEBUG:colcon:Parsed command line arguments: Namespace(log_base=None, log_level=None, verb_name='build', build_base='build', install_base='install', merge_install=False, symlink_install=False, test_result_base=None, continue_on_error=False, executor='parallel', parallel_workers=8, event_handlers=None, ignore_user_meta=False, metas=['./colcon.meta'], base_paths=['.'], packages_ignore=None, packages_ignore_regex=None, paths=None, packages_up_to=None, packages_up_to_regex=None, packages_above=None, packages_above_and_dependencies=None, packages_above_depth=None, packages_select_by_dep=None, packages_skip_by_dep=None, packages_skip_up_to=None, packages_select_build_failed=False, packages_skip_build_finished=False, packages_select_test_failures=False, packages_skip_test_passed=False, packages_select=None, packages_skip=None, packages_select_regex=None, packages_skip_regex=None, packages_start=None, packages_end=None, allow_overriding=[], cmake_args=None, cmake_target=None, cmake_target_skip_unavailable=False, cmake_clean_cache=False, cmake_clean_first=False, cmake_force_configure=False, ament_cmake_args=None, catkin_cmake_args=None, catkin_skip_building_tests=False, verb_parser=<colcon_defaults.argument_parser.defaults.DefaultArgumentsDecorator object at 0x787aed9415d0>, verb_extension=<colcon_core.verb.build.BuildVerb object at 0x787aed9410c0>, main=<bound method BuildVerb.main of <colcon_core.verb.build.BuildVerb object at 0x787aed9410c0>>)
[0.659s] Level 1:colcon.colcon_core.package_discovery:discover_packages(colcon_meta) check parameters
[0.661s] Level 1:colcon.colcon_core.package_discovery:discover_packages(recursive) check parameters
[0.661s] Level 1:colcon.colcon_core.package_discovery:discover_packages(ignore) check parameters
[0.661s] Level 1:colcon.colcon_core.package_discovery:discover_packages(path) check parameters
[0.661s] Level 1:colcon.colcon_core.package_discovery:discover_packages(colcon_meta) discover
[0.662s] Level 1:colcon.colcon_core.package_discovery:discover_packages(recursive) discover
[0.662s] INFO:colcon.colcon_core.package_discovery:Crawling recursively for packages in '/home/motaz/iris_files/iris'
[0.662s] Level 1:colcon.colcon_core.package_identification:_identify(.) by extensions ['ignore', 'ignore_ament_install']
[0.662s] Level 1:colcon.colcon_core.package_identification:_identify(.) by extension 'ignore'
[0.662s] Level 1:colcon.colcon_core.package_identification:_identify(.) by extension 'ignore_ament_install'
[0.662s] Level 1:colcon.colcon_core.package_identification:_identify(.) by extensions ['colcon_pkg']
[0.663s] Level 1:colcon.colcon_core.package_identification:_identify(.) by extension 'colcon_pkg'
[0.663s] Level 1:colcon.colcon_core.package_identification:_identify(.) by extensions ['colcon_meta']
[0.663s] Level 1:colcon.colcon_core.package_identification:_identify(.) by extension 'colcon_meta'
[0.663s] Level 1:colcon.colcon_core.package_identification:_identify(.) by extensions ['ros']
[0.663s] Level 1:colcon.colcon_core.package_identification:_identify(.) by extension 'ros'
[0.756s] Level 1:colcon.colcon_core.package_identification:_identify(.) by extensions ['cmake', 'python']
[0.756s] Level 1:colcon.colcon_core.package_identification:_identify(.) by extension 'cmake'
[0.757s] Level 1:colcon.colcon_core.package_identification:_identify(.) by extension 'python'
[0.757s] Level 1:colcon.colcon_core.package_identification:_identify(.) by extensions ['python_setup_py']
[0.758s] Level 1:colcon.colcon_core.package_identification:_identify(.) by extension 'python_setup_py'
[0.760s] Level 1:colcon.colcon_core.package_identification:_identify(build) by extensions ['ignore', 'ignore_ament_install']
[0.760s] Level 1:colcon.colcon_core.package_identification:_identify(build) by extension 'ignore'
[0.761s] Level 1:colcon.colcon_core.package_identification:_identify(build) ignored
[0.762s] Level 1:colcon.colcon_core.package_identification:_identify(install) by extensions ['ignore', 'ignore_ament_install']
[0.762s] Level 1:colcon.colcon_core.package_identification:_identify(install) by extension 'ignore'
[0.762s] Level 1:colcon.colcon_core.package_identification:_identify(install) ignored
[0.763s] Level 1:colcon.colcon_core.package_identification:_identify(log) by extensions ['ignore', 'ignore_ament_install']
[0.763s] Level 1:colcon.colcon_core.package_identification:_identify(log) by extension 'ignore'
[0.763s] Level 1:colcon.colcon_core.package_identification:_identify(log) ignored
[0.764s] Level 1:colcon.colcon_core.package_identification:_identify(logs) by extensions ['ignore', 'ignore_ament_install']
[0.764s] Level 1:colcon.colcon_core.package_identification:_identify(logs) by extension 'ignore'
[0.764s] Level 1:colcon.colcon_core.package_identification:_identify(logs) by extension 'ignore_ament_install'
[0.764s] Level 1:colcon.colcon_core.package_identification:_identify(logs) by extensions ['colcon_pkg']
[0.765s] Level 1:colcon.colcon_core.package_identification:_identify(logs) by extension 'colcon_pkg'
[0.765s] Level 1:colcon.colcon_core.package_identification:_identify(logs) by extensions ['colcon_meta']
[0.765s] Level 1:colcon.colcon_core.package_identification:_identify(logs) by extension 'colcon_meta'
[0.765s] Level 1:colcon.colcon_core.package_identification:_identify(logs) by extensions ['ros']
[0.765s] Level 1:colcon.colcon_core.package_identification:_identify(logs) by extension 'ros'
[0.765s] Level 1:colcon.colcon_core.package_identification:_identify(logs) by extensions ['cmake', 'python']
[0.765s] Level 1:colcon.colcon_core.package_identification:_identify(logs) by extension 'cmake'
[0.765s] Level 1:colcon.colcon_core.package_identification:_identify(logs) by extension 'python'
[0.765s] Level 1:colcon.colcon_core.package_identification:_identify(logs) by extensions ['python_setup_py']
[0.765s] Level 1:colcon.colcon_core.package_identification:_identify(logs) by extension 'python_setup_py'
[0.766s] Level 1:colcon.colcon_core.package_identification:_identify(src) by extensions ['ignore', 'ignore_ament_install']
[0.766s] Level 1:colcon.colcon_core.package_identification:_identify(src) by extension 'ignore'
[0.766s] Level 1:colcon.colcon_core.package_identification:_identify(src) by extension 'ignore_ament_install'
[0.767s] Level 1:colcon.colcon_core.package_identification:_identify(src) by extensions ['colcon_pkg']
[0.767s] Level 1:colcon.colcon_core.package_identification:_identify(src) by extension 'colcon_pkg'
[0.767s] Level 1:colcon.colcon_core.package_identification:_identify(src) by extensions ['colcon_meta']
[0.767s] Level 1:colcon.colcon_core.package_identification:_identify(src) by extension 'colcon_meta'
[0.767s] Level 1:colcon.colcon_core.package_identification:_identify(src) by extensions ['ros']
[0.767s] Level 1:colcon.colcon_core.package_identification:_identify(src) by extension 'ros'
[0.767s] Level 1:colcon.colcon_core.package_identification:_identify(src) by extensions ['cmake', 'python']
[0.768s] Level 1:colcon.colcon_core.package_identification:_identify(src) by extension 'cmake'
[0.768s] Level 1:colcon.colcon_core.package_identification:_identify(src) by extension 'python'
[0.768s] Level 1:colcon.colcon_core.package_identification:_identify(src) by extensions ['python_setup_py']
[0.768s] Level 1:colcon.colcon_core.package_identification:_identify(src) by extension 'python_setup_py'
[0.769s] Level 1:colcon.colcon_core.package_identification:_identify(src/iris_drone) by extensions ['ignore', 'ignore_ament_install']
[0.771s] Level 1:colcon.colcon_core.package_identification:_identify(src/iris_drone) by extension 'ignore'
[0.773s] Level 1:colcon.colcon_core.package_identification:_identify(src/iris_drone) by extension 'ignore_ament_install'
[0.774s] Level 1:colcon.colcon_core.package_identification:_identify(src/iris_drone) by extensions ['colcon_pkg']
[0.775s] Level 1:colcon.colcon_core.package_identification:_identify(src/iris_drone) by extension 'colcon_pkg'
[0.776s] Level 1:colcon.colcon_core.package_identification:_identify(src/iris_drone) by extensions ['colcon_meta']
[0.777s] Level 1:colcon.colcon_core.package_identification:_identify(src/iris_drone) by extension 'colcon_meta'
[0.777s] Level 1:colcon.colcon_core.package_identification:_identify(src/iris_drone) by extensions ['ros']
[0.777s] Level 1:colcon.colcon_core.package_identification:_identify(src/iris_drone) by extension 'ros'
[0.784s] DEBUG:colcon.colcon_core.package_identification:Package 'src/iris_drone' with type 'ros.ament_python' and name 'iris_drone'
[0.784s] Level 1:colcon.colcon_core.package_identification:_identify(src/slam_gmapping) by extensions ['ignore', 'ignore_ament_install']
[0.784s] Level 1:colcon.colcon_core.package_identification:_identify(src/slam_gmapping) by extension 'ignore'
[0.785s] Level 1:colcon.colcon_core.package_identification:_identify(src/slam_gmapping) by extension 'ignore_ament_install'
[0.785s] Level 1:colcon.colcon_core.package_identification:_identify(src/slam_gmapping) by extensions ['colcon_pkg']
[0.785s] Level 1:colcon.colcon_core.package_identification:_identify(src/slam_gmapping) by extension 'colcon_pkg'
[0.785s] Level 1:colcon.colcon_core.package_identification:_identify(src/slam_gmapping) by extensions ['colcon_meta']
[0.785s] Level 1:colcon.colcon_core.package_identification:_identify(src/slam_gmapping) by extension 'colcon_meta'
[0.785s] Level 1:colcon.colcon_core.package_identification:_identify(src/slam_gmapping) by extensions ['ros']
[0.785s] Level 1:colcon.colcon_core.package_identification:_identify(src/slam_gmapping) by extension 'ros'
[0.785s] Level 1:colcon.colcon_core.package_identification:_identify(src/slam_gmapping) by extensions ['cmake', 'python']
[0.785s] Level 1:colcon.colcon_core.package_identification:_identify(src/slam_gmapping) by extension 'cmake'
[0.785s] Level 1:colcon.colcon_core.package_identification:_identify(src/slam_gmapping) by extension 'python'
[0.785s] Level 1:colcon.colcon_core.package_identification:_identify(src/slam_gmapping) by extensions ['python_setup_py']
[0.785s] Level 1:colcon.colcon_core.package_identification:_identify(src/slam_gmapping) by extension 'python_setup_py'
[0.786s] Level 1:colcon.colcon_core.package_identification:_identify(src/slam_gmapping/openslam_gmapping) by extensions ['ignore', 'ignore_ament_install']
[0.786s] Level 1:colcon.colcon_core.package_identification:_identify(src/slam_gmapping/openslam_gmapping) by extension 'ignore'
[0.787s] Level 1:colcon.colcon_core.package_identification:_identify(src/slam_gmapping/openslam_gmapping) by extension 'ignore_ament_install'
[0.789s] Level 1:colcon.colcon_core.package_identification:_identify(src/slam_gmapping/openslam_gmapping) by extensions ['colcon_pkg']
[0.789s] Level 1:colcon.colcon_core.package_identification:_identify(src/slam_gmapping/openslam_gmapping) by extension 'colcon_pkg'
[0.790s] Level 1:colcon.colcon_core.package_identification:_identify(src/slam_gmapping/openslam_gmapping) by extensions ['colcon_meta']
[0.790s] Level 1:colcon.colcon_core.package_identification:_identify(src/slam_gmapping/openslam_gmapping) by extension 'colcon_meta'
[0.790s] Level 1:colcon.colcon_core.package_identification:_identify(src/slam_gmapping/openslam_gmapping) by extensions ['ros']
[0.791s] Level 1:colcon.colcon_core.package_identification:_identify(src/slam_gmapping/openslam_gmapping) by extension 'ros'
[0.794s] DEBUG:colcon.colcon_core.package_identification:Package 'src/slam_gmapping/openslam_gmapping' with type 'ros.ament_cmake' and name 'openslam_gmapping'
[0.795s] Level 1:colcon.colcon_core.package_identification:_identify(src/slam_gmapping/slam_gmapping) by extensions ['ignore', 'ignore_ament_install']
[0.796s] Level 1:colcon.colcon_core.package_identification:_identify(src/slam_gmapping/slam_gmapping) by extension 'ignore'
[0.797s] Level 1:colcon.colcon_core.package_identification:_identify(src/slam_gmapping/slam_gmapping) by extension 'ignore_ament_install'
[0.797s] Level 1:colcon.colcon_core.package_identification:_identify(src/slam_gmapping/slam_gmapping) by extensions ['colcon_pkg']
[0.798s] Level 1:colcon.colcon_core.package_identification:_identify(src/slam_gmapping/slam_gmapping) by extension 'colcon_pkg'
[0.798s] Level 1:colcon.colcon_core.package_identification:_identify(src/slam_gmapping/slam_gmapping) by extensions ['colcon_meta']
[0.799s] Level 1:colcon.colcon_core.package_identification:_identify(src/slam_gmapping/slam_gmapping) by extension 'colcon_meta'
[0.799s] Level 1:colcon.colcon_core.package_identification:_identify(src/slam_gmapping/slam_gmapping) by extensions ['ros']
[0.800s] Level 1:colcon.colcon_core.package_identification:_identify(src/slam_gmapping/slam_gmapping) by extension 'ros'
[0.808s] DEBUG:colcon.colcon_core.package_identification:Package 'src/slam_gmapping/slam_gmapping' with type 'ros.ament_cmake' and name 'slam_gmapping'
[0.808s] Level 1:colcon.colcon_core.package_identification:_identify(terrain) by extensions ['ignore', 'ignore_ament_install']
[0.808s] Level 1:colcon.colcon_core.package_identification:_identify(terrain) by extension 'ignore'
[0.809s] Level 1:colcon.colcon_core.package_identification:_identify(terrain) by extension 'ignore_ament_install'
[0.809s] Level 1:colcon.colcon_core.package_identification:_identify(terrain) by extensions ['colcon_pkg']
[0.809s] Level 1:colcon.colcon_core.package_identification:_identify(terrain) by extension 'colcon_pkg'
[0.809s] Level 1:colcon.colcon_core.package_identification:_identify(terrain) by extensions ['colcon_meta']
[0.810s] Level 1:colcon.colcon_core.package_identification:_identify(terrain) by extension 'colcon_meta'
[0.810s] Level 1:colcon.colcon_core.package_identification:_identify(terrain) by extensions ['ros']
[0.810s] Level 1:colcon.colcon_core.package_identification:_identify(terrain) by extension 'ros'
[0.810s] Level 1:colcon.colcon_core.package_identification:_identify(terrain) by extensions ['cmake', 'python']
[0.810s] Level 1:colcon.colcon_core.package_identification:_identify(terrain) by extension 'cmake'
[0.810s] Level 1:colcon.colcon_core.package_identification:_identify(terrain) by extension 'python'
[0.810s] Level 1:colcon.colcon_core.package_identification:_identify(terrain) by extensions ['python_setup_py']
[0.810s] Level 1:colcon.colcon_core.package_identification:_identify(terrain) by extension 'python_setup_py'
[0.810s] Level 1:colcon.colcon_core.package_discovery:discover_packages(recursive) using defaults
[0.811s] Level 1:colcon.colcon_core.package_discovery:discover_packages(ignore) discover
[0.811s] Level 1:colcon.colcon_core.package_discovery:discover_packages(ignore) using defaults
[0.811s] Level 1:colcon.colcon_core.package_discovery:discover_packages(path) discover
[0.811s] Level 1:colcon.colcon_core.package_discovery:discover_packages(path) using defaults
[0.871s] Level 1:colcon.colcon_core.package_discovery:discover_packages(prefix_path) check parameters
[0.871s] Level 1:colcon.colcon_core.package_discovery:discover_packages(prefix_path) discover
[0.883s] DEBUG:colcon.colcon_installed_package_information.package_discovery:Found 341 installed packages in /opt/ros/humble
[0.891s] Level 1:colcon.colcon_core.package_discovery:discover_packages(prefix_path) using defaults
[1.034s] Level 5:colcon.colcon_core.verb:set package 'iris_drone' build argument 'cmake_args' from command line to 'None'
[1.035s] Level 5:colcon.colcon_core.verb:set package 'iris_drone' build argument 'cmake_target' from command line to 'None'
[1.035s] Level 5:colcon.colcon_core.verb:set package 'iris_drone' build argument 'cmake_target_skip_unavailable' from command line to 'False'
[1.036s] Level 5:colcon.colcon_core.verb:set package 'iris_drone' build argument 'cmake_clean_cache' from command line to 'False'
[1.037s] Level 5:colcon.colcon_core.verb:set package 'iris_drone' build argument 'cmake_clean_first' from command line to 'False'
[1.037s] Level 5:colcon.colcon_core.verb:set package 'iris_drone' build argument 'cmake_force_configure' from command line to 'False'
[1.037s] Level 5:colcon.colcon_core.verb:set package 'iris_drone' build argument 'ament_cmake_args' from command line to 'None'
[1.037s] Level 5:colcon.colcon_core.verb:set package 'iris_drone' build argument 'catkin_cmake_args' from command line to 'None'
[1.037s] Level 5:colcon.colcon_core.verb:set package 'iris_drone' build argument 'catkin_skip_building_tests' from command line to 'False'
[1.038s] DEBUG:colcon.colcon_core.verb:Building package 'iris_drone' with the following arguments: {'ament_cmake_args': None, 'build_base': '/home/motaz/iris_files/iris/build/iris_drone', 'catkin_cmake_args': None, 'catkin_skip_building_tests': False, 'cmake_args': None, 'cmake_clean_cache': False, 'cmake_clean_first': False, 'cmake_force_configure': False, 'cmake_target': None, 'cmake_target_skip_unavailable': False, 'install_base': '/home/motaz/iris_files/iris/install/iris_drone', 'merge_install': False, 'path': '/home/motaz/iris_files/iris/src/iris_drone', 'symlink_install': False, 'test_result_base': None}
[1.040s] Level 5:colcon.colcon_core.verb:set package 'openslam_gmapping' build argument 'cmake_args' from command line to 'None'
[1.040s] Level 5:colcon.colcon_core.verb:set package 'openslam_gmapping' build argument 'cmake_target' from command line to 'None'
[1.040s] Level 5:colcon.colcon_core.verb:set package 'openslam_gmapping' build argument 'cmake_target_skip_unavailable' from command line to 'False'
[1.040s] Level 5:colcon.colcon_core.verb:set package 'openslam_gmapping' build argument 'cmake_clean_cache' from command line to 'False'
[1.040s] Level 5:colcon.colcon_core.verb:set package 'openslam_gmapping' build argument 'cmake_clean_first' from command line to 'False'
[1.040s] Level 5:colcon.colcon_core.verb:set package 'openslam_gmapping' build argument 'cmake_force_configure' from command line to 'False'
[1.040s] Level 5:colcon.colcon_core.verb:set package 'openslam_gmapping' build argument 'ament_cmake_args' from command line to 'None'
[1.040s] Level 5:colcon.colcon_core.verb:set package 'openslam_gmapping' build argument 'catkin_cmake_args' from command line to 'None'
[1.040s] Level 5:colcon.colcon_core.verb:set package 'openslam_gmapping' build argument 'catkin_skip_building_tests' from command line to 'False'
[1.040s] DEBUG:colcon.colcon_core.verb:Building package 'openslam_gmapping' with the following arguments: {'ament_cmake_args': None, 'build_base': '/home/motaz/iris_files/iris/build/openslam_gmapping', 'catkin_cmake_args': None, 'catkin_skip_building_tests': False, 'cmake_args': None, 'cmake_clean_cache': False, 'cmake_clean_first': False, 'cmake_force_configure': False, 'cmake_target': None, 'cmake_target_skip_unavailable': False, 'install_base': '/home/motaz/iris_files/iris/install/openslam_gmapping', 'merge_install': False, 'path': '/home/motaz/iris_files/iris/src/slam_gmapping/openslam_gmapping', 'symlink_install': False, 'test_result_base': None}
[1.042s] Level 5:colcon.colcon_core.verb:set package 'slam_gmapping' build argument 'cmake_args' from command line to 'None'
[1.042s] Level 5:colcon.colcon_core.verb:set package 'slam_gmapping' build argument 'cmake_target' from command line to 'None'
[1.042s] Level 5:colcon.colcon_core.verb:set package 'slam_gmapping' build argument 'cmake_target_skip_unavailable' from command line to 'False'
[1.042s] Level 5:colcon.colcon_core.verb:set package 'slam_gmapping' build argument 'cmake_clean_cache' from command line to 'False'
[1.042s] Level 5:colcon.colcon_core.verb:set package 'slam_gmapping' build argument 'cmake_clean_first' from command line to 'False'
[1.042s] Level 5:colcon.colcon_core.verb:set package 'slam_gmapping' build argument 'cmake_force_configure' from command line to 'False'
[1.042s] Level 5:colcon.colcon_core.verb:set package 'slam_gmapping' build argument 'ament_cmake_args' from command line to 'None'
[1.042s] Level 5:colcon.colcon_core.verb:set package 'slam_gmapping' build argument 'catkin_cmake_args' from command line to 'None'
[1.042s] Level 5:colcon.colcon_core.verb:set package 'slam_gmapping' build argument 'catkin_skip_building_tests' from command line to 'False'
[1.042s] DEBUG:colcon.colcon_core.verb:Building package 'slam_gmapping' with the following arguments: {'ament_cmake_args': None, 'build_base': '/home/motaz/iris_files/iris/build/slam_gmapping', 'catkin_cmake_args': None, 'catkin_skip_building_tests': False, 'cmake_args': None, 'cmake_clean_cache': False, 'cmake_clean_first': False, 'cmake_force_configure': False, 'cmake_target': None, 'cmake_target_skip_unavailable': False, 'install_base': '/home/motaz/iris_files/iris/install/slam_gmapping', 'merge_install': False, 'path': '/home/motaz/iris_files/iris/src/slam_gmapping/slam_gmapping', 'symlink_install': False, 'test_result_base': None}
[1.042s] INFO:colcon.colcon_core.executor:Executing jobs using 'parallel' executor
[1.044s] DEBUG:colcon.colcon_parallel_executor.executor.parallel:run_until_complete
[1.044s] INFO:colcon.colcon_ros.task.ament_cmake.build:Building ROS package in '/home/motaz/iris_files/iris/src/slam_gmapping/openslam_gmapping' with build type 'ament_cmake'
[1.044s] INFO:colcon.colcon_cmake.task.cmake.build:Building CMake package in '/home/motaz/iris_files/iris/src/slam_gmapping/openslam_gmapping'
[1.049s] INFO:colcon.colcon_core.plugin_system:Skipping extension 'colcon_core.shell.bat': Not used on non-Windows systems
[1.050s] INFO:colcon.colcon_core.shell:Skip shell extension 'powershell' for command environment: Not usable outside of PowerShell
[1.050s] DEBUG:colcon.colcon_core.shell:Skip shell extension 'dsv' for command environment
[1.067s] INFO:colcon.colcon_ros.task.ament_python.build:Building ROS package in '/home/motaz/iris_files/iris/src/iris_drone' with build type 'ament_python'
[1.068s] Level 1:colcon.colcon_core.shell:create_environment_hook('iris_drone', 'ament_prefix_path')
[1.069s] INFO:colcon.colcon_core.shell:Creating environment hook '/home/motaz/iris_files/iris/install/iris_drone/share/iris_drone/hook/ament_prefix_path.ps1'
[1.070s] INFO:colcon.colcon_core.shell:Creating environment descriptor '/home/motaz/iris_files/iris/install/iris_drone/share/iris_drone/hook/ament_prefix_path.dsv'
[1.072s] INFO:colcon.colcon_core.shell:Creating environment hook '/home/motaz/iris_files/iris/install/iris_drone/share/iris_drone/hook/ament_prefix_path.sh'
[1.073s] INFO:colcon.colcon_core.shell:Skip shell extension 'powershell' for command environment: Not usable outside of PowerShell
[1.073s] DEBUG:colcon.colcon_core.shell:Skip shell extension 'dsv' for command environment
[1.101s] DEBUG:colcon.colcon_core.event_handler.log_command:Invoking command in '/home/motaz/iris_files/iris/build/openslam_gmapping': CMAKE_PREFIX_PATH=/opt/ros/humble /usr/bin/cmake --build /home/motaz/iris_files/iris/build/openslam_gmapping -- -j8 -l8
[2.158s] INFO:colcon.colcon_core.task.python.build:Building Python package in '/home/motaz/iris_files/iris/src/iris_drone'
[2.160s] INFO:colcon.colcon_core.shell:Skip shell extension 'powershell' for command environment: Not usable outside of PowerShell
[2.160s] DEBUG:colcon.colcon_core.shell:Skip shell extension 'dsv' for command environment
[2.174s] DEBUG:colcon.colcon_core.event_handler.log_command:Invoked command in '/home/motaz/iris_files/iris/build/openslam_gmapping' returned '0': CMAKE_PREFIX_PATH=/opt/ros/humble /usr/bin/cmake --build /home/motaz/iris_files/iris/build/openslam_gmapping -- -j8 -l8
[2.329s] DEBUG:colcon.colcon_core.event_handler.log_command:Invoking command in '/home/motaz/iris_files/iris/build/openslam_gmapping': CMAKE_PREFIX_PATH=/opt/ros/humble /usr/bin/cmake --install /home/motaz/iris_files/iris/build/openslam_gmapping
[2.386s] Level 1:colcon.colcon_core.environment:create_environment_scripts_only(openslam_gmapping)
[2.403s] DEBUG:colcon.colcon_core.event_handler.log_command:Invoked command in '/home/motaz/iris_files/iris/build/openslam_gmapping' returned '0': CMAKE_PREFIX_PATH=/opt/ros/humble /usr/bin/cmake --install /home/motaz/iris_files/iris/build/openslam_gmapping
[2.409s] Level 1:colcon.colcon_core.environment:checking '/home/motaz/iris_files/iris/install/openslam_gmapping' for CMake module files
[2.411s] Level 1:colcon.colcon_core.environment:checking '/home/motaz/iris_files/iris/install/openslam_gmapping' for CMake config files
[2.414s] Level 1:colcon.colcon_core.shell:create_environment_hook('openslam_gmapping', 'cmake_prefix_path')
[2.416s] INFO:colcon.colcon_core.shell:Creating environment hook '/home/motaz/iris_files/iris/install/openslam_gmapping/share/openslam_gmapping/hook/cmake_prefix_path.ps1'
[2.419s] INFO:colcon.colcon_core.shell:Creating environment descriptor '/home/motaz/iris_files/iris/install/openslam_gmapping/share/openslam_gmapping/hook/cmake_prefix_path.dsv'
[2.421s] INFO:colcon.colcon_core.shell:Creating environment hook '/home/motaz/iris_files/iris/install/openslam_gmapping/share/openslam_gmapping/hook/cmake_prefix_path.sh'
[2.425s] Level 1:colcon.colcon_core.environment:checking '/home/motaz/iris_files/iris/install/openslam_gmapping/lib'
[2.427s] Level 1:colcon.colcon_core.environment:checking '/home/motaz/iris_files/iris/install/openslam_gmapping/bin'
[2.429s] Level 1:colcon.colcon_core.environment:checking '/home/motaz/iris_files/iris/install/openslam_gmapping/lib/pkgconfig/openslam_gmapping.pc'
[2.432s] Level 1:colcon.colcon_core.environment:checking '/home/motaz/iris_files/iris/install/openslam_gmapping/lib/python3.10/site-packages'
[2.433s] Level 1:colcon.colcon_core.environment:checking '/home/motaz/iris_files/iris/install/openslam_gmapping/bin'
[2.434s] INFO:colcon.colcon_core.shell:Creating package script '/home/motaz/iris_files/iris/install/openslam_gmapping/share/openslam_gmapping/package.ps1'
[2.435s] INFO:colcon.colcon_core.shell:Creating package descriptor '/home/motaz/iris_files/iris/install/openslam_gmapping/share/openslam_gmapping/package.dsv'
[2.438s] INFO:colcon.colcon_core.shell:Creating package script '/home/motaz/iris_files/iris/install/openslam_gmapping/share/openslam_gmapping/package.sh'
[2.441s] INFO:colcon.colcon_core.shell:Creating package script '/home/motaz/iris_files/iris/install/openslam_gmapping/share/openslam_gmapping/package.bash'
[2.445s] INFO:colcon.colcon_core.shell:Creating package script '/home/motaz/iris_files/iris/install/openslam_gmapping/share/openslam_gmapping/package.zsh'
[2.448s] Level 1:colcon.colcon_core.environment:create_file_with_runtime_dependencies(/home/motaz/iris_files/iris/install/openslam_gmapping/share/colcon-core/packages/openslam_gmapping)
[2.556s] Level 1:colcon.colcon_core.environment:create_environment_scripts_only(openslam_gmapping)
[2.557s] Level 1:colcon.colcon_core.environment:checking '/home/motaz/iris_files/iris/install/openslam_gmapping' for CMake module files
[2.559s] Level 1:colcon.colcon_core.environment:checking '/home/motaz/iris_files/iris/install/openslam_gmapping' for CMake config files
[2.559s] Level 1:colcon.colcon_core.shell:create_environment_hook('openslam_gmapping', 'cmake_prefix_path')
[2.560s] INFO:colcon.colcon_core.shell:Creating environment hook '/home/motaz/iris_files/iris/install/openslam_gmapping/share/openslam_gmapping/hook/cmake_prefix_path.ps1'
[2.561s] INFO:colcon.colcon_core.shell:Creating environment descriptor '/home/motaz/iris_files/iris/install/openslam_gmapping/share/openslam_gmapping/hook/cmake_prefix_path.dsv'
[2.561s] INFO:colcon.colcon_core.shell:Creating environment hook '/home/motaz/iris_files/iris/install/openslam_gmapping/share/openslam_gmapping/hook/cmake_prefix_path.sh'
[2.562s] Level 1:colcon.colcon_core.environment:checking '/home/motaz/iris_files/iris/install/openslam_gmapping/lib'
[2.562s] Level 1:colcon.colcon_core.environment:checking '/home/motaz/iris_files/iris/install/openslam_gmapping/bin'
[2.562s] Level 1:colcon.colcon_core.environment:checking '/home/motaz/iris_files/iris/install/openslam_gmapping/lib/pkgconfig/openslam_gmapping.pc'
[2.563s] Level 1:colcon.colcon_core.environment:checking '/home/motaz/iris_files/iris/install/openslam_gmapping/lib/python3.10/site-packages'
[2.563s] Level 1:colcon.colcon_core.environment:checking '/home/motaz/iris_files/iris/install/openslam_gmapping/bin'
[2.564s] INFO:colcon.colcon_core.shell:Creating package script '/home/motaz/iris_files/iris/install/openslam_gmapping/share/openslam_gmapping/package.ps1'
[2.568s] INFO:colcon.colcon_core.shell:Creating package descriptor '/home/motaz/iris_files/iris/install/openslam_gmapping/share/openslam_gmapping/package.dsv'
[2.574s] INFO:colcon.colcon_core.shell:Creating package script '/home/motaz/iris_files/iris/install/openslam_gmapping/share/openslam_gmapping/package.sh'
[2.577s] INFO:colcon.colcon_core.shell:Creating package script '/home/motaz/iris_files/iris/install/openslam_gmapping/share/openslam_gmapping/package.bash'
[2.580s] INFO:colcon.colcon_core.shell:Creating package script '/home/motaz/iris_files/iris/install/openslam_gmapping/share/openslam_gmapping/package.zsh'
[2.586s] Level 1:colcon.colcon_core.environment:create_file_with_runtime_dependencies(/home/motaz/iris_files/iris/install/openslam_gmapping/share/colcon-core/packages/openslam_gmapping)
[2.589s] INFO:colcon.colcon_ros.task.ament_cmake.build:Building ROS package in '/home/motaz/iris_files/iris/src/slam_gmapping/slam_gmapping' with build type 'ament_cmake'
[2.589s] INFO:colcon.colcon_cmake.task.cmake.build:Building CMake package in '/home/motaz/iris_files/iris/src/slam_gmapping/slam_gmapping'
[2.590s] INFO:colcon.colcon_core.shell:Skip shell extension 'powershell' for command environment: Not usable outside of PowerShell
[2.590s] DEBUG:colcon.colcon_core.shell:Skip shell extension 'dsv' for command environment
[2.625s] DEBUG:colcon.colcon_core.event_handler.log_command:Invoking command in '/home/motaz/iris_files/iris/build/slam_gmapping': AMENT_PREFIX_PATH=/home/motaz/iris_files/iris/install/openslam_gmapping:${AMENT_PREFIX_PATH} CMAKE_PREFIX_PATH=/home/motaz/iris_files/iris/install/openslam_gmapping:/opt/ros/humble LD_LIBRARY_PATH=/home/motaz/iris_files/iris/install/openslam_gmapping/lib:${LD_LIBRARY_PATH} /usr/bin/cmake --build /home/motaz/iris_files/iris/build/slam_gmapping -- -j8 -l8
[2.893s] DEBUG:colcon.colcon_core.event_handler.log_command:Invoked command in '/home/motaz/iris_files/iris/build/slam_gmapping' returned '0': AMENT_PREFIX_PATH=/home/motaz/iris_files/iris/install/openslam_gmapping:${AMENT_PREFIX_PATH} CMAKE_PREFIX_PATH=/home/motaz/iris_files/iris/install/openslam_gmapping:/opt/ros/humble LD_LIBRARY_PATH=/home/motaz/iris_files/iris/install/openslam_gmapping/lib:${LD_LIBRARY_PATH} /usr/bin/cmake --build /home/motaz/iris_files/iris/build/slam_gmapping -- -j8 -l8
[2.978s] DEBUG:colcon.colcon_core.event_handler.log_command:Invoking command in '/home/motaz/iris_files/iris/build/slam_gmapping': AMENT_PREFIX_PATH=/home/motaz/iris_files/iris/install/openslam_gmapping:${AMENT_PREFIX_PATH} CMAKE_PREFIX_PATH=/home/motaz/iris_files/iris/install/openslam_gmapping:/opt/ros/humble LD_LIBRARY_PATH=/home/motaz/iris_files/iris/install/openslam_gmapping/lib:${LD_LIBRARY_PATH} /usr/bin/cmake --install /home/motaz/iris_files/iris/build/slam_gmapping
[3.015s] Level 1:colcon.colcon_core.environment:create_environment_scripts_only(slam_gmapping)
[3.016s] Level 1:colcon.colcon_core.environment:checking '/home/motaz/iris_files/iris/install/slam_gmapping' for CMake module files
[3.018s] DEBUG:colcon.colcon_core.event_handler.log_command:Invoked command in '/home/motaz/iris_files/iris/build/slam_gmapping' returned '0': AMENT_PREFIX_PATH=/home/motaz/iris_files/iris/install/openslam_gmapping:${AMENT_PREFIX_PATH} CMAKE_PREFIX_PATH=/home/motaz/iris_files/iris/install/openslam_gmapping:/opt/ros/humble LD_LIBRARY_PATH=/home/motaz/iris_files/iris/install/openslam_gmapping/lib:${LD_LIBRARY_PATH} /usr/bin/cmake --install /home/motaz/iris_files/iris/build/slam_gmapping
[3.020s] Level 1:colcon.colcon_core.environment:checking '/home/motaz/iris_files/iris/install/slam_gmapping' for CMake config files
[3.021s] Level 1:colcon.colcon_core.shell:create_environment_hook('slam_gmapping', 'cmake_prefix_path')
[3.023s] INFO:colcon.colcon_core.shell:Creating environment hook '/home/motaz/iris_files/iris/install/slam_gmapping/share/slam_gmapping/hook/cmake_prefix_path.ps1'
[3.026s] INFO:colcon.colcon_core.shell:Creating environment descriptor '/home/motaz/iris_files/iris/install/slam_gmapping/share/slam_gmapping/hook/cmake_prefix_path.dsv'
[3.031s] INFO:colcon.colcon_core.shell:Creating environment hook '/home/motaz/iris_files/iris/install/slam_gmapping/share/slam_gmapping/hook/cmake_prefix_path.sh'
[3.034s] Level 1:colcon.colcon_core.environment:checking '/home/motaz/iris_files/iris/install/slam_gmapping/lib'
[3.034s] Level 1:colcon.colcon_core.environment:checking '/home/motaz/iris_files/iris/install/slam_gmapping/bin'
[3.034s] Level 1:colcon.colcon_core.environment:checking '/home/motaz/iris_files/iris/install/slam_gmapping/lib/pkgconfig/slam_gmapping.pc'
[3.034s] Level 1:colcon.colcon_core.environment:checking '/home/motaz/iris_files/iris/install/slam_gmapping/lib/python3.10/site-packages'
[3.035s] Level 1:colcon.colcon_core.environment:checking '/home/motaz/iris_files/iris/install/slam_gmapping/bin'
[3.035s] INFO:colcon.colcon_core.shell:Creating package script '/home/motaz/iris_files/iris/install/slam_gmapping/share/slam_gmapping/package.ps1'
[3.036s] INFO:colcon.colcon_core.shell:Creating package descriptor '/home/motaz/iris_files/iris/install/slam_gmapping/share/slam_gmapping/package.dsv'
[3.036s] INFO:colcon.colcon_core.shell:Creating package script '/home/motaz/iris_files/iris/install/slam_gmapping/share/slam_gmapping/package.sh'
[3.037s] INFO:colcon.colcon_core.shell:Creating package script '/home/motaz/iris_files/iris/install/slam_gmapping/share/slam_gmapping/package.bash'
[3.037s] INFO:colcon.colcon_core.shell:Creating package script '/home/motaz/iris_files/iris/install/slam_gmapping/share/slam_gmapping/package.zsh'
[3.038s] Level 1:colcon.colcon_core.environment:create_file_with_runtime_dependencies(/home/motaz/iris_files/iris/install/slam_gmapping/share/colcon-core/packages/slam_gmapping)
[3.127s] Level 1:colcon.colcon_core.environment:create_environment_scripts_only(slam_gmapping)
[3.128s] Level 1:colcon.colcon_core.environment:checking '/home/motaz/iris_files/iris/install/slam_gmapping' for CMake module files
[3.128s] Level 1:colcon.colcon_core.environment:checking '/home/motaz/iris_files/iris/install/slam_gmapping' for CMake config files
[3.128s] Level 1:colcon.colcon_core.shell:create_environment_hook('slam_gmapping', 'cmake_prefix_path')
[3.129s] INFO:colcon.colcon_core.shell:Creating environment hook '/home/motaz/iris_files/iris/install/slam_gmapping/share/slam_gmapping/hook/cmake_prefix_path.ps1'
[3.130s] INFO:colcon.colcon_core.shell:Creating environment descriptor '/home/motaz/iris_files/iris/install/slam_gmapping/share/slam_gmapping/hook/cmake_prefix_path.dsv'
[3.132s] INFO:colcon.colcon_core.shell:Creating environment hook '/home/motaz/iris_files/iris/install/slam_gmapping/share/slam_gmapping/hook/cmake_prefix_path.sh'
[3.136s] Level 1:colcon.colcon_core.environment:checking '/home/motaz/iris_files/iris/install/slam_gmapping/lib'
[3.137s] Level 1:colcon.colcon_core.environment:checking '/home/motaz/iris_files/iris/install/slam_gmapping/bin'
[3.137s] Level 1:colcon.colcon_core.environment:checking '/home/motaz/iris_files/iris/install/slam_gmapping/lib/pkgconfig/slam_gmapping.pc'
[3.138s] Level 1:colcon.colcon_core.environment:checking '/home/motaz/iris_files/iris/install/slam_gmapping/lib/python3.10/site-packages'
[3.139s] Level 1:colcon.colcon_core.environment:checking '/home/motaz/iris_files/iris/install/slam_gmapping/bin'
[3.141s] INFO:colcon.colcon_core.shell:Creating package script '/home/motaz/iris_files/iris/install/slam_gmapping/share/slam_gmapping/package.ps1'
[3.144s] INFO:colcon.colcon_core.shell:Creating package descriptor '/home/motaz/iris_files/iris/install/slam_gmapping/share/slam_gmapping/package.dsv'
[3.148s] INFO:colcon.colcon_core.shell:Creating package script '/home/motaz/iris_files/iris/install/slam_gmapping/share/slam_gmapping/package.sh'
[3.152s] INFO:colcon.colcon_core.shell:Creating package script '/home/motaz/iris_files/iris/install/slam_gmapping/share/slam_gmapping/package.bash'
[3.154s] INFO:colcon.colcon_core.shell:Creating package script '/home/motaz/iris_files/iris/install/slam_gmapping/share/slam_gmapping/package.zsh'
[3.197s] Level 1:colcon.colcon_core.environment:create_file_with_runtime_dependencies(/home/motaz/iris_files/iris/install/slam_gmapping/share/colcon-core/packages/slam_gmapping)
[4.818s] DEBUG:colcon.colcon_core.event_handler.log_command:Invoking command in '/home/motaz/iris_files/iris/src/iris_drone': PYTHONPATH=/home/motaz/iris_files/iris/build/iris_drone/prefix_override:/usr/lib/python3/dist-packages/colcon_core/task/python/colcon_distutils_commands:/home/motaz/iris_files/iris/install/iris_drone/lib/python3.10/site-packages:${PYTHONPATH} /usr/bin/python3 -W ignore:setup.py install is deprecated setup.py egg_info --egg-base ../../build/iris_drone build --build-base /home/motaz/iris_files/iris/build/iris_drone/build install --record /home/motaz/iris_files/iris/build/iris_drone/install.log --single-version-externally-managed install_data
[6.813s] Level 1:colcon.colcon_core.environment:checking '/home/motaz/iris_files/iris/install/iris_drone' for CMake module files
[6.814s] DEBUG:colcon.colcon_core.event_handler.log_command:Invoked command in '/home/motaz/iris_files/iris/src/iris_drone' returned '0': PYTHONPATH=/home/motaz/iris_files/iris/build/iris_drone/prefix_override:/usr/lib/python3/dist-packages/colcon_core/task/python/colcon_distutils_commands:/home/motaz/iris_files/iris/install/iris_drone/lib/python3.10/site-packages:${PYTHONPATH} /usr/bin/python3 -W ignore:setup.py install is deprecated setup.py egg_info --egg-base ../../build/iris_drone build --build-base /home/motaz/iris_files/iris/build/iris_drone/build install --record /home/motaz/iris_files/iris/build/iris_drone/install.log --single-version-externally-managed install_data
[6.816s] Level 1:colcon.colcon_core.environment:checking '/home/motaz/iris_files/iris/install/iris_drone' for CMake config files
[6.818s] Level 1:colcon.colcon_core.environment:checking '/home/motaz/iris_files/iris/install/iris_drone/lib'
[6.819s] Level 1:colcon.colcon_core.environment:checking '/home/motaz/iris_files/iris/install/iris_drone/bin'
[6.820s] Level 1:colcon.colcon_core.environment:checking '/home/motaz/iris_files/iris/install/iris_drone/lib/pkgconfig/iris_drone.pc'
[6.821s] Level 1:colcon.colcon_core.environment:checking '/home/motaz/iris_files/iris/install/iris_drone/lib/python3.10/site-packages'
[6.822s] Level 1:colcon.colcon_core.shell:create_environment_hook('iris_drone', 'pythonpath')
[6.823s] INFO:colcon.colcon_core.shell:Creating environment hook '/home/motaz/iris_files/iris/install/iris_drone/share/iris_drone/hook/pythonpath.ps1'
[6.825s] INFO:colcon.colcon_core.shell:Creating environment descriptor '/home/motaz/iris_files/iris/install/iris_drone/share/iris_drone/hook/pythonpath.dsv'
[6.826s] INFO:colcon.colcon_core.shell:Creating environment hook '/home/motaz/iris_files/iris/install/iris_drone/share/iris_drone/hook/pythonpath.sh'
[6.831s] Level 1:colcon.colcon_core.environment:checking '/home/motaz/iris_files/iris/install/iris_drone/bin'
[6.832s] Level 1:colcon.colcon_core.environment:create_environment_scripts_only(iris_drone)
[6.833s] INFO:colcon.colcon_core.shell:Creating package script '/home/motaz/iris_files/iris/install/iris_drone/share/iris_drone/package.ps1'
[6.834s] INFO:colcon.colcon_core.shell:Creating package descriptor '/home/motaz/iris_files/iris/install/iris_drone/share/iris_drone/package.dsv'
[6.835s] INFO:colcon.colcon_core.shell:Creating package script '/home/motaz/iris_files/iris/install/iris_drone/share/iris_drone/package.sh'
[6.836s] INFO:colcon.colcon_core.shell:Creating package script '/home/motaz/iris_files/iris/install/iris_drone/share/iris_drone/package.bash'
[6.836s] INFO:colcon.colcon_core.shell:Creating package script '/home/motaz/iris_files/iris/install/iris_drone/share/iris_drone/package.zsh'
[6.836s] Level 1:colcon.colcon_core.environment:create_file_with_runtime_dependencies(/home/motaz/iris_files/iris/install/iris_drone/share/colcon-core/packages/iris_drone)
[6.837s] DEBUG:colcon.colcon_parallel_executor.executor.parallel:closing loop
[6.837s] DEBUG:colcon.colcon_parallel_executor.executor.parallel:loop closed
[6.837s] DEBUG:colcon.colcon_parallel_executor.executor.parallel:run_until_complete finished with '0'
[6.837s] DEBUG:colcon.colcon_core.event_reactor:joining thread
[6.850s] INFO:colcon.colcon_core.plugin_system:Skipping extension 'colcon_notification.desktop_notification.terminal_notifier': Not used on non-Darwin systems
[6.851s] INFO:colcon.colcon_core.plugin_system:Skipping extension 'colcon_notification.desktop_notification.win32': Not used on non-Windows systems
[6.853s] INFO:colcon.colcon_notification.desktop_notification:Sending desktop notification using 'notify2'
[6.892s] DEBUG:colcon.colcon_core.event_reactor:joined thread
[6.892s] INFO:colcon.colcon_core.shell:Creating prefix script '/home/motaz/iris_files/iris/install/local_setup.ps1'
[6.893s] INFO:colcon.colcon_core.shell:Creating prefix util module '/home/motaz/iris_files/iris/install/_local_setup_util_ps1.py'
[6.899s] INFO:colcon.colcon_core.shell:Creating prefix chain script '/home/motaz/iris_files/iris/install/setup.ps1'
[6.902s] INFO:colcon.colcon_core.shell:Creating prefix script '/home/motaz/iris_files/iris/install/local_setup.sh'
[6.905s] INFO:colcon.colcon_core.shell:Creating prefix util module '/home/motaz/iris_files/iris/install/_local_setup_util_sh.py'
[6.907s] INFO:colcon.colcon_core.shell:Creating prefix chain script '/home/motaz/iris_files/iris/install/setup.sh'
[6.915s] INFO:colcon.colcon_core.shell:Creating prefix script '/home/motaz/iris_files/iris/install/local_setup.bash'
[6.919s] INFO:colcon.colcon_core.shell:Creating prefix chain script '/home/motaz/iris_files/iris/install/setup.bash'
[6.922s] INFO:colcon.colcon_core.shell:Creating prefix script '/home/motaz/iris_files/iris/install/local_setup.zsh'
[6.923s] INFO:colcon.colcon_core.shell:Creating prefix chain script '/home/motaz/iris_files/iris/install/setup.zsh'
