[7.533s] Invoking command in '/home/motaz/iris_files/iris/src/iris_drone': PYTHONPATH=/home/motaz/iris_files/iris/build/iris_drone/prefix_override:/usr/lib/python3/dist-packages/colcon_core/task/python/colcon_distutils_commands:/home/motaz/iris_files/iris/install/iris_drone/lib/python3.10/site-packages:${PYTHONPATH} /usr/bin/python3 -W ignore:setup.py install is deprecated setup.py egg_info --egg-base ../../build/iris_drone build --build-base /home/motaz/iris_files/iris/build/iris_drone/build install --record /home/motaz/iris_files/iris/build/iris_drone/install.log --single-version-externally-managed install_data
[9.255s] running egg_info
[9.377s] writing ../../build/iris_drone/iris_drone.egg-info/PKG-INFO
[9.390s] writing dependency_links to ../../build/iris_drone/iris_drone.egg-info/dependency_links.txt
[9.392s] writing entry points to ../../build/iris_drone/iris_drone.egg-info/entry_points.txt
[9.394s] writing requirements to ../../build/iris_drone/iris_drone.egg-info/requires.txt
[9.395s] writing top-level names to ../../build/iris_drone/iris_drone.egg-info/top_level.txt
[9.625s] reading manifest file '../../build/iris_drone/iris_drone.egg-info/SOURCES.txt'
[9.647s] writing manifest file '../../build/iris_drone/iris_drone.egg-info/SOURCES.txt'
[9.648s] running build
[9.649s] running build_py
[9.650s] copying iris_drone/mission.py -> /home/motaz/iris_files/iris/build/iris_drone/build/lib/iris_drone
[9.656s] running install
[9.679s] running install_lib
[9.819s] running install_data
[9.821s] copying package.xml -> /home/motaz/iris_files/iris/install/iris_drone/share/iris_drone
[9.826s] copying launch/iris.launch.py -> /home/motaz/iris_files/iris/install/iris_drone/share/iris_drone/launch
[9.829s] copying worlds/odeh.world -> /home/motaz/iris_files/iris/install/iris_drone/share/iris_drone/worlds
[9.832s] copying urdf/iris_demo.xacro -> /home/motaz/iris_files/iris/install/iris_drone/share/iris_drone/urdf
[9.835s] running install_egg_info
[9.952s] removing '/home/motaz/iris_files/iris/install/iris_drone/lib/python3.10/site-packages/iris_drone-0.0.0-py3.10.egg-info' (and everything under it)
[9.952s] Copying ../../build/iris_drone/iris_drone.egg-info to /home/motaz/iris_files/iris/install/iris_drone/lib/python3.10/site-packages/iris_drone-0.0.0-py3.10.egg-info
[9.962s] running install_scripts
[11.024s] Installing ardupilot script to /home/motaz/iris_files/iris/install/iris_drone/lib/iris_drone
[11.025s] Installing mission script to /home/motaz/iris_files/iris/install/iris_drone/lib/iris_drone
[11.027s] Installing odom_pub script to /home/motaz/iris_files/iris/install/iris_drone/lib/iris_drone
[11.028s] Installing tf_pub script to /home/motaz/iris_files/iris/install/iris_drone/lib/iris_drone
[11.032s] writing list of installed files to '/home/motaz/iris_files/iris/build/iris_drone/install.log'
[11.329s] Invoked command in '/home/motaz/iris_files/iris/src/iris_drone' returned '0': PYTHONPATH=/home/motaz/iris_files/iris/build/iris_drone/prefix_override:/usr/lib/python3/dist-packages/colcon_core/task/python/colcon_distutils_commands:/home/motaz/iris_files/iris/install/iris_drone/lib/python3.10/site-packages:${PYTHONPATH} /usr/bin/python3 -W ignore:setup.py install is deprecated setup.py egg_info --egg-base ../../build/iris_drone build --build-base /home/motaz/iris_files/iris/build/iris_drone/build install --record /home/motaz/iris_files/iris/build/iris_drone/install.log --single-version-externally-managed install_data
