[8.508s] Invoking command in '/home/motaz/iris_files/iris/src/iris_drone': PYTHONPATH=/home/motaz/iris_files/iris/build/iris_drone/prefix_override:/usr/lib/python3/dist-packages/colcon_core/task/python/colcon_distutils_commands:/home/motaz/iris_files/iris/install/iris_drone/lib/python3.10/site-packages:${PYTHONPATH} /usr/bin/python3 -W ignore:setup.py install is deprecated setup.py egg_info --egg-base ../../build/iris_drone build --build-base /home/motaz/iris_files/iris/build/iris_drone/build install --record /home/motaz/iris_files/iris/build/iris_drone/install.log --single-version-externally-managed install_data
[10.535s] running egg_info
[10.666s] writing ../../build/iris_drone/iris_drone.egg-info/PKG-INFO
[10.676s] writing dependency_links to ../../build/iris_drone/iris_drone.egg-info/dependency_links.txt
[10.678s] writing entry points to ../../build/iris_drone/iris_drone.egg-info/entry_points.txt
[10.679s] writing requirements to ../../build/iris_drone/iris_drone.egg-info/requires.txt
[10.684s] writing top-level names to ../../build/iris_drone/iris_drone.egg-info/top_level.txt
[11.001s] reading manifest file '../../build/iris_drone/iris_drone.egg-info/SOURCES.txt'
[11.009s] writing manifest file '../../build/iris_drone/iris_drone.egg-info/SOURCES.txt'
[11.013s] running build
[11.015s] running build_py
[11.017s] copying iris_drone/mission.py -> /home/motaz/iris_files/iris/build/iris_drone/build/lib/iris_drone
[11.019s] running install
[11.050s] running install_lib
[11.204s] running install_data
[11.208s] copying package.xml -> /home/motaz/iris_files/iris/install/iris_drone/share/iris_drone
[11.208s] copying launch/iris.launch.py -> /home/motaz/iris_files/iris/install/iris_drone/share/iris_drone/launch
[11.209s] copying worlds/odeh.world -> /home/motaz/iris_files/iris/install/iris_drone/share/iris_drone/worlds
[11.209s] copying urdf/iris_demo.xacro -> /home/motaz/iris_files/iris/install/iris_drone/share/iris_drone/urdf
[11.212s] running install_egg_info
[11.388s] removing '/home/motaz/iris_files/iris/install/iris_drone/lib/python3.10/site-packages/iris_drone-0.0.0-py3.10.egg-info' (and everything under it)
[11.389s] Copying ../../build/iris_drone/iris_drone.egg-info to /home/motaz/iris_files/iris/install/iris_drone/lib/python3.10/site-packages/iris_drone-0.0.0-py3.10.egg-info
[11.396s] running install_scripts
[12.758s] Installing ardupilot script to /home/motaz/iris_files/iris/install/iris_drone/lib/iris_drone
[12.764s] Installing mission script to /home/motaz/iris_files/iris/install/iris_drone/lib/iris_drone
[12.765s] Installing odom_pub script to /home/motaz/iris_files/iris/install/iris_drone/lib/iris_drone
[12.772s] Installing tf_pub script to /home/motaz/iris_files/iris/install/iris_drone/lib/iris_drone
[12.773s] writing list of installed files to '/home/motaz/iris_files/iris/build/iris_drone/install.log'
[13.159s] Invoked command in '/home/motaz/iris_files/iris/src/iris_drone' returned '0': PYTHONPATH=/home/motaz/iris_files/iris/build/iris_drone/prefix_override:/usr/lib/python3/dist-packages/colcon_core/task/python/colcon_distutils_commands:/home/motaz/iris_files/iris/install/iris_drone/lib/python3.10/site-packages:${PYTHONPATH} /usr/bin/python3 -W ignore:setup.py install is deprecated setup.py egg_info --egg-base ../../build/iris_drone build --build-base /home/motaz/iris_files/iris/build/iris_drone/build install --record /home/motaz/iris_files/iris/build/iris_drone/install.log --single-version-externally-managed install_data
