[9.939s] Invoking command in '/home/motaz/iris_files/iris/src/iris_drone': PYTHONPATH=/home/motaz/iris_files/iris/build/iris_drone/prefix_override:/usr/lib/python3/dist-packages/colcon_core/task/python/colcon_distutils_commands:/home/motaz/iris_files/iris/install/iris_drone/lib/python3.10/site-packages:${PYTHONPATH} /usr/bin/python3 -W ignore:setup.py install is deprecated setup.py egg_info --egg-base ../../build/iris_drone build --build-base /home/motaz/iris_files/iris/build/iris_drone/build install --record /home/motaz/iris_files/iris/build/iris_drone/install.log --single-version-externally-managed install_data
[12.557s] running egg_info
[12.725s] writing ../../build/iris_drone/iris_drone.egg-info/PKG-INFO
[12.731s] writing dependency_links to ../../build/iris_drone/iris_drone.egg-info/dependency_links.txt
[12.733s] writing entry points to ../../build/iris_drone/iris_drone.egg-info/entry_points.txt
[12.736s] writing requirements to ../../build/iris_drone/iris_drone.egg-info/requires.txt
[12.736s] writing top-level names to ../../build/iris_drone/iris_drone.egg-info/top_level.txt
[13.074s] reading manifest file '../../build/iris_drone/iris_drone.egg-info/SOURCES.txt'
[13.086s] writing manifest file '../../build/iris_drone/iris_drone.egg-info/SOURCES.txt'
[13.090s] running build
[13.090s] running build_py
[13.090s] copying iris_drone/mission.py -> /home/motaz/iris_files/iris/build/iris_drone/build/lib/iris_drone
[13.091s] running install
[13.125s] running install_lib
[13.309s] running install_data
[13.311s] copying package.xml -> /home/motaz/iris_files/iris/install/iris_drone/share/iris_drone
[13.314s] copying launch/iris.launch.py -> /home/motaz/iris_files/iris/install/iris_drone/share/iris_drone/launch
[13.323s] copying worlds/odeh.world -> /home/motaz/iris_files/iris/install/iris_drone/share/iris_drone/worlds
[13.328s] copying urdf/iris_demo.xacro -> /home/motaz/iris_files/iris/install/iris_drone/share/iris_drone/urdf
[13.330s] running install_egg_info
[13.522s] removing '/home/motaz/iris_files/iris/install/iris_drone/lib/python3.10/site-packages/iris_drone-0.0.0-py3.10.egg-info' (and everything under it)
[13.533s] Copying ../../build/iris_drone/iris_drone.egg-info to /home/motaz/iris_files/iris/install/iris_drone/lib/python3.10/site-packages/iris_drone-0.0.0-py3.10.egg-info
[13.543s] running install_scripts
[14.906s] Installing ardupilot script to /home/motaz/iris_files/iris/install/iris_drone/lib/iris_drone
[14.909s] Installing mission script to /home/motaz/iris_files/iris/install/iris_drone/lib/iris_drone
[14.912s] Installing odom_pub script to /home/motaz/iris_files/iris/install/iris_drone/lib/iris_drone
[14.914s] Installing tf_pub script to /home/motaz/iris_files/iris/install/iris_drone/lib/iris_drone
[14.915s] writing list of installed files to '/home/motaz/iris_files/iris/build/iris_drone/install.log'
[15.275s] Invoked command in '/home/motaz/iris_files/iris/src/iris_drone' returned '0': PYTHONPATH=/home/motaz/iris_files/iris/build/iris_drone/prefix_override:/usr/lib/python3/dist-packages/colcon_core/task/python/colcon_distutils_commands:/home/motaz/iris_files/iris/install/iris_drone/lib/python3.10/site-packages:${PYTHONPATH} /usr/bin/python3 -W ignore:setup.py install is deprecated setup.py egg_info --egg-base ../../build/iris_drone build --build-base /home/motaz/iris_files/iris/build/iris_drone/build install --record /home/motaz/iris_files/iris/build/iris_drone/install.log --single-version-externally-managed install_data
