[0.082s] Invoking command in '/home/motaz/iris_files/iris/build/slam_gmapping': AMENT_PREFIX_PATH=/home/motaz/iris_files/iris/install/openslam_gmapping:${AMENT_PREFIX_PATH} CMAKE_PREFIX_PATH=/home/motaz/iris_files/iris/install/openslam_gmapping:/opt/ros/humble LD_LIBRARY_PATH=/home/motaz/iris_files/iris/install/openslam_gmapping/lib:${LD_LIBRARY_PATH} /usr/bin/cmake --build /home/motaz/iris_files/iris/build/slam_gmapping -- -j8 -l8
[0.561s] [100%] Built target slam_gmapping
[0.646s] Invoked command in '/home/motaz/iris_files/iris/build/slam_gmapping' returned '0': AMENT_PREFIX_PATH=/home/motaz/iris_files/iris/install/openslam_gmapping:${AMENT_PREFIX_PATH} CMAKE_PREFIX_PATH=/home/motaz/iris_files/iris/install/openslam_gmapping:/opt/ros/humble LD_LIBRARY_PATH=/home/motaz/iris_files/iris/install/openslam_gmapping/lib:${LD_LIBRARY_PATH} /usr/bin/cmake --build /home/motaz/iris_files/iris/build/slam_gmapping -- -j8 -l8
[0.838s] Invoking command in '/home/motaz/iris_files/iris/build/slam_gmapping': AMENT_PREFIX_PATH=/home/motaz/iris_files/iris/install/openslam_gmapping:${AMENT_PREFIX_PATH} CMAKE_PREFIX_PATH=/home/motaz/iris_files/iris/install/openslam_gmapping:/opt/ros/humble LD_LIBRARY_PATH=/home/motaz/iris_files/iris/install/openslam_gmapping/lib:${LD_LIBRARY_PATH} /usr/bin/cmake --install /home/motaz/iris_files/iris/build/slam_gmapping
[0.902s] -- Install configuration: ""
[0.907s] -- Up-to-date: /home/motaz/iris_files/iris/install/slam_gmapping/lib/slam_gmapping/slam_gmapping
[0.908s] -- Up-to-date: /home/motaz/iris_files/iris/install/slam_gmapping/share/slam_gmapping/launch
[0.908s] -- Up-to-date: /home/motaz/iris_files/iris/install/slam_gmapping/share/slam_gmapping/launch/slam_gmapping.launch.py
[0.910s] -- Up-to-date: /home/motaz/iris_files/iris/install/slam_gmapping/share/ament_index/resource_index/package_run_dependencies/slam_gmapping
[0.911s] -- Up-to-date: /home/motaz/iris_files/iris/install/slam_gmapping/share/ament_index/resource_index/parent_prefix_path/slam_gmapping
[0.919s] -- Up-to-date: /home/motaz/iris_files/iris/install/slam_gmapping/share/slam_gmapping/environment/ament_prefix_path.sh
[0.921s] -- Up-to-date: /home/motaz/iris_files/iris/install/slam_gmapping/share/slam_gmapping/environment/ament_prefix_path.dsv
[0.921s] -- Up-to-date: /home/motaz/iris_files/iris/install/slam_gmapping/share/slam_gmapping/environment/path.sh
[0.921s] -- Up-to-date: /home/motaz/iris_files/iris/install/slam_gmapping/share/slam_gmapping/environment/path.dsv
[0.922s] -- Up-to-date: /home/motaz/iris_files/iris/install/slam_gmapping/share/slam_gmapping/local_setup.bash
[0.922s] -- Up-to-date: /home/motaz/iris_files/iris/install/slam_gmapping/share/slam_gmapping/local_setup.sh
[0.922s] -- Up-to-date: /home/motaz/iris_files/iris/install/slam_gmapping/share/slam_gmapping/local_setup.zsh
[0.923s] -- Up-to-date: /home/motaz/iris_files/iris/install/slam_gmapping/share/slam_gmapping/local_setup.dsv
[0.924s] -- Installing: /home/motaz/iris_files/iris/install/slam_gmapping/share/slam_gmapping/package.dsv
[0.924s] -- Up-to-date: /home/motaz/iris_files/iris/install/slam_gmapping/share/ament_index/resource_index/packages/slam_gmapping
[0.927s] -- Up-to-date: /home/motaz/iris_files/iris/install/slam_gmapping/share/slam_gmapping/cmake/slam_gmappingConfig.cmake
[0.932s] -- Up-to-date: /home/motaz/iris_files/iris/install/slam_gmapping/share/slam_gmapping/cmake/slam_gmappingConfig-version.cmake
[0.941s] -- Up-to-date: /home/motaz/iris_files/iris/install/slam_gmapping/share/slam_gmapping/package.xml
[0.943s] Invoked command in '/home/motaz/iris_files/iris/build/slam_gmapping' returned '0': AMENT_PREFIX_PATH=/home/motaz/iris_files/iris/install/openslam_gmapping:${AMENT_PREFIX_PATH} CMAKE_PREFIX_PATH=/home/motaz/iris_files/iris/install/openslam_gmapping:/opt/ros/humble LD_LIBRARY_PATH=/home/motaz/iris_files/iris/install/openslam_gmapping/lib:${LD_LIBRARY_PATH} /usr/bin/cmake --install /home/motaz/iris_files/iris/build/slam_gmapping
