[1.083s] DEBUG:colcon:Command line arguments: ['/usr/bin/colcon', 'build']
[1.085s] DEBUG:colcon:Parsed command line arguments: Namespace(log_base=None, log_level=None, verb_name='build', build_base='build', install_base='install', merge_install=False, symlink_install=False, test_result_base=None, continue_on_error=False, executor='parallel', parallel_workers=8, event_handlers=None, ignore_user_meta=False, metas=['./colcon.meta'], base_paths=['.'], packages_ignore=None, packages_ignore_regex=None, paths=None, packages_up_to=None, packages_up_to_regex=None, packages_above=None, packages_above_and_dependencies=None, packages_above_depth=None, packages_select_by_dep=None, packages_skip_by_dep=None, packages_skip_up_to=None, packages_select_build_failed=False, packages_skip_build_finished=False, packages_select_test_failures=False, packages_skip_test_passed=False, packages_select=None, packages_skip=None, packages_select_regex=None, packages_skip_regex=None, packages_start=None, packages_end=None, allow_overriding=[], cmake_args=None, cmake_target=None, cmake_target_skip_unavailable=False, cmake_clean_cache=False, cmake_clean_first=False, cmake_force_configure=False, ament_cmake_args=None, catkin_cmake_args=None, catkin_skip_building_tests=False, verb_parser=<colcon_defaults.argument_parser.defaults.DefaultArgumentsDecorator object at 0x7ece6c6415d0>, verb_extension=<colcon_core.verb.build.BuildVerb object at 0x7ece6c6410c0>, main=<bound method BuildVerb.main of <colcon_core.verb.build.BuildVerb object at 0x7ece6c6410c0>>)
[1.365s] Level 1:colcon.colcon_core.package_discovery:discover_packages(colcon_meta) check parameters
[1.366s] Level 1:colcon.colcon_core.package_discovery:discover_packages(recursive) check parameters
[1.366s] Level 1:colcon.colcon_core.package_discovery:discover_packages(ignore) check parameters
[1.366s] Level 1:colcon.colcon_core.package_discovery:discover_packages(path) check parameters
[1.366s] Level 1:colcon.colcon_core.package_discovery:discover_packages(colcon_meta) discover
[1.368s] Level 1:colcon.colcon_core.package_discovery:discover_packages(recursive) discover
[1.368s] INFO:colcon.colcon_core.package_discovery:Crawling recursively for packages in '/home/motaz/iris_files/iris'
[1.369s] Level 1:colcon.colcon_core.package_identification:_identify(.) by extensions ['ignore', 'ignore_ament_install']
[1.370s] Level 1:colcon.colcon_core.package_identification:_identify(.) by extension 'ignore'
[1.370s] Level 1:colcon.colcon_core.package_identification:_identify(.) by extension 'ignore_ament_install'
[1.372s] Level 1:colcon.colcon_core.package_identification:_identify(.) by extensions ['colcon_pkg']
[1.373s] Level 1:colcon.colcon_core.package_identification:_identify(.) by extension 'colcon_pkg'
[1.374s] Level 1:colcon.colcon_core.package_identification:_identify(.) by extensions ['colcon_meta']
[1.375s] Level 1:colcon.colcon_core.package_identification:_identify(.) by extension 'colcon_meta'
[1.376s] Level 1:colcon.colcon_core.package_identification:_identify(.) by extensions ['ros']
[1.377s] Level 1:colcon.colcon_core.package_identification:_identify(.) by extension 'ros'
[1.500s] Level 1:colcon.colcon_core.package_identification:_identify(.) by extensions ['cmake', 'python']
[1.500s] Level 1:colcon.colcon_core.package_identification:_identify(.) by extension 'cmake'
[1.500s] Level 1:colcon.colcon_core.package_identification:_identify(.) by extension 'python'
[1.501s] Level 1:colcon.colcon_core.package_identification:_identify(.) by extensions ['python_setup_py']
[1.501s] Level 1:colcon.colcon_core.package_identification:_identify(.) by extension 'python_setup_py'
[1.501s] Level 1:colcon.colcon_core.package_identification:_identify(build) by extensions ['ignore', 'ignore_ament_install']
[1.501s] Level 1:colcon.colcon_core.package_identification:_identify(build) by extension 'ignore'
[1.501s] Level 1:colcon.colcon_core.package_identification:_identify(build) ignored
[1.501s] Level 1:colcon.colcon_core.package_identification:_identify(install) by extensions ['ignore', 'ignore_ament_install']
[1.501s] Level 1:colcon.colcon_core.package_identification:_identify(install) by extension 'ignore'
[1.501s] Level 1:colcon.colcon_core.package_identification:_identify(install) ignored
[1.502s] Level 1:colcon.colcon_core.package_identification:_identify(log) by extensions ['ignore', 'ignore_ament_install']
[1.502s] Level 1:colcon.colcon_core.package_identification:_identify(log) by extension 'ignore'
[1.502s] Level 1:colcon.colcon_core.package_identification:_identify(log) ignored
[1.502s] Level 1:colcon.colcon_core.package_identification:_identify(logs) by extensions ['ignore', 'ignore_ament_install']
[1.502s] Level 1:colcon.colcon_core.package_identification:_identify(logs) by extension 'ignore'
[1.502s] Level 1:colcon.colcon_core.package_identification:_identify(logs) by extension 'ignore_ament_install'
[1.502s] Level 1:colcon.colcon_core.package_identification:_identify(logs) by extensions ['colcon_pkg']
[1.502s] Level 1:colcon.colcon_core.package_identification:_identify(logs) by extension 'colcon_pkg'
[1.502s] Level 1:colcon.colcon_core.package_identification:_identify(logs) by extensions ['colcon_meta']
[1.502s] Level 1:colcon.colcon_core.package_identification:_identify(logs) by extension 'colcon_meta'
[1.502s] Level 1:colcon.colcon_core.package_identification:_identify(logs) by extensions ['ros']
[1.502s] Level 1:colcon.colcon_core.package_identification:_identify(logs) by extension 'ros'
[1.502s] Level 1:colcon.colcon_core.package_identification:_identify(logs) by extensions ['cmake', 'python']
[1.503s] Level 1:colcon.colcon_core.package_identification:_identify(logs) by extension 'cmake'
[1.503s] Level 1:colcon.colcon_core.package_identification:_identify(logs) by extension 'python'
[1.503s] Level 1:colcon.colcon_core.package_identification:_identify(logs) by extensions ['python_setup_py']
[1.503s] Level 1:colcon.colcon_core.package_identification:_identify(logs) by extension 'python_setup_py'
[1.504s] Level 1:colcon.colcon_core.package_identification:_identify(src) by extensions ['ignore', 'ignore_ament_install']
[1.505s] Level 1:colcon.colcon_core.package_identification:_identify(src) by extension 'ignore'
[1.506s] Level 1:colcon.colcon_core.package_identification:_identify(src) by extension 'ignore_ament_install'
[1.507s] Level 1:colcon.colcon_core.package_identification:_identify(src) by extensions ['colcon_pkg']
[1.507s] Level 1:colcon.colcon_core.package_identification:_identify(src) by extension 'colcon_pkg'
[1.508s] Level 1:colcon.colcon_core.package_identification:_identify(src) by extensions ['colcon_meta']
[1.508s] Level 1:colcon.colcon_core.package_identification:_identify(src) by extension 'colcon_meta'
[1.508s] Level 1:colcon.colcon_core.package_identification:_identify(src) by extensions ['ros']
[1.508s] Level 1:colcon.colcon_core.package_identification:_identify(src) by extension 'ros'
[1.508s] Level 1:colcon.colcon_core.package_identification:_identify(src) by extensions ['cmake', 'python']
[1.508s] Level 1:colcon.colcon_core.package_identification:_identify(src) by extension 'cmake'
[1.509s] Level 1:colcon.colcon_core.package_identification:_identify(src) by extension 'python'
[1.509s] Level 1:colcon.colcon_core.package_identification:_identify(src) by extensions ['python_setup_py']
[1.509s] Level 1:colcon.colcon_core.package_identification:_identify(src) by extension 'python_setup_py'
[1.510s] Level 1:colcon.colcon_core.package_identification:_identify(src/iris_drone) by extensions ['ignore', 'ignore_ament_install']
[1.511s] Level 1:colcon.colcon_core.package_identification:_identify(src/iris_drone) by extension 'ignore'
[1.512s] Level 1:colcon.colcon_core.package_identification:_identify(src/iris_drone) by extension 'ignore_ament_install'
[1.512s] Level 1:colcon.colcon_core.package_identification:_identify(src/iris_drone) by extensions ['colcon_pkg']
[1.512s] Level 1:colcon.colcon_core.package_identification:_identify(src/iris_drone) by extension 'colcon_pkg'
[1.512s] Level 1:colcon.colcon_core.package_identification:_identify(src/iris_drone) by extensions ['colcon_meta']
[1.512s] Level 1:colcon.colcon_core.package_identification:_identify(src/iris_drone) by extension 'colcon_meta'
[1.513s] Level 1:colcon.colcon_core.package_identification:_identify(src/iris_drone) by extensions ['ros']
[1.513s] Level 1:colcon.colcon_core.package_identification:_identify(src/iris_drone) by extension 'ros'
[1.533s] DEBUG:colcon.colcon_core.package_identification:Package 'src/iris_drone' with type 'ros.ament_python' and name 'iris_drone'
[1.534s] Level 1:colcon.colcon_core.package_identification:_identify(src/slam_gmapping) by extensions ['ignore', 'ignore_ament_install']
[1.534s] Level 1:colcon.colcon_core.package_identification:_identify(src/slam_gmapping) by extension 'ignore'
[1.535s] Level 1:colcon.colcon_core.package_identification:_identify(src/slam_gmapping) by extension 'ignore_ament_install'
[1.535s] Level 1:colcon.colcon_core.package_identification:_identify(src/slam_gmapping) by extensions ['colcon_pkg']
[1.535s] Level 1:colcon.colcon_core.package_identification:_identify(src/slam_gmapping) by extension 'colcon_pkg'
[1.535s] Level 1:colcon.colcon_core.package_identification:_identify(src/slam_gmapping) by extensions ['colcon_meta']
[1.535s] Level 1:colcon.colcon_core.package_identification:_identify(src/slam_gmapping) by extension 'colcon_meta'
[1.535s] Level 1:colcon.colcon_core.package_identification:_identify(src/slam_gmapping) by extensions ['ros']
[1.535s] Level 1:colcon.colcon_core.package_identification:_identify(src/slam_gmapping) by extension 'ros'
[1.535s] Level 1:colcon.colcon_core.package_identification:_identify(src/slam_gmapping) by extensions ['cmake', 'python']
[1.535s] Level 1:colcon.colcon_core.package_identification:_identify(src/slam_gmapping) by extension 'cmake'
[1.535s] Level 1:colcon.colcon_core.package_identification:_identify(src/slam_gmapping) by extension 'python'
[1.535s] Level 1:colcon.colcon_core.package_identification:_identify(src/slam_gmapping) by extensions ['python_setup_py']
[1.536s] Level 1:colcon.colcon_core.package_identification:_identify(src/slam_gmapping) by extension 'python_setup_py'
[1.536s] Level 1:colcon.colcon_core.package_identification:_identify(src/slam_gmapping/openslam_gmapping) by extensions ['ignore', 'ignore_ament_install']
[1.537s] Level 1:colcon.colcon_core.package_identification:_identify(src/slam_gmapping/openslam_gmapping) by extension 'ignore'
[1.537s] Level 1:colcon.colcon_core.package_identification:_identify(src/slam_gmapping/openslam_gmapping) by extension 'ignore_ament_install'
[1.537s] Level 1:colcon.colcon_core.package_identification:_identify(src/slam_gmapping/openslam_gmapping) by extensions ['colcon_pkg']
[1.537s] Level 1:colcon.colcon_core.package_identification:_identify(src/slam_gmapping/openslam_gmapping) by extension 'colcon_pkg'
[1.537s] Level 1:colcon.colcon_core.package_identification:_identify(src/slam_gmapping/openslam_gmapping) by extensions ['colcon_meta']
[1.537s] Level 1:colcon.colcon_core.package_identification:_identify(src/slam_gmapping/openslam_gmapping) by extension 'colcon_meta'
[1.537s] Level 1:colcon.colcon_core.package_identification:_identify(src/slam_gmapping/openslam_gmapping) by extensions ['ros']
[1.537s] Level 1:colcon.colcon_core.package_identification:_identify(src/slam_gmapping/openslam_gmapping) by extension 'ros'
[1.539s] DEBUG:colcon.colcon_core.package_identification:Package 'src/slam_gmapping/openslam_gmapping' with type 'ros.ament_cmake' and name 'openslam_gmapping'
[1.540s] Level 1:colcon.colcon_core.package_identification:_identify(src/slam_gmapping/slam_gmapping) by extensions ['ignore', 'ignore_ament_install']
[1.540s] Level 1:colcon.colcon_core.package_identification:_identify(src/slam_gmapping/slam_gmapping) by extension 'ignore'
[1.540s] Level 1:colcon.colcon_core.package_identification:_identify(src/slam_gmapping/slam_gmapping) by extension 'ignore_ament_install'
[1.541s] Level 1:colcon.colcon_core.package_identification:_identify(src/slam_gmapping/slam_gmapping) by extensions ['colcon_pkg']
[1.541s] Level 1:colcon.colcon_core.package_identification:_identify(src/slam_gmapping/slam_gmapping) by extension 'colcon_pkg'
[1.541s] Level 1:colcon.colcon_core.package_identification:_identify(src/slam_gmapping/slam_gmapping) by extensions ['colcon_meta']
[1.541s] Level 1:colcon.colcon_core.package_identification:_identify(src/slam_gmapping/slam_gmapping) by extension 'colcon_meta'
[1.541s] Level 1:colcon.colcon_core.package_identification:_identify(src/slam_gmapping/slam_gmapping) by extensions ['ros']
[1.541s] Level 1:colcon.colcon_core.package_identification:_identify(src/slam_gmapping/slam_gmapping) by extension 'ros'
[1.544s] DEBUG:colcon.colcon_core.package_identification:Package 'src/slam_gmapping/slam_gmapping' with type 'ros.ament_cmake' and name 'slam_gmapping'
[1.546s] Level 1:colcon.colcon_core.package_identification:_identify(terrain) by extensions ['ignore', 'ignore_ament_install']
[1.547s] Level 1:colcon.colcon_core.package_identification:_identify(terrain) by extension 'ignore'
[1.548s] Level 1:colcon.colcon_core.package_identification:_identify(terrain) by extension 'ignore_ament_install'
[1.548s] Level 1:colcon.colcon_core.package_identification:_identify(terrain) by extensions ['colcon_pkg']
[1.548s] Level 1:colcon.colcon_core.package_identification:_identify(terrain) by extension 'colcon_pkg'
[1.548s] Level 1:colcon.colcon_core.package_identification:_identify(terrain) by extensions ['colcon_meta']
[1.548s] Level 1:colcon.colcon_core.package_identification:_identify(terrain) by extension 'colcon_meta'
[1.549s] Level 1:colcon.colcon_core.package_identification:_identify(terrain) by extensions ['ros']
[1.549s] Level 1:colcon.colcon_core.package_identification:_identify(terrain) by extension 'ros'
[1.549s] Level 1:colcon.colcon_core.package_identification:_identify(terrain) by extensions ['cmake', 'python']
[1.550s] Level 1:colcon.colcon_core.package_identification:_identify(terrain) by extension 'cmake'
[1.550s] Level 1:colcon.colcon_core.package_identification:_identify(terrain) by extension 'python'
[1.550s] Level 1:colcon.colcon_core.package_identification:_identify(terrain) by extensions ['python_setup_py']
[1.551s] Level 1:colcon.colcon_core.package_identification:_identify(terrain) by extension 'python_setup_py'
[1.551s] Level 1:colcon.colcon_core.package_discovery:discover_packages(recursive) using defaults
[1.552s] Level 1:colcon.colcon_core.package_discovery:discover_packages(ignore) discover
[1.552s] Level 1:colcon.colcon_core.package_discovery:discover_packages(ignore) using defaults
[1.552s] Level 1:colcon.colcon_core.package_discovery:discover_packages(path) discover
[1.552s] Level 1:colcon.colcon_core.package_discovery:discover_packages(path) using defaults
[1.639s] Level 1:colcon.colcon_core.package_discovery:discover_packages(prefix_path) check parameters
[1.639s] Level 1:colcon.colcon_core.package_discovery:discover_packages(prefix_path) discover
[1.656s] DEBUG:colcon.colcon_installed_package_information.package_discovery:Found 341 installed packages in /opt/ros/humble
[1.665s] Level 1:colcon.colcon_core.package_discovery:discover_packages(prefix_path) using defaults
[1.957s] Level 5:colcon.colcon_core.verb:set package 'iris_drone' build argument 'cmake_args' from command line to 'None'
[1.957s] Level 5:colcon.colcon_core.verb:set package 'iris_drone' build argument 'cmake_target' from command line to 'None'
[1.957s] Level 5:colcon.colcon_core.verb:set package 'iris_drone' build argument 'cmake_target_skip_unavailable' from command line to 'False'
[1.957s] Level 5:colcon.colcon_core.verb:set package 'iris_drone' build argument 'cmake_clean_cache' from command line to 'False'
[1.957s] Level 5:colcon.colcon_core.verb:set package 'iris_drone' build argument 'cmake_clean_first' from command line to 'False'
[1.957s] Level 5:colcon.colcon_core.verb:set package 'iris_drone' build argument 'cmake_force_configure' from command line to 'False'
[1.957s] Level 5:colcon.colcon_core.verb:set package 'iris_drone' build argument 'ament_cmake_args' from command line to 'None'
[1.957s] Level 5:colcon.colcon_core.verb:set package 'iris_drone' build argument 'catkin_cmake_args' from command line to 'None'
[1.957s] Level 5:colcon.colcon_core.verb:set package 'iris_drone' build argument 'catkin_skip_building_tests' from command line to 'False'
[1.958s] DEBUG:colcon.colcon_core.verb:Building package 'iris_drone' with the following arguments: {'ament_cmake_args': None, 'build_base': '/home/motaz/iris_files/iris/build/iris_drone', 'catkin_cmake_args': None, 'catkin_skip_building_tests': False, 'cmake_args': None, 'cmake_clean_cache': False, 'cmake_clean_first': False, 'cmake_force_configure': False, 'cmake_target': None, 'cmake_target_skip_unavailable': False, 'install_base': '/home/motaz/iris_files/iris/install/iris_drone', 'merge_install': False, 'path': '/home/motaz/iris_files/iris/src/iris_drone', 'symlink_install': False, 'test_result_base': None}
[1.958s] Level 5:colcon.colcon_core.verb:set package 'openslam_gmapping' build argument 'cmake_args' from command line to 'None'
[1.958s] Level 5:colcon.colcon_core.verb:set package 'openslam_gmapping' build argument 'cmake_target' from command line to 'None'
[1.958s] Level 5:colcon.colcon_core.verb:set package 'openslam_gmapping' build argument 'cmake_target_skip_unavailable' from command line to 'False'
[1.958s] Level 5:colcon.colcon_core.verb:set package 'openslam_gmapping' build argument 'cmake_clean_cache' from command line to 'False'
[1.958s] Level 5:colcon.colcon_core.verb:set package 'openslam_gmapping' build argument 'cmake_clean_first' from command line to 'False'
[1.958s] Level 5:colcon.colcon_core.verb:set package 'openslam_gmapping' build argument 'cmake_force_configure' from command line to 'False'
[1.958s] Level 5:colcon.colcon_core.verb:set package 'openslam_gmapping' build argument 'ament_cmake_args' from command line to 'None'
[1.958s] Level 5:colcon.colcon_core.verb:set package 'openslam_gmapping' build argument 'catkin_cmake_args' from command line to 'None'
[1.958s] Level 5:colcon.colcon_core.verb:set package 'openslam_gmapping' build argument 'catkin_skip_building_tests' from command line to 'False'
[1.958s] DEBUG:colcon.colcon_core.verb:Building package 'openslam_gmapping' with the following arguments: {'ament_cmake_args': None, 'build_base': '/home/motaz/iris_files/iris/build/openslam_gmapping', 'catkin_cmake_args': None, 'catkin_skip_building_tests': False, 'cmake_args': None, 'cmake_clean_cache': False, 'cmake_clean_first': False, 'cmake_force_configure': False, 'cmake_target': None, 'cmake_target_skip_unavailable': False, 'install_base': '/home/motaz/iris_files/iris/install/openslam_gmapping', 'merge_install': False, 'path': '/home/motaz/iris_files/iris/src/slam_gmapping/openslam_gmapping', 'symlink_install': False, 'test_result_base': None}
[1.959s] Level 5:colcon.colcon_core.verb:set package 'slam_gmapping' build argument 'cmake_args' from command line to 'None'
[1.959s] Level 5:colcon.colcon_core.verb:set package 'slam_gmapping' build argument 'cmake_target' from command line to 'None'
[1.959s] Level 5:colcon.colcon_core.verb:set package 'slam_gmapping' build argument 'cmake_target_skip_unavailable' from command line to 'False'
[1.959s] Level 5:colcon.colcon_core.verb:set package 'slam_gmapping' build argument 'cmake_clean_cache' from command line to 'False'
[1.959s] Level 5:colcon.colcon_core.verb:set package 'slam_gmapping' build argument 'cmake_clean_first' from command line to 'False'
[1.959s] Level 5:colcon.colcon_core.verb:set package 'slam_gmapping' build argument 'cmake_force_configure' from command line to 'False'
[1.959s] Level 5:colcon.colcon_core.verb:set package 'slam_gmapping' build argument 'ament_cmake_args' from command line to 'None'
[1.959s] Level 5:colcon.colcon_core.verb:set package 'slam_gmapping' build argument 'catkin_cmake_args' from command line to 'None'
[1.959s] Level 5:colcon.colcon_core.verb:set package 'slam_gmapping' build argument 'catkin_skip_building_tests' from command line to 'False'
[1.959s] DEBUG:colcon.colcon_core.verb:Building package 'slam_gmapping' with the following arguments: {'ament_cmake_args': None, 'build_base': '/home/motaz/iris_files/iris/build/slam_gmapping', 'catkin_cmake_args': None, 'catkin_skip_building_tests': False, 'cmake_args': None, 'cmake_clean_cache': False, 'cmake_clean_first': False, 'cmake_force_configure': False, 'cmake_target': None, 'cmake_target_skip_unavailable': False, 'install_base': '/home/motaz/iris_files/iris/install/slam_gmapping', 'merge_install': False, 'path': '/home/motaz/iris_files/iris/src/slam_gmapping/slam_gmapping', 'symlink_install': False, 'test_result_base': None}
[1.959s] INFO:colcon.colcon_core.executor:Executing jobs using 'parallel' executor
[1.961s] DEBUG:colcon.colcon_parallel_executor.executor.parallel:run_until_complete
[1.963s] INFO:colcon.colcon_ros.task.ament_cmake.build:Building ROS package in '/home/motaz/iris_files/iris/src/slam_gmapping/openslam_gmapping' with build type 'ament_cmake'
[1.964s] INFO:colcon.colcon_cmake.task.cmake.build:Building CMake package in '/home/motaz/iris_files/iris/src/slam_gmapping/openslam_gmapping'
[1.985s] INFO:colcon.colcon_core.plugin_system:Skipping extension 'colcon_core.shell.bat': Not used on non-Windows systems
[1.986s] INFO:colcon.colcon_core.shell:Skip shell extension 'powershell' for command environment: Not usable outside of PowerShell
[1.986s] DEBUG:colcon.colcon_core.shell:Skip shell extension 'dsv' for command environment
[1.994s] INFO:colcon.colcon_ros.task.ament_python.build:Building ROS package in '/home/motaz/iris_files/iris/src/iris_drone' with build type 'ament_python'
[1.995s] Level 1:colcon.colcon_core.shell:create_environment_hook('iris_drone', 'ament_prefix_path')
[1.995s] INFO:colcon.colcon_core.shell:Creating environment hook '/home/motaz/iris_files/iris/install/iris_drone/share/iris_drone/hook/ament_prefix_path.ps1'
[2.000s] INFO:colcon.colcon_core.shell:Creating environment descriptor '/home/motaz/iris_files/iris/install/iris_drone/share/iris_drone/hook/ament_prefix_path.dsv'
[2.004s] INFO:colcon.colcon_core.shell:Creating environment hook '/home/motaz/iris_files/iris/install/iris_drone/share/iris_drone/hook/ament_prefix_path.sh'
[2.008s] INFO:colcon.colcon_core.shell:Skip shell extension 'powershell' for command environment: Not usable outside of PowerShell
[2.008s] DEBUG:colcon.colcon_core.shell:Skip shell extension 'dsv' for command environment
[2.036s] DEBUG:colcon.colcon_core.event_handler.log_command:Invoking command in '/home/motaz/iris_files/iris/build/openslam_gmapping': CMAKE_PREFIX_PATH=/opt/ros/humble /usr/bin/cmake --build /home/motaz/iris_files/iris/build/openslam_gmapping -- -j8 -l8
[3.155s] INFO:colcon.colcon_core.task.python.build:Building Python package in '/home/motaz/iris_files/iris/src/iris_drone'
[3.156s] INFO:colcon.colcon_core.shell:Skip shell extension 'powershell' for command environment: Not usable outside of PowerShell
[3.157s] DEBUG:colcon.colcon_core.shell:Skip shell extension 'dsv' for command environment
[3.172s] DEBUG:colcon.colcon_core.event_handler.log_command:Invoked command in '/home/motaz/iris_files/iris/build/openslam_gmapping' returned '0': CMAKE_PREFIX_PATH=/opt/ros/humble /usr/bin/cmake --build /home/motaz/iris_files/iris/build/openslam_gmapping -- -j8 -l8
[3.379s] DEBUG:colcon.colcon_core.event_handler.log_command:Invoking command in '/home/motaz/iris_files/iris/build/openslam_gmapping': CMAKE_PREFIX_PATH=/opt/ros/humble /usr/bin/cmake --install /home/motaz/iris_files/iris/build/openslam_gmapping
[3.456s] Level 1:colcon.colcon_core.environment:create_environment_scripts_only(openslam_gmapping)
[3.461s] DEBUG:colcon.colcon_core.event_handler.log_command:Invoked command in '/home/motaz/iris_files/iris/build/openslam_gmapping' returned '0': CMAKE_PREFIX_PATH=/opt/ros/humble /usr/bin/cmake --install /home/motaz/iris_files/iris/build/openslam_gmapping
[3.486s] Level 1:colcon.colcon_core.environment:checking '/home/motaz/iris_files/iris/install/openslam_gmapping' for CMake module files
[3.488s] Level 1:colcon.colcon_core.environment:checking '/home/motaz/iris_files/iris/install/openslam_gmapping' for CMake config files
[3.488s] Level 1:colcon.colcon_core.shell:create_environment_hook('openslam_gmapping', 'cmake_prefix_path')
[3.489s] INFO:colcon.colcon_core.shell:Creating environment hook '/home/motaz/iris_files/iris/install/openslam_gmapping/share/openslam_gmapping/hook/cmake_prefix_path.ps1'
[3.491s] INFO:colcon.colcon_core.shell:Creating environment descriptor '/home/motaz/iris_files/iris/install/openslam_gmapping/share/openslam_gmapping/hook/cmake_prefix_path.dsv'
[3.492s] INFO:colcon.colcon_core.shell:Creating environment hook '/home/motaz/iris_files/iris/install/openslam_gmapping/share/openslam_gmapping/hook/cmake_prefix_path.sh'
[3.498s] Level 1:colcon.colcon_core.environment:checking '/home/motaz/iris_files/iris/install/openslam_gmapping/lib'
[3.500s] Level 1:colcon.colcon_core.environment:checking '/home/motaz/iris_files/iris/install/openslam_gmapping/bin'
[3.501s] Level 1:colcon.colcon_core.environment:checking '/home/motaz/iris_files/iris/install/openslam_gmapping/lib/pkgconfig/openslam_gmapping.pc'
[3.502s] Level 1:colcon.colcon_core.environment:checking '/home/motaz/iris_files/iris/install/openslam_gmapping/lib/python3.10/site-packages'
[3.504s] Level 1:colcon.colcon_core.environment:checking '/home/motaz/iris_files/iris/install/openslam_gmapping/bin'
[3.507s] INFO:colcon.colcon_core.shell:Creating package script '/home/motaz/iris_files/iris/install/openslam_gmapping/share/openslam_gmapping/package.ps1'
[3.517s] INFO:colcon.colcon_core.shell:Creating package descriptor '/home/motaz/iris_files/iris/install/openslam_gmapping/share/openslam_gmapping/package.dsv'
[3.522s] INFO:colcon.colcon_core.shell:Creating package script '/home/motaz/iris_files/iris/install/openslam_gmapping/share/openslam_gmapping/package.sh'
[3.524s] INFO:colcon.colcon_core.shell:Creating package script '/home/motaz/iris_files/iris/install/openslam_gmapping/share/openslam_gmapping/package.bash'
[3.527s] INFO:colcon.colcon_core.shell:Creating package script '/home/motaz/iris_files/iris/install/openslam_gmapping/share/openslam_gmapping/package.zsh'
[3.529s] Level 1:colcon.colcon_core.environment:create_file_with_runtime_dependencies(/home/motaz/iris_files/iris/install/openslam_gmapping/share/colcon-core/packages/openslam_gmapping)
[3.643s] Level 1:colcon.colcon_core.environment:create_environment_scripts_only(openslam_gmapping)
[3.643s] Level 1:colcon.colcon_core.environment:checking '/home/motaz/iris_files/iris/install/openslam_gmapping' for CMake module files
[3.644s] Level 1:colcon.colcon_core.environment:checking '/home/motaz/iris_files/iris/install/openslam_gmapping' for CMake config files
[3.644s] Level 1:colcon.colcon_core.shell:create_environment_hook('openslam_gmapping', 'cmake_prefix_path')
[3.645s] INFO:colcon.colcon_core.shell:Creating environment hook '/home/motaz/iris_files/iris/install/openslam_gmapping/share/openslam_gmapping/hook/cmake_prefix_path.ps1'
[3.645s] INFO:colcon.colcon_core.shell:Creating environment descriptor '/home/motaz/iris_files/iris/install/openslam_gmapping/share/openslam_gmapping/hook/cmake_prefix_path.dsv'
[3.646s] INFO:colcon.colcon_core.shell:Creating environment hook '/home/motaz/iris_files/iris/install/openslam_gmapping/share/openslam_gmapping/hook/cmake_prefix_path.sh'
[3.647s] Level 1:colcon.colcon_core.environment:checking '/home/motaz/iris_files/iris/install/openslam_gmapping/lib'
[3.647s] Level 1:colcon.colcon_core.environment:checking '/home/motaz/iris_files/iris/install/openslam_gmapping/bin'
[3.647s] Level 1:colcon.colcon_core.environment:checking '/home/motaz/iris_files/iris/install/openslam_gmapping/lib/pkgconfig/openslam_gmapping.pc'
[3.647s] Level 1:colcon.colcon_core.environment:checking '/home/motaz/iris_files/iris/install/openslam_gmapping/lib/python3.10/site-packages'
[3.648s] Level 1:colcon.colcon_core.environment:checking '/home/motaz/iris_files/iris/install/openslam_gmapping/bin'
[3.652s] INFO:colcon.colcon_core.shell:Creating package script '/home/motaz/iris_files/iris/install/openslam_gmapping/share/openslam_gmapping/package.ps1'
[3.655s] INFO:colcon.colcon_core.shell:Creating package descriptor '/home/motaz/iris_files/iris/install/openslam_gmapping/share/openslam_gmapping/package.dsv'
[3.658s] INFO:colcon.colcon_core.shell:Creating package script '/home/motaz/iris_files/iris/install/openslam_gmapping/share/openslam_gmapping/package.sh'
[3.662s] INFO:colcon.colcon_core.shell:Creating package script '/home/motaz/iris_files/iris/install/openslam_gmapping/share/openslam_gmapping/package.bash'
[3.666s] INFO:colcon.colcon_core.shell:Creating package script '/home/motaz/iris_files/iris/install/openslam_gmapping/share/openslam_gmapping/package.zsh'
[3.673s] Level 1:colcon.colcon_core.environment:create_file_with_runtime_dependencies(/home/motaz/iris_files/iris/install/openslam_gmapping/share/colcon-core/packages/openslam_gmapping)
[3.676s] INFO:colcon.colcon_ros.task.ament_cmake.build:Building ROS package in '/home/motaz/iris_files/iris/src/slam_gmapping/slam_gmapping' with build type 'ament_cmake'
[3.677s] INFO:colcon.colcon_cmake.task.cmake.build:Building CMake package in '/home/motaz/iris_files/iris/src/slam_gmapping/slam_gmapping'
[3.678s] INFO:colcon.colcon_core.shell:Skip shell extension 'powershell' for command environment: Not usable outside of PowerShell
[3.679s] DEBUG:colcon.colcon_core.shell:Skip shell extension 'dsv' for command environment
[3.718s] DEBUG:colcon.colcon_core.event_handler.log_command:Invoking command in '/home/motaz/iris_files/iris/build/slam_gmapping': AMENT_PREFIX_PATH=/home/motaz/iris_files/iris/install/openslam_gmapping:${AMENT_PREFIX_PATH} CMAKE_PREFIX_PATH=/home/motaz/iris_files/iris/install/openslam_gmapping:/opt/ros/humble LD_LIBRARY_PATH=/home/motaz/iris_files/iris/install/openslam_gmapping/lib:${LD_LIBRARY_PATH} /usr/bin/cmake --build /home/motaz/iris_files/iris/build/slam_gmapping -- -j8 -l8
[4.139s] DEBUG:colcon.colcon_core.event_handler.log_command:Invoked command in '/home/motaz/iris_files/iris/build/slam_gmapping' returned '0': AMENT_PREFIX_PATH=/home/motaz/iris_files/iris/install/openslam_gmapping:${AMENT_PREFIX_PATH} CMAKE_PREFIX_PATH=/home/motaz/iris_files/iris/install/openslam_gmapping:/opt/ros/humble LD_LIBRARY_PATH=/home/motaz/iris_files/iris/install/openslam_gmapping/lib:${LD_LIBRARY_PATH} /usr/bin/cmake --build /home/motaz/iris_files/iris/build/slam_gmapping -- -j8 -l8
[4.231s] DEBUG:colcon.colcon_core.event_handler.log_command:Invoking command in '/home/motaz/iris_files/iris/build/slam_gmapping': AMENT_PREFIX_PATH=/home/motaz/iris_files/iris/install/openslam_gmapping:${AMENT_PREFIX_PATH} CMAKE_PREFIX_PATH=/home/motaz/iris_files/iris/install/openslam_gmapping:/opt/ros/humble LD_LIBRARY_PATH=/home/motaz/iris_files/iris/install/openslam_gmapping/lib:${LD_LIBRARY_PATH} /usr/bin/cmake --install /home/motaz/iris_files/iris/build/slam_gmapping
[4.289s] Level 1:colcon.colcon_core.environment:create_environment_scripts_only(slam_gmapping)
[4.290s] Level 1:colcon.colcon_core.environment:checking '/home/motaz/iris_files/iris/install/slam_gmapping' for CMake module files
[4.291s] DEBUG:colcon.colcon_core.event_handler.log_command:Invoked command in '/home/motaz/iris_files/iris/build/slam_gmapping' returned '0': AMENT_PREFIX_PATH=/home/motaz/iris_files/iris/install/openslam_gmapping:${AMENT_PREFIX_PATH} CMAKE_PREFIX_PATH=/home/motaz/iris_files/iris/install/openslam_gmapping:/opt/ros/humble LD_LIBRARY_PATH=/home/motaz/iris_files/iris/install/openslam_gmapping/lib:${LD_LIBRARY_PATH} /usr/bin/cmake --install /home/motaz/iris_files/iris/build/slam_gmapping
[4.292s] Level 1:colcon.colcon_core.environment:checking '/home/motaz/iris_files/iris/install/slam_gmapping' for CMake config files
[4.297s] Level 1:colcon.colcon_core.shell:create_environment_hook('slam_gmapping', 'cmake_prefix_path')
[4.298s] INFO:colcon.colcon_core.shell:Creating environment hook '/home/motaz/iris_files/iris/install/slam_gmapping/share/slam_gmapping/hook/cmake_prefix_path.ps1'
[4.301s] INFO:colcon.colcon_core.shell:Creating environment descriptor '/home/motaz/iris_files/iris/install/slam_gmapping/share/slam_gmapping/hook/cmake_prefix_path.dsv'
[4.304s] INFO:colcon.colcon_core.shell:Creating environment hook '/home/motaz/iris_files/iris/install/slam_gmapping/share/slam_gmapping/hook/cmake_prefix_path.sh'
[4.308s] Level 1:colcon.colcon_core.environment:checking '/home/motaz/iris_files/iris/install/slam_gmapping/lib'
[4.310s] Level 1:colcon.colcon_core.environment:checking '/home/motaz/iris_files/iris/install/slam_gmapping/bin'
[4.312s] Level 1:colcon.colcon_core.environment:checking '/home/motaz/iris_files/iris/install/slam_gmapping/lib/pkgconfig/slam_gmapping.pc'
[4.315s] Level 1:colcon.colcon_core.environment:checking '/home/motaz/iris_files/iris/install/slam_gmapping/lib/python3.10/site-packages'
[4.317s] Level 1:colcon.colcon_core.environment:checking '/home/motaz/iris_files/iris/install/slam_gmapping/bin'
[4.319s] INFO:colcon.colcon_core.shell:Creating package script '/home/motaz/iris_files/iris/install/slam_gmapping/share/slam_gmapping/package.ps1'
[4.320s] INFO:colcon.colcon_core.shell:Creating package descriptor '/home/motaz/iris_files/iris/install/slam_gmapping/share/slam_gmapping/package.dsv'
[4.321s] INFO:colcon.colcon_core.shell:Creating package script '/home/motaz/iris_files/iris/install/slam_gmapping/share/slam_gmapping/package.sh'
[4.322s] INFO:colcon.colcon_core.shell:Creating package script '/home/motaz/iris_files/iris/install/slam_gmapping/share/slam_gmapping/package.bash'
[4.323s] INFO:colcon.colcon_core.shell:Creating package script '/home/motaz/iris_files/iris/install/slam_gmapping/share/slam_gmapping/package.zsh'
[4.323s] Level 1:colcon.colcon_core.environment:create_file_with_runtime_dependencies(/home/motaz/iris_files/iris/install/slam_gmapping/share/colcon-core/packages/slam_gmapping)
[4.439s] Level 1:colcon.colcon_core.environment:create_environment_scripts_only(slam_gmapping)
[4.439s] Level 1:colcon.colcon_core.environment:checking '/home/motaz/iris_files/iris/install/slam_gmapping' for CMake module files
[4.440s] Level 1:colcon.colcon_core.environment:checking '/home/motaz/iris_files/iris/install/slam_gmapping' for CMake config files
[4.440s] Level 1:colcon.colcon_core.shell:create_environment_hook('slam_gmapping', 'cmake_prefix_path')
[4.441s] INFO:colcon.colcon_core.shell:Creating environment hook '/home/motaz/iris_files/iris/install/slam_gmapping/share/slam_gmapping/hook/cmake_prefix_path.ps1'
[4.445s] INFO:colcon.colcon_core.shell:Creating environment descriptor '/home/motaz/iris_files/iris/install/slam_gmapping/share/slam_gmapping/hook/cmake_prefix_path.dsv'
[4.449s] INFO:colcon.colcon_core.shell:Creating environment hook '/home/motaz/iris_files/iris/install/slam_gmapping/share/slam_gmapping/hook/cmake_prefix_path.sh'
[4.455s] Level 1:colcon.colcon_core.environment:checking '/home/motaz/iris_files/iris/install/slam_gmapping/lib'
[4.456s] Level 1:colcon.colcon_core.environment:checking '/home/motaz/iris_files/iris/install/slam_gmapping/bin'
[4.457s] Level 1:colcon.colcon_core.environment:checking '/home/motaz/iris_files/iris/install/slam_gmapping/lib/pkgconfig/slam_gmapping.pc'
[4.462s] Level 1:colcon.colcon_core.environment:checking '/home/motaz/iris_files/iris/install/slam_gmapping/lib/python3.10/site-packages'
[4.464s] Level 1:colcon.colcon_core.environment:checking '/home/motaz/iris_files/iris/install/slam_gmapping/bin'
[4.466s] INFO:colcon.colcon_core.shell:Creating package script '/home/motaz/iris_files/iris/install/slam_gmapping/share/slam_gmapping/package.ps1'
[4.468s] INFO:colcon.colcon_core.shell:Creating package descriptor '/home/motaz/iris_files/iris/install/slam_gmapping/share/slam_gmapping/package.dsv'
[4.470s] INFO:colcon.colcon_core.shell:Creating package script '/home/motaz/iris_files/iris/install/slam_gmapping/share/slam_gmapping/package.sh'
[4.472s] INFO:colcon.colcon_core.shell:Creating package script '/home/motaz/iris_files/iris/install/slam_gmapping/share/slam_gmapping/package.bash'
[4.473s] INFO:colcon.colcon_core.shell:Creating package script '/home/motaz/iris_files/iris/install/slam_gmapping/share/slam_gmapping/package.zsh'
[4.474s] Level 1:colcon.colcon_core.environment:create_file_with_runtime_dependencies(/home/motaz/iris_files/iris/install/slam_gmapping/share/colcon-core/packages/slam_gmapping)
[6.768s] DEBUG:colcon.colcon_core.event_handler.log_command:Invoking command in '/home/motaz/iris_files/iris/src/iris_drone': PYTHONPATH=/home/motaz/iris_files/iris/build/iris_drone/prefix_override:/usr/lib/python3/dist-packages/colcon_core/task/python/colcon_distutils_commands:/home/motaz/iris_files/iris/install/iris_drone/lib/python3.10/site-packages:${PYTHONPATH} /usr/bin/python3 -W ignore:setup.py install is deprecated setup.py egg_info --egg-base ../../build/iris_drone build --build-base /home/motaz/iris_files/iris/build/iris_drone/build install --record /home/motaz/iris_files/iris/build/iris_drone/install.log --single-version-externally-managed install_data
[9.220s] Level 1:colcon.colcon_core.environment:checking '/home/motaz/iris_files/iris/install/iris_drone' for CMake module files
[9.221s] Level 1:colcon.colcon_core.environment:checking '/home/motaz/iris_files/iris/install/iris_drone' for CMake config files
[9.225s] DEBUG:colcon.colcon_core.event_handler.log_command:Invoked command in '/home/motaz/iris_files/iris/src/iris_drone' returned '0': PYTHONPATH=/home/motaz/iris_files/iris/build/iris_drone/prefix_override:/usr/lib/python3/dist-packages/colcon_core/task/python/colcon_distutils_commands:/home/motaz/iris_files/iris/install/iris_drone/lib/python3.10/site-packages:${PYTHONPATH} /usr/bin/python3 -W ignore:setup.py install is deprecated setup.py egg_info --egg-base ../../build/iris_drone build --build-base /home/motaz/iris_files/iris/build/iris_drone/build install --record /home/motaz/iris_files/iris/build/iris_drone/install.log --single-version-externally-managed install_data
[9.232s] Level 1:colcon.colcon_core.environment:checking '/home/motaz/iris_files/iris/install/iris_drone/lib'
[9.233s] Level 1:colcon.colcon_core.environment:checking '/home/motaz/iris_files/iris/install/iris_drone/bin'
[9.234s] Level 1:colcon.colcon_core.environment:checking '/home/motaz/iris_files/iris/install/iris_drone/lib/pkgconfig/iris_drone.pc'
[9.235s] Level 1:colcon.colcon_core.environment:checking '/home/motaz/iris_files/iris/install/iris_drone/lib/python3.10/site-packages'
[9.236s] Level 1:colcon.colcon_core.shell:create_environment_hook('iris_drone', 'pythonpath')
[9.238s] INFO:colcon.colcon_core.shell:Creating environment hook '/home/motaz/iris_files/iris/install/iris_drone/share/iris_drone/hook/pythonpath.ps1'
[9.242s] INFO:colcon.colcon_core.shell:Creating environment descriptor '/home/motaz/iris_files/iris/install/iris_drone/share/iris_drone/hook/pythonpath.dsv'
[9.245s] INFO:colcon.colcon_core.shell:Creating environment hook '/home/motaz/iris_files/iris/install/iris_drone/share/iris_drone/hook/pythonpath.sh'
[9.251s] Level 1:colcon.colcon_core.environment:checking '/home/motaz/iris_files/iris/install/iris_drone/bin'
[9.252s] Level 1:colcon.colcon_core.environment:create_environment_scripts_only(iris_drone)
[9.253s] INFO:colcon.colcon_core.shell:Creating package script '/home/motaz/iris_files/iris/install/iris_drone/share/iris_drone/package.ps1'
[9.254s] INFO:colcon.colcon_core.shell:Creating package descriptor '/home/motaz/iris_files/iris/install/iris_drone/share/iris_drone/package.dsv'
[9.255s] INFO:colcon.colcon_core.shell:Creating package script '/home/motaz/iris_files/iris/install/iris_drone/share/iris_drone/package.sh'
[9.255s] INFO:colcon.colcon_core.shell:Creating package script '/home/motaz/iris_files/iris/install/iris_drone/share/iris_drone/package.bash'
[9.256s] INFO:colcon.colcon_core.shell:Creating package script '/home/motaz/iris_files/iris/install/iris_drone/share/iris_drone/package.zsh'
[9.323s] Level 1:colcon.colcon_core.environment:create_file_with_runtime_dependencies(/home/motaz/iris_files/iris/install/iris_drone/share/colcon-core/packages/iris_drone)
[9.323s] DEBUG:colcon.colcon_parallel_executor.executor.parallel:closing loop
[9.324s] DEBUG:colcon.colcon_parallel_executor.executor.parallel:loop closed
[9.324s] DEBUG:colcon.colcon_parallel_executor.executor.parallel:run_until_complete finished with '0'
[9.324s] DEBUG:colcon.colcon_core.event_reactor:joining thread
[9.362s] INFO:colcon.colcon_core.plugin_system:Skipping extension 'colcon_notification.desktop_notification.terminal_notifier': Not used on non-Darwin systems
[9.362s] INFO:colcon.colcon_core.plugin_system:Skipping extension 'colcon_notification.desktop_notification.win32': Not used on non-Windows systems
[9.362s] INFO:colcon.colcon_notification.desktop_notification:Sending desktop notification using 'notify2'
[9.407s] DEBUG:colcon.colcon_core.event_reactor:joined thread
[9.409s] INFO:colcon.colcon_core.shell:Creating prefix script '/home/motaz/iris_files/iris/install/local_setup.ps1'
[9.416s] INFO:colcon.colcon_core.shell:Creating prefix util module '/home/motaz/iris_files/iris/install/_local_setup_util_ps1.py'
[9.424s] INFO:colcon.colcon_core.shell:Creating prefix chain script '/home/motaz/iris_files/iris/install/setup.ps1'
[9.430s] INFO:colcon.colcon_core.shell:Creating prefix script '/home/motaz/iris_files/iris/install/local_setup.sh'
[9.432s] INFO:colcon.colcon_core.shell:Creating prefix util module '/home/motaz/iris_files/iris/install/_local_setup_util_sh.py'
[9.433s] INFO:colcon.colcon_core.shell:Creating prefix chain script '/home/motaz/iris_files/iris/install/setup.sh'
[9.436s] INFO:colcon.colcon_core.shell:Creating prefix script '/home/motaz/iris_files/iris/install/local_setup.bash'
[9.438s] INFO:colcon.colcon_core.shell:Creating prefix chain script '/home/motaz/iris_files/iris/install/setup.bash'
[9.447s] INFO:colcon.colcon_core.shell:Creating prefix script '/home/motaz/iris_files/iris/install/local_setup.zsh'
[9.451s] INFO:colcon.colcon_core.shell:Creating prefix chain script '/home/motaz/iris_files/iris/install/setup.zsh'
