[0.016s] Invoking command in '/home/motaz/iris_files/iris/build/openslam_gmapping': CMAKE_PREFIX_PATH=/opt/ros/humble /usr/bin/cmake /home/motaz/iris_files/iris/src/slam_gmapping/openslam_gmapping -DCMAKE_INSTALL_PREFIX=/home/motaz/iris_files/iris/install/openslam_gmapping
[0.082s] -- The C compiler identification is GNU 11.4.0
[0.140s] -- The CXX compiler identification is GNU 11.4.0
[0.149s] -- Detecting C compiler ABI info
[0.229s] -- Detecting C compiler ABI info - done
[0.239s] -- Check for working C compiler: /usr/bin/cc - skipped
[0.240s] -- Detecting C compile features
[0.240s] -- Detecting C compile features - done
[0.244s] -- Detecting CXX compiler ABI info
[0.329s] -- Detecting CXX compiler ABI info - done
[0.343s] -- Check for working CXX compiler: /usr/bin/c++ - skipped
[0.344s] -- Detecting CXX compile features
[0.344s] -- Detecting CXX compile features - done
[0.355s] -- Found ament_cmake: 1.3.10 (/opt/ros/humble/share/ament_cmake/cmake)
[0.757s] -- Found Python3: /usr/bin/python3 (found version "3.10.12") found components: Interpreter 
[0.951s] -- Configuring done
[0.965s] -- Generating done
[0.968s] -- Build files have been written to: /home/motaz/iris_files/iris/build/openslam_gmapping
[0.974s] Invoked command in '/home/motaz/iris_files/iris/build/openslam_gmapping' returned '0': CMAKE_PREFIX_PATH=/opt/ros/humble /usr/bin/cmake /home/motaz/iris_files/iris/src/slam_gmapping/openslam_gmapping -DCMAKE_INSTALL_PREFIX=/home/motaz/iris_files/iris/install/openslam_gmapping
[0.976s] Invoking command in '/home/motaz/iris_files/iris/build/openslam_gmapping': CMAKE_PREFIX_PATH=/opt/ros/humble /usr/bin/cmake --build /home/motaz/iris_files/iris/build/openslam_gmapping -- -j8 -l8
[1.041s] [  4%] [32mBuilding CXX object sensor/sensor_base/CMakeFiles/sensor_base.dir/sensor.cpp.o[0m
[1.041s] [  9%] [32mBuilding CXX object sensor/sensor_base/CMakeFiles/sensor_base.dir/sensorreading.cpp.o[0m
[1.043s] [ 18%] [32mBuilding CXX object utils/CMakeFiles/utils.dir/movement.cpp.o[0m
[1.043s] [ 18%] [32mBuilding CXX object utils/CMakeFiles/utils.dir/stat.cpp.o[0m
[1.317s] [ 22%] [32m[1mLinking CXX static library libsensor_base.a[0m
[1.356s] [ 22%] Built target sensor_base
[1.383s] [ 36%] [32mBuilding CXX object sensor/sensor_odometry/CMakeFiles/sensor_odometry.dir/odometrysensor.cpp.o[0m
[1.383s] [ 36%] [32mBuilding CXX object sensor/sensor_odometry/CMakeFiles/sensor_odometry.dir/odometryreading.cpp.o[0m
[1.383s] [ 36%] [32mBuilding CXX object sensor/sensor_range/CMakeFiles/sensor_range.dir/rangereading.cpp.o[0m
[1.384s] [ 40%] [32mBuilding CXX object sensor/sensor_range/CMakeFiles/sensor_range.dir/rangesensor.cpp.o[0m
[1.588s] [ 45%] [32m[1mLinking CXX static library libutils.a[0m
[1.664s] [ 45%] Built target utils
[1.771s] [ 50%] [32m[1mLinking CXX static library libsensor_odometry.a[0m
[1.821s] [ 50%] Built target sensor_odometry
[1.972s] [ 54%] [32m[1mLinking CXX static library libsensor_range.a[0m
[2.008s] [ 54%] Built target sensor_range
[2.032s] [ 72%] [32mBuilding CXX object scanmatcher/CMakeFiles/scanmatcher.dir/scanmatcher.cpp.o[0m
[2.032s] [ 72%] [32mBuilding CXX object scanmatcher/CMakeFiles/scanmatcher.dir/smmap.cpp.o[0m
[2.032s] [ 72%] [32mBuilding CXX object scanmatcher/CMakeFiles/scanmatcher.dir/eig3.cpp.o[0m
[2.032s] [ 72%] [32mBuilding CXX object scanmatcher/CMakeFiles/scanmatcher.dir/scanmatcherprocessor.cpp.o[0m
[3.447s] [ 77%] [32m[1mLinking CXX static library libscanmatcher.a[0m
[3.482s] [ 77%] Built target scanmatcher
[3.504s] [ 86%] [32mBuilding CXX object gridfastslam/CMakeFiles/gridfastslam.dir/gridslamprocessor.cpp.o[0m
[3.504s] [ 86%] [32mBuilding CXX object gridfastslam/CMakeFiles/gridfastslam.dir/gfsreader.cpp.o[0m
[3.504s] [ 95%] [32mBuilding CXX object gridfastslam/CMakeFiles/gridfastslam.dir/motionmodel.cpp.o[0m
[3.504s] [ 95%] [32mBuilding CXX object gridfastslam/CMakeFiles/gridfastslam.dir/gridslamprocessor_tree.cpp.o[0m
[5.199s] [100%] [32m[1mLinking CXX static library libgridfastslam.a[0m
[5.237s] [100%] Built target gridfastslam
[5.249s] Invoked command in '/home/motaz/iris_files/iris/build/openslam_gmapping' returned '0': CMAKE_PREFIX_PATH=/opt/ros/humble /usr/bin/cmake --build /home/motaz/iris_files/iris/build/openslam_gmapping -- -j8 -l8
[5.293s] Invoking command in '/home/motaz/iris_files/iris/build/openslam_gmapping': CMAKE_PREFIX_PATH=/opt/ros/humble /usr/bin/cmake --install /home/motaz/iris_files/iris/build/openslam_gmapping
[5.302s] -- Install configuration: ""
[5.302s] -- Installing: /home/motaz/iris_files/iris/install/openslam_gmapping/share/openslam_gmapping/environment/library_path.sh
[5.303s] -- Installing: /home/motaz/iris_files/iris/install/openslam_gmapping/share/openslam_gmapping/environment/library_path.dsv
[5.303s] -- Installing: /home/motaz/iris_files/iris/install/openslam_gmapping/include/
[5.303s] -- Installing: /home/motaz/iris_files/iris/install/openslam_gmapping/include//gmapping
[5.303s] -- Installing: /home/motaz/iris_files/iris/install/openslam_gmapping/include//gmapping/scanmatcher
[5.303s] -- Installing: /home/motaz/iris_files/iris/install/openslam_gmapping/include//gmapping/scanmatcher/scanmatcher.h
[5.303s] -- Installing: /home/motaz/iris_files/iris/install/openslam_gmapping/include//gmapping/scanmatcher/icp.h
[5.303s] -- Installing: /home/motaz/iris_files/iris/install/openslam_gmapping/include//gmapping/scanmatcher/smmap.h
[5.303s] -- Installing: /home/motaz/iris_files/iris/install/openslam_gmapping/include//gmapping/utils
[5.303s] -- Installing: /home/motaz/iris_files/iris/install/openslam_gmapping/include//gmapping/utils/macro_params.h
[5.303s] -- Installing: /home/motaz/iris_files/iris/install/openslam_gmapping/include//gmapping/utils/autoptr.h
[5.303s] -- Installing: /home/motaz/iris_files/iris/install/openslam_gmapping/include//gmapping/utils/stat.h
[5.303s] -- Installing: /home/motaz/iris_files/iris/install/openslam_gmapping/include//gmapping/utils/gvalues.h
[5.304s] -- Installing: /home/motaz/iris_files/iris/install/openslam_gmapping/include//gmapping/utils/point.h
[5.304s] -- Installing: /home/motaz/iris_files/iris/install/openslam_gmapping/include//gmapping/utils/commandline.h
[5.304s] -- Installing: /home/motaz/iris_files/iris/install/openslam_gmapping/include//gmapping/gridfastslam
[5.304s] -- Installing: /home/motaz/iris_files/iris/install/openslam_gmapping/include//gmapping/gridfastslam/motionmodel.h
[5.304s] -- Installing: /home/motaz/iris_files/iris/install/openslam_gmapping/include//gmapping/gridfastslam/gridslamprocessor.h
[5.304s] -- Installing: /home/motaz/iris_files/iris/install/openslam_gmapping/include//gmapping/gridfastslam/gridslamprocessor.hxx
[5.304s] -- Installing: /home/motaz/iris_files/iris/install/openslam_gmapping/include//gmapping/grid
[5.304s] -- Installing: /home/motaz/iris_files/iris/install/openslam_gmapping/include//gmapping/grid/array2d.h
[5.304s] -- Installing: /home/motaz/iris_files/iris/install/openslam_gmapping/include//gmapping/grid/map.h
[5.305s] -- Installing: /home/motaz/iris_files/iris/install/openslam_gmapping/include//gmapping/grid/accessstate.h
[5.305s] -- Installing: /home/motaz/iris_files/iris/install/openslam_gmapping/include//gmapping/grid/harray2d.h
[5.305s] -- Installing: /home/motaz/iris_files/iris/install/openslam_gmapping/include//gmapping/sensor
[5.305s] -- Installing: /home/motaz/iris_files/iris/install/openslam_gmapping/include//gmapping/sensor/sensor_range
[5.305s] -- Installing: /home/motaz/iris_files/iris/install/openslam_gmapping/include//gmapping/sensor/sensor_range/rangesensor.h
[5.305s] -- Installing: /home/motaz/iris_files/iris/install/openslam_gmapping/include//gmapping/sensor/sensor_range/rangereading.h
[5.305s] -- Installing: /home/motaz/iris_files/iris/install/openslam_gmapping/include//gmapping/sensor/sensor_odometry
[5.305s] -- Installing: /home/motaz/iris_files/iris/install/openslam_gmapping/include//gmapping/sensor/sensor_odometry/odometrysensor.h
[5.306s] -- Installing: /home/motaz/iris_files/iris/install/openslam_gmapping/include//gmapping/sensor/sensor_odometry/odometryreading.h
[5.306s] -- Installing: /home/motaz/iris_files/iris/install/openslam_gmapping/include//gmapping/sensor/sensor_base
[5.306s] -- Installing: /home/motaz/iris_files/iris/install/openslam_gmapping/include//gmapping/sensor/sensor_base/sensor.h
[5.306s] -- Installing: /home/motaz/iris_files/iris/install/openslam_gmapping/include//gmapping/sensor/sensor_base/sensorreading.h
[5.306s] -- Installing: /home/motaz/iris_files/iris/install/openslam_gmapping/include//gmapping/particlefilter
[5.306s] -- Installing: /home/motaz/iris_files/iris/install/openslam_gmapping/include//gmapping/particlefilter/particlefilter.h
[5.306s] -- Installing: /home/motaz/iris_files/iris/install/openslam_gmapping/include//gmapping/log
[5.306s] -- Installing: /home/motaz/iris_files/iris/install/openslam_gmapping/include//gmapping/log/sensorlog.h
[5.306s] -- Installing: /home/motaz/iris_files/iris/install/openslam_gmapping/include//gmapping/log/configuration.h
[5.306s] -- Installing: /home/motaz/iris_files/iris/install/openslam_gmapping/share/ament_index/resource_index/package_run_dependencies/openslam_gmapping
[5.307s] -- Installing: /home/motaz/iris_files/iris/install/openslam_gmapping/share/ament_index/resource_index/parent_prefix_path/openslam_gmapping
[5.307s] -- Installing: /home/motaz/iris_files/iris/install/openslam_gmapping/share/openslam_gmapping/environment/ament_prefix_path.sh
[5.307s] -- Installing: /home/motaz/iris_files/iris/install/openslam_gmapping/share/openslam_gmapping/environment/ament_prefix_path.dsv
[5.307s] -- Installing: /home/motaz/iris_files/iris/install/openslam_gmapping/share/openslam_gmapping/environment/path.sh
[5.307s] -- Installing: /home/motaz/iris_files/iris/install/openslam_gmapping/share/openslam_gmapping/environment/path.dsv
[5.307s] -- Installing: /home/motaz/iris_files/iris/install/openslam_gmapping/share/openslam_gmapping/local_setup.bash
[5.307s] -- Installing: /home/motaz/iris_files/iris/install/openslam_gmapping/share/openslam_gmapping/local_setup.sh
[5.307s] -- Installing: /home/motaz/iris_files/iris/install/openslam_gmapping/share/openslam_gmapping/local_setup.zsh
[5.307s] -- Installing: /home/motaz/iris_files/iris/install/openslam_gmapping/share/openslam_gmapping/local_setup.dsv
[5.307s] -- Installing: /home/motaz/iris_files/iris/install/openslam_gmapping/share/openslam_gmapping/package.dsv
[5.308s] -- Installing: /home/motaz/iris_files/iris/install/openslam_gmapping/share/ament_index/resource_index/packages/openslam_gmapping
[5.308s] -- Installing: /home/motaz/iris_files/iris/install/openslam_gmapping/share/openslam_gmapping/cmake/ament_cmake_export_libraries-extras.cmake
[5.308s] -- Installing: /home/motaz/iris_files/iris/install/openslam_gmapping/share/openslam_gmapping/cmake/ament_cmake_export_include_directories-extras.cmake
[5.308s] -- Installing: /home/motaz/iris_files/iris/install/openslam_gmapping/share/openslam_gmapping/cmake/openslam_gmappingConfig.cmake
[5.308s] -- Installing: /home/motaz/iris_files/iris/install/openslam_gmapping/share/openslam_gmapping/cmake/openslam_gmappingConfig-version.cmake
[5.308s] -- Installing: /home/motaz/iris_files/iris/install/openslam_gmapping/share/openslam_gmapping/package.xml
[5.308s] -- Installing: /home/motaz/iris_files/iris/install/openslam_gmapping/lib/libgridfastslam.a
[5.309s] -- Installing: /home/motaz/iris_files/iris/install/openslam_gmapping/lib/libscanmatcher.a
[5.309s] -- Up-to-date: /home/motaz/iris_files/iris/install/openslam_gmapping/share/openslam_gmapping/environment/library_path.sh
[5.309s] -- Up-to-date: /home/motaz/iris_files/iris/install/openslam_gmapping/share/openslam_gmapping/environment/library_path.dsv
[5.309s] -- Installing: /home/motaz/iris_files/iris/install/openslam_gmapping/lib/libsensor_base.a
[5.310s] -- Up-to-date: /home/motaz/iris_files/iris/install/openslam_gmapping/share/openslam_gmapping/environment/library_path.sh
[5.310s] -- Up-to-date: /home/motaz/iris_files/iris/install/openslam_gmapping/share/openslam_gmapping/environment/library_path.dsv
[5.310s] -- Installing: /home/motaz/iris_files/iris/install/openslam_gmapping/lib/libsensor_odometry.a
[5.310s] -- Installing: /home/motaz/iris_files/iris/install/openslam_gmapping/lib/libsensor_range.a
[5.310s] -- Installing: /home/motaz/iris_files/iris/install/openslam_gmapping/lib/libutils.a
[5.310s] -- Up-to-date: /home/motaz/iris_files/iris/install/openslam_gmapping/share/openslam_gmapping/environment/library_path.sh
[5.310s] -- Up-to-date: /home/motaz/iris_files/iris/install/openslam_gmapping/share/openslam_gmapping/environment/library_path.dsv
[5.313s] Invoked command in '/home/motaz/iris_files/iris/build/openslam_gmapping' returned '0': CMAKE_PREFIX_PATH=/opt/ros/humble /usr/bin/cmake --install /home/motaz/iris_files/iris/build/openslam_gmapping
