[0.096s] Invoking command in '/home/motaz/iris_files/iris/build/slam_gmapping': AMENT_PREFIX_PATH=/home/motaz/iris_files/iris/install/openslam_gmapping:${AMENT_PREFIX_PATH} CMAKE_PREFIX_PATH=/home/motaz/iris_files/iris/install/openslam_gmapping:/opt/ros/humble LD_LIBRARY_PATH=/home/motaz/iris_files/iris/install/openslam_gmapping/lib:${LD_LIBRARY_PATH} /usr/bin/cmake --build /home/motaz/iris_files/iris/build/slam_gmapping -- -j8 -l8
[0.793s] [100%] Built target slam_gmapping
[0.881s] Invoked command in '/home/motaz/iris_files/iris/build/slam_gmapping' returned '0': AMENT_PREFIX_PATH=/home/motaz/iris_files/iris/install/openslam_gmapping:${AMENT_PREFIX_PATH} CMAKE_PREFIX_PATH=/home/motaz/iris_files/iris/install/openslam_gmapping:/opt/ros/humble LD_LIBRARY_PATH=/home/motaz/iris_files/iris/install/openslam_gmapping/lib:${LD_LIBRARY_PATH} /usr/bin/cmake --build /home/motaz/iris_files/iris/build/slam_gmapping -- -j8 -l8
[1.149s] Invoking command in '/home/motaz/iris_files/iris/build/slam_gmapping': AMENT_PREFIX_PATH=/home/motaz/iris_files/iris/install/openslam_gmapping:${AMENT_PREFIX_PATH} CMAKE_PREFIX_PATH=/home/motaz/iris_files/iris/install/openslam_gmapping:/opt/ros/humble LD_LIBRARY_PATH=/home/motaz/iris_files/iris/install/openslam_gmapping/lib:${LD_LIBRARY_PATH} /usr/bin/cmake --install /home/motaz/iris_files/iris/build/slam_gmapping
[1.231s] -- Install configuration: ""
[1.236s] -- Up-to-date: /home/motaz/iris_files/iris/install/slam_gmapping/lib/slam_gmapping/slam_gmapping
[1.238s] -- Up-to-date: /home/motaz/iris_files/iris/install/slam_gmapping/share/slam_gmapping/launch
[1.245s] -- Up-to-date: /home/motaz/iris_files/iris/install/slam_gmapping/share/slam_gmapping/launch/slam_gmapping.launch.py
[1.245s] -- Up-to-date: /home/motaz/iris_files/iris/install/slam_gmapping/share/ament_index/resource_index/package_run_dependencies/slam_gmapping
[1.246s] -- Up-to-date: /home/motaz/iris_files/iris/install/slam_gmapping/share/ament_index/resource_index/parent_prefix_path/slam_gmapping
[1.246s] -- Up-to-date: /home/motaz/iris_files/iris/install/slam_gmapping/share/slam_gmapping/environment/ament_prefix_path.sh
[1.246s] -- Up-to-date: /home/motaz/iris_files/iris/install/slam_gmapping/share/slam_gmapping/environment/ament_prefix_path.dsv
[1.246s] -- Up-to-date: /home/motaz/iris_files/iris/install/slam_gmapping/share/slam_gmapping/environment/path.sh
[1.246s] -- Up-to-date: /home/motaz/iris_files/iris/install/slam_gmapping/share/slam_gmapping/environment/path.dsv
[1.246s] -- Up-to-date: /home/motaz/iris_files/iris/install/slam_gmapping/share/slam_gmapping/local_setup.bash
[1.246s] -- Up-to-date: /home/motaz/iris_files/iris/install/slam_gmapping/share/slam_gmapping/local_setup.sh
[1.247s] -- Up-to-date: /home/motaz/iris_files/iris/install/slam_gmapping/share/slam_gmapping/local_setup.zsh
[1.248s] -- Up-to-date: /home/motaz/iris_files/iris/install/slam_gmapping/share/slam_gmapping/local_setup.dsv
[1.248s] -- Installing: /home/motaz/iris_files/iris/install/slam_gmapping/share/slam_gmapping/package.dsv
[1.249s] -- Up-to-date: /home/motaz/iris_files/iris/install/slam_gmapping/share/ament_index/resource_index/packages/slam_gmapping
[1.250s] -- Up-to-date: /home/motaz/iris_files/iris/install/slam_gmapping/share/slam_gmapping/cmake/slam_gmappingConfig.cmake
[1.251s] -- Up-to-date: /home/motaz/iris_files/iris/install/slam_gmapping/share/slam_gmapping/cmake/slam_gmappingConfig-version.cmake
[1.251s] -- Up-to-date: /home/motaz/iris_files/iris/install/slam_gmapping/share/slam_gmapping/package.xml
[1.268s] Invoked command in '/home/motaz/iris_files/iris/build/slam_gmapping' returned '0': AMENT_PREFIX_PATH=/home/motaz/iris_files/iris/install/openslam_gmapping:${AMENT_PREFIX_PATH} CMAKE_PREFIX_PATH=/home/motaz/iris_files/iris/install/openslam_gmapping:/opt/ros/humble LD_LIBRARY_PATH=/home/motaz/iris_files/iris/install/openslam_gmapping/lib:${LD_LIBRARY_PATH} /usr/bin/cmake --install /home/motaz/iris_files/iris/build/slam_gmapping
