[0.854s] Invoking command in '/home/motaz/iris_files/iris/src/iris_drone': PYTHONPATH=/home/motaz/iris_files/iris/build/iris_drone/prefix_override:/usr/lib/python3/dist-packages/colcon_core/task/python/colcon_distutils_commands:/home/motaz/iris_files/iris/install/iris_drone/lib/python3.10/site-packages:${PYTHONPATH} /usr/bin/python3 -W ignore:setup.py install is deprecated setup.py egg_info --egg-base ../../build/iris_drone build --build-base /home/motaz/iris_files/iris/build/iris_drone/build install --record /home/motaz/iris_files/iris/build/iris_drone/install.log --single-version-externally-managed install_data
[1.102s] running egg_info
[1.118s] writing ../../build/iris_drone/iris_drone.egg-info/PKG-INFO
[1.119s] writing dependency_links to ../../build/iris_drone/iris_drone.egg-info/dependency_links.txt
[1.119s] writing entry points to ../../build/iris_drone/iris_drone.egg-info/entry_points.txt
[1.120s] writing requirements to ../../build/iris_drone/iris_drone.egg-info/requires.txt
[1.120s] writing top-level names to ../../build/iris_drone/iris_drone.egg-info/top_level.txt
[1.156s] reading manifest file '../../build/iris_drone/iris_drone.egg-info/SOURCES.txt'
[1.158s] writing manifest file '../../build/iris_drone/iris_drone.egg-info/SOURCES.txt'
[1.158s] running build
[1.158s] running build_py
[1.158s] copying iris_drone/test.py -> /home/motaz/iris_files/iris/build/iris_drone/build/lib/iris_drone
[1.158s] copying iris_drone/mission.py -> /home/motaz/iris_files/iris/build/iris_drone/build/lib/iris_drone
[1.159s] running install
[1.163s] running install_lib
[1.180s] running install_data
[1.180s] copying package.xml -> /home/motaz/iris_files/iris/install/iris_drone/share/iris_drone
[1.181s] copying launch/iris.launch.py -> /home/motaz/iris_files/iris/install/iris_drone/share/iris_drone/launch
[1.181s] copying worlds/odeh.world -> /home/motaz/iris_files/iris/install/iris_drone/share/iris_drone/worlds
[1.181s] copying urdf/iris_demo.xacro -> /home/motaz/iris_files/iris/install/iris_drone/share/iris_drone/urdf
[1.181s] running install_egg_info
[1.199s] removing '/home/motaz/iris_files/iris/install/iris_drone/lib/python3.10/site-packages/iris_drone-0.0.0-py3.10.egg-info' (and everything under it)
[1.199s] Copying ../../build/iris_drone/iris_drone.egg-info to /home/motaz/iris_files/iris/install/iris_drone/lib/python3.10/site-packages/iris_drone-0.0.0-py3.10.egg-info
[1.200s] running install_scripts
[1.347s] Installing ardupilot script to /home/motaz/iris_files/iris/install/iris_drone/lib/iris_drone
[1.347s] Installing mission script to /home/motaz/iris_files/iris/install/iris_drone/lib/iris_drone
[1.348s] Installing odom_pub script to /home/motaz/iris_files/iris/install/iris_drone/lib/iris_drone
[1.348s] Installing test script to /home/motaz/iris_files/iris/install/iris_drone/lib/iris_drone
[1.348s] Installing tf_pub script to /home/motaz/iris_files/iris/install/iris_drone/lib/iris_drone
[1.348s] writing list of installed files to '/home/motaz/iris_files/iris/build/iris_drone/install.log'
[1.369s] Invoked command in '/home/motaz/iris_files/iris/src/iris_drone' returned '0': PYTHONPATH=/home/motaz/iris_files/iris/build/iris_drone/prefix_override:/usr/lib/python3/dist-packages/colcon_core/task/python/colcon_distutils_commands:/home/motaz/iris_files/iris/install/iris_drone/lib/python3.10/site-packages:${PYTHONPATH} /usr/bin/python3 -W ignore:setup.py install is deprecated setup.py egg_info --egg-base ../../build/iris_drone build --build-base /home/motaz/iris_files/iris/build/iris_drone/build install --record /home/motaz/iris_files/iris/build/iris_drone/install.log --single-version-externally-managed install_data
