Traceback (most recent call last):
  File "/home/motaz/iris_files/iris/src/iris_drone/setup.py", line 1, in <module>
    from setuptools import find_packages, setup
  File "/home/motaz/.local/lib/python3.10/site-packages/setuptools/__init__.py", line 22, in <module>
    import _distutils_hack.override  # noqa: F401
  File "/home/motaz/.local/lib/python3.10/site-packages/_distutils_hack/override.py", line 1, in <module>
    __import__('_distutils_hack').do_override()
  File "/home/motaz/.local/lib/python3.10/site-packages/_distutils_hack/__init__.py", line 90, in do_override
    ensure_local_distutils()
  File "/home/motaz/.local/lib/python3.10/site-packages/_distutils_hack/__init__.py", line 73, in ensure_local_distutils
    importlib.import_module('distutils')
  File "/usr/lib/python3.10/importlib/__init__.py", line 126, in import_module
    return _bootstrap._gcd_import(name[level:], package, level)
  File "<frozen importlib._bootstrap>", line 1050, in _gcd_import
  File "<frozen importlib._bootstrap>", line 1027, in _find_and_load
  File "<frozen importlib._bootstrap>", line 1002, in _find_and_load_unlocked
  File "<frozen importlib._bootstrap>", line 945, in _find_spec
  File "/home/motaz/.local/lib/python3.10/site-packages/_distutils_hack/__init__.py", line 110, in find_spec
    return method()
  File "/home/motaz/.local/lib/python3.10/site-packages/_distutils_hack/__init__.py", line 121, in spec_for_distutils
    mod = importlib.import_module('setuptools._distutils')
  File "/usr/lib/python3.10/importlib/__init__.py", line 126, in import_module
    return _bootstrap._gcd_import(name[level:], package, level)
  File "/home/motaz/.local/lib/python3.10/site-packages/setuptools/_distutils/__init__.py", line 12, in <module>
    importlib.import_module('_distutils_system_mod')
  File "/usr/lib/python3.10/importlib/__init__.py", line 126, in import_module
    return _bootstrap._gcd_import(name[level:], package, level)
  File "/usr/lib/python3.10/_distutils_system_mod.py", line 15, in <module>
    import distutils.sysconfig
  File "/home/motaz/.local/lib/python3.10/site-packages/setuptools/_distutils/sysconfig.py", line 22, in <module>
    from .util import is_mingw
  File "/home/motaz/.local/lib/python3.10/site-packages/setuptools/_distutils/util.py", line 21, in <module>
    from ._log import log
  File "/home/motaz/.local/lib/python3.10/site-packages/setuptools/_distutils/_log.py", line 1, in <module>
    import logging
  File "<frozen importlib._bootstrap>", line 1027, in _find_and_load
  File "<frozen importlib._bootstrap>", line 1002, in _find_and_load_unlocked
  File "<frozen importlib._bootstrap>", line 945, in _find_spec
  File "<frozen importlib._bootstrap_external>", line 1439, in find_spec
  File "<frozen importlib._bootstrap_external>", line 1411, in _get_spec
  File "<frozen importlib._bootstrap_external>", line 1572, in find_spec
  File "<frozen importlib._bootstrap_external>", line 128, in _path_join
  File "<frozen importlib._bootstrap_external>", line 128, in <listcomp>
KeyboardInterrupt
