[4.093s] Invoking command in '/home/motaz/iris_files/iris/src/iris_drone': PYTHONPATH=/home/motaz/iris_files/iris/build/iris_drone/prefix_override:/usr/lib/python3/dist-packages/colcon_core/task/python/colcon_distutils_commands:/home/motaz/iris_files/iris/install/iris_drone/lib/python3.10/site-packages:${PYTHONPATH} /usr/bin/python3 -W ignore:setup.py install is deprecated setup.py egg_info --egg-base ../../build/iris_drone build --build-base /home/motaz/iris_files/iris/build/iris_drone/build install --record /home/motaz/iris_files/iris/build/iris_drone/install.log --single-version-externally-managed install_data
[4.261s] Traceback (most recent call last):
[4.261s]   File "/home/motaz/iris_files/iris/src/iris_drone/setup.py", line 1, in <module>
[4.261s]     from setuptools import find_packages, setup
[4.261s]   File "/home/motaz/.local/lib/python3.10/site-packages/setuptools/__init__.py", line 22, in <module>
[4.267s]     import _distutils_hack.override  # noqa: F401
[4.267s]   File "/home/motaz/.local/lib/python3.10/site-packages/_distutils_hack/override.py", line 1, in <module>
[4.269s]     __import__('_distutils_hack').do_override()
[4.270s]   File "/home/motaz/.local/lib/python3.10/site-packages/_distutils_hack/__init__.py", line 90, in do_override
[4.270s]     ensure_local_distutils()
[4.271s]   File "/home/motaz/.local/lib/python3.10/site-packages/_distutils_hack/__init__.py", line 73, in ensure_local_distutils
[4.271s]     importlib.import_module('distutils')
[4.271s]   File "/usr/lib/python3.10/importlib/__init__.py", line 126, in import_module
[4.271s]     return _bootstrap._gcd_import(name[level:], package, level)
[4.272s]   File "<frozen importlib._bootstrap>", line 1050, in _gcd_import
[4.272s]   File "<frozen importlib._bootstrap>", line 1027, in _find_and_load
[4.272s]   File "<frozen importlib._bootstrap>", line 1002, in _find_and_load_unlocked
[4.272s]   File "<frozen importlib._bootstrap>", line 945, in _find_spec
[4.273s]   File "/home/motaz/.local/lib/python3.10/site-packages/_distutils_hack/__init__.py", line 110, in find_spec
[4.273s]     return method()
[4.273s]   File "/home/motaz/.local/lib/python3.10/site-packages/_distutils_hack/__init__.py", line 121, in spec_for_distutils
[4.273s]     mod = importlib.import_module('setuptools._distutils')
[4.273s]   File "/usr/lib/python3.10/importlib/__init__.py", line 126, in import_module
[4.274s]     return _bootstrap._gcd_import(name[level:], package, level)
[4.274s]   File "/home/motaz/.local/lib/python3.10/site-packages/setuptools/_distutils/__init__.py", line 12, in <module>
[4.274s]     importlib.import_module('_distutils_system_mod')
[4.274s]   File "/usr/lib/python3.10/importlib/__init__.py", line 126, in import_module
[4.274s]     return _bootstrap._gcd_import(name[level:], package, level)
[4.274s]   File "/usr/lib/python3.10/_distutils_system_mod.py", line 15, in <module>
[4.274s]     import distutils.sysconfig
[4.274s]   File "/home/motaz/.local/lib/python3.10/site-packages/setuptools/_distutils/sysconfig.py", line 22, in <module>
[4.274s]     from .util import is_mingw
[4.274s]   File "/home/motaz/.local/lib/python3.10/site-packages/setuptools/_distutils/util.py", line 21, in <module>
[4.275s]     from ._log import log
[4.276s]   File "/home/motaz/.local/lib/python3.10/site-packages/setuptools/_distutils/_log.py", line 1, in <module>
[4.280s]     import logging
[4.281s]   File "<frozen importlib._bootstrap>", line 1027, in _find_and_load
[4.282s]   File "<frozen importlib._bootstrap>", line 1002, in _find_and_load_unlocked
[4.283s]   File "<frozen importlib._bootstrap>", line 945, in _find_spec
[4.283s]   File "<frozen importlib._bootstrap_external>", line 1439, in find_spec
[4.283s]   File "<frozen importlib._bootstrap_external>", line 1411, in _get_spec
[4.283s]   File "<frozen importlib._bootstrap_external>", line 1572, in find_spec
[4.284s]   File "<frozen importlib._bootstrap_external>", line 128, in _path_join
[4.284s]   File "<frozen importlib._bootstrap_external>", line 128, in <listcomp>
[4.284s] KeyboardInterrupt
[4.328s] Invoked command in '/home/motaz/iris_files/iris/src/iris_drone' returned '-2': PYTHONPATH=/home/motaz/iris_files/iris/build/iris_drone/prefix_override:/usr/lib/python3/dist-packages/colcon_core/task/python/colcon_distutils_commands:/home/motaz/iris_files/iris/install/iris_drone/lib/python3.10/site-packages:${PYTHONPATH} /usr/bin/python3 -W ignore:setup.py install is deprecated setup.py egg_info --egg-base ../../build/iris_drone build --build-base /home/motaz/iris_files/iris/build/iris_drone/build install --record /home/motaz/iris_files/iris/build/iris_drone/install.log --single-version-externally-managed install_data
