[1.001s] Invoking command in '/home/motaz/iris_files/iris/src/iris_drone': PYTHONPATH=/home/motaz/iris_files/iris/build/iris_drone/prefix_override:/usr/lib/python3/dist-packages/colcon_core/task/python/colcon_distutils_commands:/home/motaz/iris_files/iris/install/iris_drone/lib/python3.10/site-packages:${PYTHONPATH} /usr/bin/python3 -W ignore:setup.py install is deprecated setup.py egg_info --egg-base ../../build/iris_drone build --build-base /home/motaz/iris_files/iris/build/iris_drone/build install --record /home/motaz/iris_files/iris/build/iris_drone/install.log --single-version-externally-managed install_data
[1.269s] running egg_info
[1.288s] writing ../../build/iris_drone/iris_drone.egg-info/PKG-INFO
[1.288s] writing dependency_links to ../../build/iris_drone/iris_drone.egg-info/dependency_links.txt
[1.288s] writing entry points to ../../build/iris_drone/iris_drone.egg-info/entry_points.txt
[1.288s] writing requirements to ../../build/iris_drone/iris_drone.egg-info/requires.txt
[1.289s] writing top-level names to ../../build/iris_drone/iris_drone.egg-info/top_level.txt
[1.328s] reading manifest file '../../build/iris_drone/iris_drone.egg-info/SOURCES.txt'
[1.329s] writing manifest file '../../build/iris_drone/iris_drone.egg-info/SOURCES.txt'
[1.330s] running build
[1.330s] running build_py
[1.330s] copying iris_drone/test.py -> /home/motaz/iris_files/iris/build/iris_drone/build/lib/iris_drone
[1.330s] copying iris_drone/mission.py -> /home/motaz/iris_files/iris/build/iris_drone/build/lib/iris_drone
[1.330s] running install
[1.335s] running install_lib
[1.353s] copying /home/motaz/iris_files/iris/build/iris_drone/build/lib/iris_drone/test.py -> /home/motaz/iris_files/iris/install/iris_drone/lib/python3.10/site-packages/iris_drone
[1.354s] byte-compiling /home/motaz/iris_files/iris/install/iris_drone/lib/python3.10/site-packages/iris_drone/test.py to test.cpython-310.pyc
[1.355s] running install_data
[1.355s] copying package.xml -> /home/motaz/iris_files/iris/install/iris_drone/share/iris_drone
[1.355s] copying launch/iris.launch.py -> /home/motaz/iris_files/iris/install/iris_drone/share/iris_drone/launch
[1.355s] copying worlds/odeh.world -> /home/motaz/iris_files/iris/install/iris_drone/share/iris_drone/worlds
[1.356s] copying urdf/iris_demo.xacro -> /home/motaz/iris_files/iris/install/iris_drone/share/iris_drone/urdf
[1.356s] running install_egg_info
[1.375s] removing '/home/motaz/iris_files/iris/install/iris_drone/lib/python3.10/site-packages/iris_drone-0.0.0-py3.10.egg-info' (and everything under it)
[1.375s] Copying ../../build/iris_drone/iris_drone.egg-info to /home/motaz/iris_files/iris/install/iris_drone/lib/python3.10/site-packages/iris_drone-0.0.0-py3.10.egg-info
[1.376s] running install_scripts
[1.536s] Installing ardupilot script to /home/motaz/iris_files/iris/install/iris_drone/lib/iris_drone
[1.536s] Installing mission script to /home/motaz/iris_files/iris/install/iris_drone/lib/iris_drone
[1.536s] Installing odom_pub script to /home/motaz/iris_files/iris/install/iris_drone/lib/iris_drone
[1.536s] Installing tf_pub script to /home/motaz/iris_files/iris/install/iris_drone/lib/iris_drone
[1.537s] writing list of installed files to '/home/motaz/iris_files/iris/build/iris_drone/install.log'
[1.567s] Invoked command in '/home/motaz/iris_files/iris/src/iris_drone' returned '0': PYTHONPATH=/home/motaz/iris_files/iris/build/iris_drone/prefix_override:/usr/lib/python3/dist-packages/colcon_core/task/python/colcon_distutils_commands:/home/motaz/iris_files/iris/install/iris_drone/lib/python3.10/site-packages:${PYTHONPATH} /usr/bin/python3 -W ignore:setup.py install is deprecated setup.py egg_info --egg-base ../../build/iris_drone build --build-base /home/motaz/iris_files/iris/build/iris_drone/build install --record /home/motaz/iris_files/iris/build/iris_drone/install.log --single-version-externally-managed install_data
