[0.057s] Invoking command in '/home/motaz/iris_files/iris/build/openslam_gmapping': CMAKE_PREFIX_PATH=/opt/ros/humble /usr/bin/cmake --build /home/motaz/iris_files/iris/build/openslam_gmapping -- -j8 -l8
[3.330s] [ 27%] Built target utils
[3.331s] [ 27%] Built target sensor_base
[3.694s] [ 40%] Built target sensor_odometry
[3.722s] [ 54%] Built target sensor_range
[4.007s] [ 77%] Built target scanmatcher
[4.088s] [100%] Built target gridfastslam
[4.166s] Invoked command in '/home/motaz/iris_files/iris/build/openslam_gmapping' returned '0': CMAKE_PREFIX_PATH=/opt/ros/humble /usr/bin/cmake --build /home/motaz/iris_files/iris/build/openslam_gmapping -- -j8 -l8
[4.244s] Invoking command in '/home/motaz/iris_files/iris/build/openslam_gmapping': CMAKE_PREFIX_PATH=/opt/ros/humble /usr/bin/cmake --install /home/motaz/iris_files/iris/build/openslam_gmapping
[4.270s] -- Install configuration: ""
[4.271s] -- Up-to-date: /home/motaz/iris_files/iris/install/openslam_gmapping/share/openslam_gmapping/environment/library_path.sh
[4.272s] -- Up-to-date: /home/motaz/iris_files/iris/install/openslam_gmapping/share/openslam_gmapping/environment/library_path.dsv
[4.273s] -- Up-to-date: /home/motaz/iris_files/iris/install/openslam_gmapping/include/
[4.275s] -- Up-to-date: /home/motaz/iris_files/iris/install/openslam_gmapping/include//gmapping
[4.275s] -- Up-to-date: /home/motaz/iris_files/iris/install/openslam_gmapping/include//gmapping/scanmatcher
[4.275s] -- Up-to-date: /home/motaz/iris_files/iris/install/openslam_gmapping/include//gmapping/scanmatcher/scanmatcher.h
[4.276s] -- Up-to-date: /home/motaz/iris_files/iris/install/openslam_gmapping/include//gmapping/scanmatcher/icp.h
[4.276s] -- Up-to-date: /home/motaz/iris_files/iris/install/openslam_gmapping/include//gmapping/scanmatcher/smmap.h
[4.276s] -- Up-to-date: /home/motaz/iris_files/iris/install/openslam_gmapping/include//gmapping/utils
[4.276s] -- Up-to-date: /home/motaz/iris_files/iris/install/openslam_gmapping/include//gmapping/utils/macro_params.h
[4.276s] -- Up-to-date: /home/motaz/iris_files/iris/install/openslam_gmapping/include//gmapping/utils/autoptr.h
[4.276s] -- Up-to-date: /home/motaz/iris_files/iris/install/openslam_gmapping/include//gmapping/utils/stat.h
[4.276s] -- Up-to-date: /home/motaz/iris_files/iris/install/openslam_gmapping/include//gmapping/utils/gvalues.h
[4.277s] -- Up-to-date: /home/motaz/iris_files/iris/install/openslam_gmapping/include//gmapping/utils/point.h
[4.277s] -- Up-to-date: /home/motaz/iris_files/iris/install/openslam_gmapping/include//gmapping/utils/commandline.h
[4.277s] -- Up-to-date: /home/motaz/iris_files/iris/install/openslam_gmapping/include//gmapping/gridfastslam
[4.277s] -- Up-to-date: /home/motaz/iris_files/iris/install/openslam_gmapping/include//gmapping/gridfastslam/motionmodel.h
[4.278s] -- Up-to-date: /home/motaz/iris_files/iris/install/openslam_gmapping/include//gmapping/gridfastslam/gridslamprocessor.h
[4.278s] -- Up-to-date: /home/motaz/iris_files/iris/install/openslam_gmapping/include//gmapping/gridfastslam/gridslamprocessor.hxx
[4.279s] -- Up-to-date: /home/motaz/iris_files/iris/install/openslam_gmapping/include//gmapping/grid
[4.279s] -- Up-to-date: /home/motaz/iris_files/iris/install/openslam_gmapping/include//gmapping/grid/array2d.h
[4.279s] -- Up-to-date: /home/motaz/iris_files/iris/install/openslam_gmapping/include//gmapping/grid/map.h
[4.279s] -- Up-to-date: /home/motaz/iris_files/iris/install/openslam_gmapping/include//gmapping/grid/accessstate.h
[4.279s] -- Up-to-date: /home/motaz/iris_files/iris/install/openslam_gmapping/include//gmapping/grid/harray2d.h
[4.280s] -- Up-to-date: /home/motaz/iris_files/iris/install/openslam_gmapping/include//gmapping/sensor
[4.280s] -- Up-to-date: /home/motaz/iris_files/iris/install/openslam_gmapping/include//gmapping/sensor/sensor_range
[4.280s] -- Up-to-date: /home/motaz/iris_files/iris/install/openslam_gmapping/include//gmapping/sensor/sensor_range/rangesensor.h
[4.280s] -- Up-to-date: /home/motaz/iris_files/iris/install/openslam_gmapping/include//gmapping/sensor/sensor_range/rangereading.h
[4.280s] -- Up-to-date: /home/motaz/iris_files/iris/install/openslam_gmapping/include//gmapping/sensor/sensor_odometry
[4.281s] -- Up-to-date: /home/motaz/iris_files/iris/install/openslam_gmapping/include//gmapping/sensor/sensor_odometry/odometrysensor.h
[4.281s] -- Up-to-date: /home/motaz/iris_files/iris/install/openslam_gmapping/include//gmapping/sensor/sensor_odometry/odometryreading.h
[4.281s] -- Up-to-date: /home/motaz/iris_files/iris/install/openslam_gmapping/include//gmapping/sensor/sensor_base
[4.282s] -- Up-to-date: /home/motaz/iris_files/iris/install/openslam_gmapping/include//gmapping/sensor/sensor_base/sensor.h
[4.282s] -- Up-to-date: /home/motaz/iris_files/iris/install/openslam_gmapping/include//gmapping/sensor/sensor_base/sensorreading.h
[4.282s] -- Up-to-date: /home/motaz/iris_files/iris/install/openslam_gmapping/include//gmapping/particlefilter
[4.282s] -- Up-to-date: /home/motaz/iris_files/iris/install/openslam_gmapping/include//gmapping/particlefilter/particlefilter.h
[4.282s] -- Up-to-date: /home/motaz/iris_files/iris/install/openslam_gmapping/include//gmapping/log
[4.283s] -- Up-to-date: /home/motaz/iris_files/iris/install/openslam_gmapping/include//gmapping/log/sensorlog.h
[4.283s] -- Up-to-date: /home/motaz/iris_files/iris/install/openslam_gmapping/include//gmapping/log/configuration.h
[4.283s] -- Up-to-date: /home/motaz/iris_files/iris/install/openslam_gmapping/share/ament_index/resource_index/package_run_dependencies/openslam_gmapping
[4.283s] -- Up-to-date: /home/motaz/iris_files/iris/install/openslam_gmapping/share/ament_index/resource_index/parent_prefix_path/openslam_gmapping
[4.283s] -- Up-to-date: /home/motaz/iris_files/iris/install/openslam_gmapping/share/openslam_gmapping/environment/ament_prefix_path.sh
[4.284s] -- Up-to-date: /home/motaz/iris_files/iris/install/openslam_gmapping/share/openslam_gmapping/environment/ament_prefix_path.dsv
[4.285s] -- Up-to-date: /home/motaz/iris_files/iris/install/openslam_gmapping/share/openslam_gmapping/environment/path.sh
[4.287s] -- Up-to-date: /home/motaz/iris_files/iris/install/openslam_gmapping/share/openslam_gmapping/environment/path.dsv
[4.288s] -- Up-to-date: /home/motaz/iris_files/iris/install/openslam_gmapping/share/openslam_gmapping/local_setup.bash
[4.291s] -- Up-to-date: /home/motaz/iris_files/iris/install/openslam_gmapping/share/openslam_gmapping/local_setup.sh
[4.292s] -- Up-to-date: /home/motaz/iris_files/iris/install/openslam_gmapping/share/openslam_gmapping/local_setup.zsh
[4.292s] -- Up-to-date: /home/motaz/iris_files/iris/install/openslam_gmapping/share/openslam_gmapping/local_setup.dsv
[4.293s] -- Installing: /home/motaz/iris_files/iris/install/openslam_gmapping/share/openslam_gmapping/package.dsv
[4.294s] -- Up-to-date: /home/motaz/iris_files/iris/install/openslam_gmapping/share/ament_index/resource_index/packages/openslam_gmapping
[4.295s] -- Up-to-date: /home/motaz/iris_files/iris/install/openslam_gmapping/share/openslam_gmapping/cmake/ament_cmake_export_libraries-extras.cmake
[4.295s] -- Up-to-date: /home/motaz/iris_files/iris/install/openslam_gmapping/share/openslam_gmapping/cmake/ament_cmake_export_include_directories-extras.cmake
[4.295s] -- Up-to-date: /home/motaz/iris_files/iris/install/openslam_gmapping/share/openslam_gmapping/cmake/openslam_gmappingConfig.cmake
[4.295s] -- Up-to-date: /home/motaz/iris_files/iris/install/openslam_gmapping/share/openslam_gmapping/cmake/openslam_gmappingConfig-version.cmake
[4.295s] -- Up-to-date: /home/motaz/iris_files/iris/install/openslam_gmapping/share/openslam_gmapping/package.xml
[4.295s] -- Up-to-date: /home/motaz/iris_files/iris/install/openslam_gmapping/lib/libgridfastslam.a
[4.295s] -- Up-to-date: /home/motaz/iris_files/iris/install/openslam_gmapping/lib/libscanmatcher.a
[4.296s] -- Up-to-date: /home/motaz/iris_files/iris/install/openslam_gmapping/share/openslam_gmapping/environment/library_path.sh
[4.296s] -- Up-to-date: /home/motaz/iris_files/iris/install/openslam_gmapping/share/openslam_gmapping/environment/library_path.dsv
[4.296s] -- Up-to-date: /home/motaz/iris_files/iris/install/openslam_gmapping/lib/libsensor_base.a
[4.296s] -- Up-to-date: /home/motaz/iris_files/iris/install/openslam_gmapping/share/openslam_gmapping/environment/library_path.sh
[4.296s] -- Up-to-date: /home/motaz/iris_files/iris/install/openslam_gmapping/share/openslam_gmapping/environment/library_path.dsv
[4.296s] -- Up-to-date: /home/motaz/iris_files/iris/install/openslam_gmapping/lib/libsensor_odometry.a
[4.296s] -- Up-to-date: /home/motaz/iris_files/iris/install/openslam_gmapping/lib/libsensor_range.a
[4.296s] -- Up-to-date: /home/motaz/iris_files/iris/install/openslam_gmapping/lib/libutils.a
[4.296s] -- Up-to-date: /home/motaz/iris_files/iris/install/openslam_gmapping/share/openslam_gmapping/environment/library_path.sh
[4.297s] -- Up-to-date: /home/motaz/iris_files/iris/install/openslam_gmapping/share/openslam_gmapping/environment/library_path.dsv
[4.301s] Invoked command in '/home/motaz/iris_files/iris/build/openslam_gmapping' returned '0': CMAKE_PREFIX_PATH=/opt/ros/humble /usr/bin/cmake --install /home/motaz/iris_files/iris/build/openslam_gmapping
