[7.748s] Invoking command in '/home/motaz/iris_files/iris/src/iris_drone': PYTHONPATH=/home/motaz/iris_files/iris/build/iris_drone/prefix_override:/usr/lib/python3/dist-packages/colcon_core/task/python/colcon_distutils_commands:/home/motaz/iris_files/iris/install/iris_drone/lib/python3.10/site-packages:${PYTHONPATH} /usr/bin/python3 -W ignore:setup.py install is deprecated setup.py egg_info --egg-base ../../build/iris_drone build --build-base /home/motaz/iris_files/iris/build/iris_drone/build install --record /home/motaz/iris_files/iris/build/iris_drone/install.log --single-version-externally-managed install_data
[8.800s] running egg_info
[8.871s] writing ../../build/iris_drone/iris_drone.egg-info/PKG-INFO
[8.885s] writing dependency_links to ../../build/iris_drone/iris_drone.egg-info/dependency_links.txt
[8.885s] writing entry points to ../../build/iris_drone/iris_drone.egg-info/entry_points.txt
[8.886s] writing requirements to ../../build/iris_drone/iris_drone.egg-info/requires.txt
[8.886s] writing top-level names to ../../build/iris_drone/iris_drone.egg-info/top_level.txt
[9.053s] reading manifest file '../../build/iris_drone/iris_drone.egg-info/SOURCES.txt'
[9.068s] writing manifest file '../../build/iris_drone/iris_drone.egg-info/SOURCES.txt'
[9.069s] running build
[9.069s] running build_py
[9.070s] copying iris_drone/mission.py -> /home/motaz/iris_files/iris/build/iris_drone/build/lib/iris_drone
[9.072s] running install
[9.092s] running install_lib
[9.176s] running install_data
[9.180s] copying package.xml -> /home/motaz/iris_files/iris/install/iris_drone/share/iris_drone
[9.184s] copying launch/iris.launch.py -> /home/motaz/iris_files/iris/install/iris_drone/share/iris_drone/launch
[9.188s] copying worlds/odeh.world -> /home/motaz/iris_files/iris/install/iris_drone/share/iris_drone/worlds
[9.190s] copying urdf/iris_demo.xacro -> /home/motaz/iris_files/iris/install/iris_drone/share/iris_drone/urdf
[9.192s] running install_egg_info
[9.266s] removing '/home/motaz/iris_files/iris/install/iris_drone/lib/python3.10/site-packages/iris_drone-0.0.0-py3.10.egg-info' (and everything under it)
[9.273s] Copying ../../build/iris_drone/iris_drone.egg-info to /home/motaz/iris_files/iris/install/iris_drone/lib/python3.10/site-packages/iris_drone-0.0.0-py3.10.egg-info
[9.275s] running install_scripts
[9.978s] Installing ardupilot script to /home/motaz/iris_files/iris/install/iris_drone/lib/iris_drone
[9.978s] Installing mission script to /home/motaz/iris_files/iris/install/iris_drone/lib/iris_drone
[9.979s] Installing odom_pub script to /home/motaz/iris_files/iris/install/iris_drone/lib/iris_drone
[9.979s] Installing tf_pub script to /home/motaz/iris_files/iris/install/iris_drone/lib/iris_drone
[9.979s] writing list of installed files to '/home/motaz/iris_files/iris/build/iris_drone/install.log'
[10.174s] Invoked command in '/home/motaz/iris_files/iris/src/iris_drone' returned '0': PYTHONPATH=/home/motaz/iris_files/iris/build/iris_drone/prefix_override:/usr/lib/python3/dist-packages/colcon_core/task/python/colcon_distutils_commands:/home/motaz/iris_files/iris/install/iris_drone/lib/python3.10/site-packages:${PYTHONPATH} /usr/bin/python3 -W ignore:setup.py install is deprecated setup.py egg_info --egg-base ../../build/iris_drone build --build-base /home/motaz/iris_files/iris/build/iris_drone/build install --record /home/motaz/iris_files/iris/build/iris_drone/install.log --single-version-externally-managed install_data
