[0.128s] DEBUG:colcon:Command line arguments: ['/usr/bin/colcon', 'build']
[0.128s] DEBUG:colcon:Parsed command line arguments: Namespace(log_base=None, log_level=None, verb_name='build', build_base='build', install_base='install', merge_install=False, symlink_install=False, test_result_base=None, continue_on_error=False, executor='parallel', parallel_workers=8, event_handlers=None, ignore_user_meta=False, metas=['./colcon.meta'], base_paths=['.'], packages_ignore=None, packages_ignore_regex=None, paths=None, packages_up_to=None, packages_up_to_regex=None, packages_above=None, packages_above_and_dependencies=None, packages_above_depth=None, packages_select_by_dep=None, packages_skip_by_dep=None, packages_skip_up_to=None, packages_select_build_failed=False, packages_skip_build_finished=False, packages_select_test_failures=False, packages_skip_test_passed=False, packages_select=None, packages_skip=None, packages_select_regex=None, packages_skip_regex=None, packages_start=None, packages_end=None, allow_overriding=[], cmake_args=None, cmake_target=None, cmake_target_skip_unavailable=False, cmake_clean_cache=False, cmake_clean_first=False, cmake_force_configure=False, ament_cmake_args=None, catkin_cmake_args=None, catkin_skip_building_tests=False, verb_parser=<colcon_defaults.argument_parser.defaults.DefaultArgumentsDecorator object at 0x703bdea415d0>, verb_extension=<colcon_core.verb.build.BuildVerb object at 0x703bdea410c0>, main=<bound method BuildVerb.main of <colcon_core.verb.build.BuildVerb object at 0x703bdea410c0>>)
[0.167s] Level 1:colcon.colcon_core.package_discovery:discover_packages(colcon_meta) check parameters
[0.167s] Level 1:colcon.colcon_core.package_discovery:discover_packages(recursive) check parameters
[0.167s] Level 1:colcon.colcon_core.package_discovery:discover_packages(ignore) check parameters
[0.167s] Level 1:colcon.colcon_core.package_discovery:discover_packages(path) check parameters
[0.167s] Level 1:colcon.colcon_core.package_discovery:discover_packages(colcon_meta) discover
[0.167s] Level 1:colcon.colcon_core.package_discovery:discover_packages(recursive) discover
[0.167s] INFO:colcon.colcon_core.package_discovery:Crawling recursively for packages in '/home/motaz/iris_files/iris'
[0.167s] Level 1:colcon.colcon_core.package_identification:_identify(.) by extensions ['ignore', 'ignore_ament_install']
[0.167s] Level 1:colcon.colcon_core.package_identification:_identify(.) by extension 'ignore'
[0.167s] Level 1:colcon.colcon_core.package_identification:_identify(.) by extension 'ignore_ament_install'
[0.167s] Level 1:colcon.colcon_core.package_identification:_identify(.) by extensions ['colcon_pkg']
[0.167s] Level 1:colcon.colcon_core.package_identification:_identify(.) by extension 'colcon_pkg'
[0.167s] Level 1:colcon.colcon_core.package_identification:_identify(.) by extensions ['colcon_meta']
[0.167s] Level 1:colcon.colcon_core.package_identification:_identify(.) by extension 'colcon_meta'
[0.167s] Level 1:colcon.colcon_core.package_identification:_identify(.) by extensions ['ros']
[0.167s] Level 1:colcon.colcon_core.package_identification:_identify(.) by extension 'ros'
[0.188s] Level 1:colcon.colcon_core.package_identification:_identify(.) by extensions ['cmake', 'python']
[0.188s] Level 1:colcon.colcon_core.package_identification:_identify(.) by extension 'cmake'
[0.188s] Level 1:colcon.colcon_core.package_identification:_identify(.) by extension 'python'
[0.188s] Level 1:colcon.colcon_core.package_identification:_identify(.) by extensions ['python_setup_py']
[0.188s] Level 1:colcon.colcon_core.package_identification:_identify(.) by extension 'python_setup_py'
[0.188s] Level 1:colcon.colcon_core.package_identification:_identify(build) by extensions ['ignore', 'ignore_ament_install']
[0.189s] Level 1:colcon.colcon_core.package_identification:_identify(build) by extension 'ignore'
[0.189s] Level 1:colcon.colcon_core.package_identification:_identify(build) ignored
[0.189s] Level 1:colcon.colcon_core.package_identification:_identify(install) by extensions ['ignore', 'ignore_ament_install']
[0.189s] Level 1:colcon.colcon_core.package_identification:_identify(install) by extension 'ignore'
[0.189s] Level 1:colcon.colcon_core.package_identification:_identify(install) ignored
[0.189s] Level 1:colcon.colcon_core.package_identification:_identify(log) by extensions ['ignore', 'ignore_ament_install']
[0.189s] Level 1:colcon.colcon_core.package_identification:_identify(log) by extension 'ignore'
[0.189s] Level 1:colcon.colcon_core.package_identification:_identify(log) ignored
[0.189s] Level 1:colcon.colcon_core.package_identification:_identify(logs) by extensions ['ignore', 'ignore_ament_install']
[0.189s] Level 1:colcon.colcon_core.package_identification:_identify(logs) by extension 'ignore'
[0.189s] Level 1:colcon.colcon_core.package_identification:_identify(logs) by extension 'ignore_ament_install'
[0.189s] Level 1:colcon.colcon_core.package_identification:_identify(logs) by extensions ['colcon_pkg']
[0.189s] Level 1:colcon.colcon_core.package_identification:_identify(logs) by extension 'colcon_pkg'
[0.189s] Level 1:colcon.colcon_core.package_identification:_identify(logs) by extensions ['colcon_meta']
[0.189s] Level 1:colcon.colcon_core.package_identification:_identify(logs) by extension 'colcon_meta'
[0.189s] Level 1:colcon.colcon_core.package_identification:_identify(logs) by extensions ['ros']
[0.189s] Level 1:colcon.colcon_core.package_identification:_identify(logs) by extension 'ros'
[0.189s] Level 1:colcon.colcon_core.package_identification:_identify(logs) by extensions ['cmake', 'python']
[0.189s] Level 1:colcon.colcon_core.package_identification:_identify(logs) by extension 'cmake'
[0.190s] Level 1:colcon.colcon_core.package_identification:_identify(logs) by extension 'python'
[0.190s] Level 1:colcon.colcon_core.package_identification:_identify(logs) by extensions ['python_setup_py']
[0.190s] Level 1:colcon.colcon_core.package_identification:_identify(logs) by extension 'python_setup_py'
[0.190s] Level 1:colcon.colcon_core.package_identification:_identify(src) by extensions ['ignore', 'ignore_ament_install']
[0.190s] Level 1:colcon.colcon_core.package_identification:_identify(src) by extension 'ignore'
[0.190s] Level 1:colcon.colcon_core.package_identification:_identify(src) by extension 'ignore_ament_install'
[0.190s] Level 1:colcon.colcon_core.package_identification:_identify(src) by extensions ['colcon_pkg']
[0.190s] Level 1:colcon.colcon_core.package_identification:_identify(src) by extension 'colcon_pkg'
[0.190s] Level 1:colcon.colcon_core.package_identification:_identify(src) by extensions ['colcon_meta']
[0.190s] Level 1:colcon.colcon_core.package_identification:_identify(src) by extension 'colcon_meta'
[0.190s] Level 1:colcon.colcon_core.package_identification:_identify(src) by extensions ['ros']
[0.190s] Level 1:colcon.colcon_core.package_identification:_identify(src) by extension 'ros'
[0.190s] Level 1:colcon.colcon_core.package_identification:_identify(src) by extensions ['cmake', 'python']
[0.190s] Level 1:colcon.colcon_core.package_identification:_identify(src) by extension 'cmake'
[0.190s] Level 1:colcon.colcon_core.package_identification:_identify(src) by extension 'python'
[0.190s] Level 1:colcon.colcon_core.package_identification:_identify(src) by extensions ['python_setup_py']
[0.190s] Level 1:colcon.colcon_core.package_identification:_identify(src) by extension 'python_setup_py'
[0.190s] Level 1:colcon.colcon_core.package_identification:_identify(src/iris_drone) by extensions ['ignore', 'ignore_ament_install']
[0.190s] Level 1:colcon.colcon_core.package_identification:_identify(src/iris_drone) by extension 'ignore'
[0.190s] Level 1:colcon.colcon_core.package_identification:_identify(src/iris_drone) by extension 'ignore_ament_install'
[0.190s] Level 1:colcon.colcon_core.package_identification:_identify(src/iris_drone) by extensions ['colcon_pkg']
[0.190s] Level 1:colcon.colcon_core.package_identification:_identify(src/iris_drone) by extension 'colcon_pkg'
[0.190s] Level 1:colcon.colcon_core.package_identification:_identify(src/iris_drone) by extensions ['colcon_meta']
[0.191s] Level 1:colcon.colcon_core.package_identification:_identify(src/iris_drone) by extension 'colcon_meta'
[0.191s] Level 1:colcon.colcon_core.package_identification:_identify(src/iris_drone) by extensions ['ros']
[0.191s] Level 1:colcon.colcon_core.package_identification:_identify(src/iris_drone) by extension 'ros'
[0.193s] DEBUG:colcon.colcon_core.package_identification:Package 'src/iris_drone' with type 'ros.ament_python' and name 'iris_drone'
[0.193s] Level 1:colcon.colcon_core.package_identification:_identify(src/slam_gmapping) by extensions ['ignore', 'ignore_ament_install']
[0.193s] Level 1:colcon.colcon_core.package_identification:_identify(src/slam_gmapping) by extension 'ignore'
[0.193s] Level 1:colcon.colcon_core.package_identification:_identify(src/slam_gmapping) by extension 'ignore_ament_install'
[0.193s] Level 1:colcon.colcon_core.package_identification:_identify(src/slam_gmapping) by extensions ['colcon_pkg']
[0.193s] Level 1:colcon.colcon_core.package_identification:_identify(src/slam_gmapping) by extension 'colcon_pkg'
[0.193s] Level 1:colcon.colcon_core.package_identification:_identify(src/slam_gmapping) by extensions ['colcon_meta']
[0.193s] Level 1:colcon.colcon_core.package_identification:_identify(src/slam_gmapping) by extension 'colcon_meta'
[0.193s] Level 1:colcon.colcon_core.package_identification:_identify(src/slam_gmapping) by extensions ['ros']
[0.193s] Level 1:colcon.colcon_core.package_identification:_identify(src/slam_gmapping) by extension 'ros'
[0.193s] Level 1:colcon.colcon_core.package_identification:_identify(src/slam_gmapping) by extensions ['cmake', 'python']
[0.193s] Level 1:colcon.colcon_core.package_identification:_identify(src/slam_gmapping) by extension 'cmake'
[0.193s] Level 1:colcon.colcon_core.package_identification:_identify(src/slam_gmapping) by extension 'python'
[0.193s] Level 1:colcon.colcon_core.package_identification:_identify(src/slam_gmapping) by extensions ['python_setup_py']
[0.193s] Level 1:colcon.colcon_core.package_identification:_identify(src/slam_gmapping) by extension 'python_setup_py'
[0.193s] Level 1:colcon.colcon_core.package_identification:_identify(src/slam_gmapping/openslam_gmapping) by extensions ['ignore', 'ignore_ament_install']
[0.193s] Level 1:colcon.colcon_core.package_identification:_identify(src/slam_gmapping/openslam_gmapping) by extension 'ignore'
[0.194s] Level 1:colcon.colcon_core.package_identification:_identify(src/slam_gmapping/openslam_gmapping) by extension 'ignore_ament_install'
[0.194s] Level 1:colcon.colcon_core.package_identification:_identify(src/slam_gmapping/openslam_gmapping) by extensions ['colcon_pkg']
[0.194s] Level 1:colcon.colcon_core.package_identification:_identify(src/slam_gmapping/openslam_gmapping) by extension 'colcon_pkg'
[0.194s] Level 1:colcon.colcon_core.package_identification:_identify(src/slam_gmapping/openslam_gmapping) by extensions ['colcon_meta']
[0.194s] Level 1:colcon.colcon_core.package_identification:_identify(src/slam_gmapping/openslam_gmapping) by extension 'colcon_meta'
[0.194s] Level 1:colcon.colcon_core.package_identification:_identify(src/slam_gmapping/openslam_gmapping) by extensions ['ros']
[0.194s] Level 1:colcon.colcon_core.package_identification:_identify(src/slam_gmapping/openslam_gmapping) by extension 'ros'
[0.194s] DEBUG:colcon.colcon_core.package_identification:Package 'src/slam_gmapping/openslam_gmapping' with type 'ros.ament_cmake' and name 'openslam_gmapping'
[0.194s] Level 1:colcon.colcon_core.package_identification:_identify(src/slam_gmapping/slam_gmapping) by extensions ['ignore', 'ignore_ament_install']
[0.195s] Level 1:colcon.colcon_core.package_identification:_identify(src/slam_gmapping/slam_gmapping) by extension 'ignore'
[0.195s] Level 1:colcon.colcon_core.package_identification:_identify(src/slam_gmapping/slam_gmapping) by extension 'ignore_ament_install'
[0.195s] Level 1:colcon.colcon_core.package_identification:_identify(src/slam_gmapping/slam_gmapping) by extensions ['colcon_pkg']
[0.195s] Level 1:colcon.colcon_core.package_identification:_identify(src/slam_gmapping/slam_gmapping) by extension 'colcon_pkg'
[0.195s] Level 1:colcon.colcon_core.package_identification:_identify(src/slam_gmapping/slam_gmapping) by extensions ['colcon_meta']
[0.195s] Level 1:colcon.colcon_core.package_identification:_identify(src/slam_gmapping/slam_gmapping) by extension 'colcon_meta'
[0.195s] Level 1:colcon.colcon_core.package_identification:_identify(src/slam_gmapping/slam_gmapping) by extensions ['ros']
[0.195s] Level 1:colcon.colcon_core.package_identification:_identify(src/slam_gmapping/slam_gmapping) by extension 'ros'
[0.196s] DEBUG:colcon.colcon_core.package_identification:Package 'src/slam_gmapping/slam_gmapping' with type 'ros.ament_cmake' and name 'slam_gmapping'
[0.196s] Level 1:colcon.colcon_core.package_identification:_identify(terrain) by extensions ['ignore', 'ignore_ament_install']
[0.196s] Level 1:colcon.colcon_core.package_identification:_identify(terrain) by extension 'ignore'
[0.196s] Level 1:colcon.colcon_core.package_identification:_identify(terrain) by extension 'ignore_ament_install'
[0.196s] Level 1:colcon.colcon_core.package_identification:_identify(terrain) by extensions ['colcon_pkg']
[0.196s] Level 1:colcon.colcon_core.package_identification:_identify(terrain) by extension 'colcon_pkg'
[0.196s] Level 1:colcon.colcon_core.package_identification:_identify(terrain) by extensions ['colcon_meta']
[0.196s] Level 1:colcon.colcon_core.package_identification:_identify(terrain) by extension 'colcon_meta'
[0.196s] Level 1:colcon.colcon_core.package_identification:_identify(terrain) by extensions ['ros']
[0.196s] Level 1:colcon.colcon_core.package_identification:_identify(terrain) by extension 'ros'
[0.196s] Level 1:colcon.colcon_core.package_identification:_identify(terrain) by extensions ['cmake', 'python']
[0.196s] Level 1:colcon.colcon_core.package_identification:_identify(terrain) by extension 'cmake'
[0.196s] Level 1:colcon.colcon_core.package_identification:_identify(terrain) by extension 'python'
[0.197s] Level 1:colcon.colcon_core.package_identification:_identify(terrain) by extensions ['python_setup_py']
[0.197s] Level 1:colcon.colcon_core.package_identification:_identify(terrain) by extension 'python_setup_py'
[0.197s] Level 1:colcon.colcon_core.package_discovery:discover_packages(recursive) using defaults
[0.197s] Level 1:colcon.colcon_core.package_discovery:discover_packages(ignore) discover
[0.197s] Level 1:colcon.colcon_core.package_discovery:discover_packages(ignore) using defaults
[0.197s] Level 1:colcon.colcon_core.package_discovery:discover_packages(path) discover
[0.197s] Level 1:colcon.colcon_core.package_discovery:discover_packages(path) using defaults
[0.213s] Level 1:colcon.colcon_core.package_discovery:discover_packages(prefix_path) check parameters
[0.213s] Level 1:colcon.colcon_core.package_discovery:discover_packages(prefix_path) discover
[0.215s] DEBUG:colcon.colcon_installed_package_information.package_discovery:Found 341 installed packages in /opt/ros/humble
[0.216s] Level 1:colcon.colcon_core.package_discovery:discover_packages(prefix_path) using defaults
[0.256s] Level 5:colcon.colcon_core.verb:set package 'iris_drone' build argument 'cmake_args' from command line to 'None'
[0.256s] Level 5:colcon.colcon_core.verb:set package 'iris_drone' build argument 'cmake_target' from command line to 'None'
[0.256s] Level 5:colcon.colcon_core.verb:set package 'iris_drone' build argument 'cmake_target_skip_unavailable' from command line to 'False'
[0.256s] Level 5:colcon.colcon_core.verb:set package 'iris_drone' build argument 'cmake_clean_cache' from command line to 'False'
[0.256s] Level 5:colcon.colcon_core.verb:set package 'iris_drone' build argument 'cmake_clean_first' from command line to 'False'
[0.256s] Level 5:colcon.colcon_core.verb:set package 'iris_drone' build argument 'cmake_force_configure' from command line to 'False'
[0.256s] Level 5:colcon.colcon_core.verb:set package 'iris_drone' build argument 'ament_cmake_args' from command line to 'None'
[0.256s] Level 5:colcon.colcon_core.verb:set package 'iris_drone' build argument 'catkin_cmake_args' from command line to 'None'
[0.256s] Level 5:colcon.colcon_core.verb:set package 'iris_drone' build argument 'catkin_skip_building_tests' from command line to 'False'
[0.256s] DEBUG:colcon.colcon_core.verb:Building package 'iris_drone' with the following arguments: {'ament_cmake_args': None, 'build_base': '/home/motaz/iris_files/iris/build/iris_drone', 'catkin_cmake_args': None, 'catkin_skip_building_tests': False, 'cmake_args': None, 'cmake_clean_cache': False, 'cmake_clean_first': False, 'cmake_force_configure': False, 'cmake_target': None, 'cmake_target_skip_unavailable': False, 'install_base': '/home/motaz/iris_files/iris/install/iris_drone', 'merge_install': False, 'path': '/home/motaz/iris_files/iris/src/iris_drone', 'symlink_install': False, 'test_result_base': None}
[0.256s] Level 5:colcon.colcon_core.verb:set package 'openslam_gmapping' build argument 'cmake_args' from command line to 'None'
[0.256s] Level 5:colcon.colcon_core.verb:set package 'openslam_gmapping' build argument 'cmake_target' from command line to 'None'
[0.256s] Level 5:colcon.colcon_core.verb:set package 'openslam_gmapping' build argument 'cmake_target_skip_unavailable' from command line to 'False'
[0.256s] Level 5:colcon.colcon_core.verb:set package 'openslam_gmapping' build argument 'cmake_clean_cache' from command line to 'False'
[0.256s] Level 5:colcon.colcon_core.verb:set package 'openslam_gmapping' build argument 'cmake_clean_first' from command line to 'False'
[0.256s] Level 5:colcon.colcon_core.verb:set package 'openslam_gmapping' build argument 'cmake_force_configure' from command line to 'False'
[0.256s] Level 5:colcon.colcon_core.verb:set package 'openslam_gmapping' build argument 'ament_cmake_args' from command line to 'None'
[0.257s] Level 5:colcon.colcon_core.verb:set package 'openslam_gmapping' build argument 'catkin_cmake_args' from command line to 'None'
[0.257s] Level 5:colcon.colcon_core.verb:set package 'openslam_gmapping' build argument 'catkin_skip_building_tests' from command line to 'False'
[0.257s] DEBUG:colcon.colcon_core.verb:Building package 'openslam_gmapping' with the following arguments: {'ament_cmake_args': None, 'build_base': '/home/motaz/iris_files/iris/build/openslam_gmapping', 'catkin_cmake_args': None, 'catkin_skip_building_tests': False, 'cmake_args': None, 'cmake_clean_cache': False, 'cmake_clean_first': False, 'cmake_force_configure': False, 'cmake_target': None, 'cmake_target_skip_unavailable': False, 'install_base': '/home/motaz/iris_files/iris/install/openslam_gmapping', 'merge_install': False, 'path': '/home/motaz/iris_files/iris/src/slam_gmapping/openslam_gmapping', 'symlink_install': False, 'test_result_base': None}
[0.257s] Level 5:colcon.colcon_core.verb:set package 'slam_gmapping' build argument 'cmake_args' from command line to 'None'
[0.257s] Level 5:colcon.colcon_core.verb:set package 'slam_gmapping' build argument 'cmake_target' from command line to 'None'
[0.257s] Level 5:colcon.colcon_core.verb:set package 'slam_gmapping' build argument 'cmake_target_skip_unavailable' from command line to 'False'
[0.257s] Level 5:colcon.colcon_core.verb:set package 'slam_gmapping' build argument 'cmake_clean_cache' from command line to 'False'
[0.257s] Level 5:colcon.colcon_core.verb:set package 'slam_gmapping' build argument 'cmake_clean_first' from command line to 'False'
[0.257s] Level 5:colcon.colcon_core.verb:set package 'slam_gmapping' build argument 'cmake_force_configure' from command line to 'False'
[0.257s] Level 5:colcon.colcon_core.verb:set package 'slam_gmapping' build argument 'ament_cmake_args' from command line to 'None'
[0.257s] Level 5:colcon.colcon_core.verb:set package 'slam_gmapping' build argument 'catkin_cmake_args' from command line to 'None'
[0.257s] Level 5:colcon.colcon_core.verb:set package 'slam_gmapping' build argument 'catkin_skip_building_tests' from command line to 'False'
[0.257s] DEBUG:colcon.colcon_core.verb:Building package 'slam_gmapping' with the following arguments: {'ament_cmake_args': None, 'build_base': '/home/motaz/iris_files/iris/build/slam_gmapping', 'catkin_cmake_args': None, 'catkin_skip_building_tests': False, 'cmake_args': None, 'cmake_clean_cache': False, 'cmake_clean_first': False, 'cmake_force_configure': False, 'cmake_target': None, 'cmake_target_skip_unavailable': False, 'install_base': '/home/motaz/iris_files/iris/install/slam_gmapping', 'merge_install': False, 'path': '/home/motaz/iris_files/iris/src/slam_gmapping/slam_gmapping', 'symlink_install': False, 'test_result_base': None}
[0.257s] INFO:colcon.colcon_core.executor:Executing jobs using 'parallel' executor
[0.258s] DEBUG:colcon.colcon_parallel_executor.executor.parallel:run_until_complete
[0.258s] INFO:colcon.colcon_ros.task.ament_cmake.build:Building ROS package in '/home/motaz/iris_files/iris/src/slam_gmapping/openslam_gmapping' with build type 'ament_cmake'
[0.258s] INFO:colcon.colcon_cmake.task.cmake.build:Building CMake package in '/home/motaz/iris_files/iris/src/slam_gmapping/openslam_gmapping'
[0.260s] INFO:colcon.colcon_core.plugin_system:Skipping extension 'colcon_core.shell.bat': Not used on non-Windows systems
[0.260s] INFO:colcon.colcon_core.shell:Skip shell extension 'powershell' for command environment: Not usable outside of PowerShell
[0.260s] DEBUG:colcon.colcon_core.shell:Skip shell extension 'dsv' for command environment
[0.263s] INFO:colcon.colcon_ros.task.ament_python.build:Building ROS package in '/home/motaz/iris_files/iris/src/iris_drone' with build type 'ament_python'
[0.263s] Level 1:colcon.colcon_core.shell:create_environment_hook('iris_drone', 'ament_prefix_path')
[0.263s] INFO:colcon.colcon_core.shell:Creating environment hook '/home/motaz/iris_files/iris/install/iris_drone/share/iris_drone/hook/ament_prefix_path.ps1'
[0.264s] INFO:colcon.colcon_core.shell:Creating environment descriptor '/home/motaz/iris_files/iris/install/iris_drone/share/iris_drone/hook/ament_prefix_path.dsv'
[0.264s] INFO:colcon.colcon_core.shell:Creating environment hook '/home/motaz/iris_files/iris/install/iris_drone/share/iris_drone/hook/ament_prefix_path.sh'
[0.265s] INFO:colcon.colcon_core.shell:Skip shell extension 'powershell' for command environment: Not usable outside of PowerShell
[0.265s] DEBUG:colcon.colcon_core.shell:Skip shell extension 'dsv' for command environment
[0.272s] DEBUG:colcon.colcon_core.event_handler.log_command:Invoking command in '/home/motaz/iris_files/iris/build/openslam_gmapping': CMAKE_PREFIX_PATH=/opt/ros/humble /usr/bin/cmake --build /home/motaz/iris_files/iris/build/openslam_gmapping -- -j8 -l8
[0.489s] INFO:colcon.colcon_core.task.python.build:Building Python package in '/home/motaz/iris_files/iris/src/iris_drone'
[0.490s] INFO:colcon.colcon_core.shell:Skip shell extension 'powershell' for command environment: Not usable outside of PowerShell
[0.490s] DEBUG:colcon.colcon_core.shell:Skip shell extension 'dsv' for command environment
[0.494s] DEBUG:colcon.colcon_core.event_handler.log_command:Invoked command in '/home/motaz/iris_files/iris/build/openslam_gmapping' returned '0': CMAKE_PREFIX_PATH=/opt/ros/humble /usr/bin/cmake --build /home/motaz/iris_files/iris/build/openslam_gmapping -- -j8 -l8
[0.527s] DEBUG:colcon.colcon_core.event_handler.log_command:Invoking command in '/home/motaz/iris_files/iris/build/openslam_gmapping': CMAKE_PREFIX_PATH=/opt/ros/humble /usr/bin/cmake --install /home/motaz/iris_files/iris/build/openslam_gmapping
[0.540s] Level 1:colcon.colcon_core.environment:create_environment_scripts_only(openslam_gmapping)
[0.545s] DEBUG:colcon.colcon_core.event_handler.log_command:Invoked command in '/home/motaz/iris_files/iris/build/openslam_gmapping' returned '0': CMAKE_PREFIX_PATH=/opt/ros/humble /usr/bin/cmake --install /home/motaz/iris_files/iris/build/openslam_gmapping
[0.546s] Level 1:colcon.colcon_core.environment:checking '/home/motaz/iris_files/iris/install/openslam_gmapping' for CMake module files
[0.546s] Level 1:colcon.colcon_core.environment:checking '/home/motaz/iris_files/iris/install/openslam_gmapping' for CMake config files
[0.546s] Level 1:colcon.colcon_core.shell:create_environment_hook('openslam_gmapping', 'cmake_prefix_path')
[0.546s] INFO:colcon.colcon_core.shell:Creating environment hook '/home/motaz/iris_files/iris/install/openslam_gmapping/share/openslam_gmapping/hook/cmake_prefix_path.ps1'
[0.547s] INFO:colcon.colcon_core.shell:Creating environment descriptor '/home/motaz/iris_files/iris/install/openslam_gmapping/share/openslam_gmapping/hook/cmake_prefix_path.dsv'
[0.547s] INFO:colcon.colcon_core.shell:Creating environment hook '/home/motaz/iris_files/iris/install/openslam_gmapping/share/openslam_gmapping/hook/cmake_prefix_path.sh'
[0.548s] Level 1:colcon.colcon_core.environment:checking '/home/motaz/iris_files/iris/install/openslam_gmapping/lib'
[0.548s] Level 1:colcon.colcon_core.environment:checking '/home/motaz/iris_files/iris/install/openslam_gmapping/bin'
[0.548s] Level 1:colcon.colcon_core.environment:checking '/home/motaz/iris_files/iris/install/openslam_gmapping/lib/pkgconfig/openslam_gmapping.pc'
[0.548s] Level 1:colcon.colcon_core.environment:checking '/home/motaz/iris_files/iris/install/openslam_gmapping/lib/python3.10/site-packages'
[0.549s] Level 1:colcon.colcon_core.environment:checking '/home/motaz/iris_files/iris/install/openslam_gmapping/bin'
[0.549s] INFO:colcon.colcon_core.shell:Creating package script '/home/motaz/iris_files/iris/install/openslam_gmapping/share/openslam_gmapping/package.ps1'
[0.549s] INFO:colcon.colcon_core.shell:Creating package descriptor '/home/motaz/iris_files/iris/install/openslam_gmapping/share/openslam_gmapping/package.dsv'
[0.550s] INFO:colcon.colcon_core.shell:Creating package script '/home/motaz/iris_files/iris/install/openslam_gmapping/share/openslam_gmapping/package.sh'
[0.551s] INFO:colcon.colcon_core.shell:Creating package script '/home/motaz/iris_files/iris/install/openslam_gmapping/share/openslam_gmapping/package.bash'
[0.551s] INFO:colcon.colcon_core.shell:Creating package script '/home/motaz/iris_files/iris/install/openslam_gmapping/share/openslam_gmapping/package.zsh'
[0.552s] Level 1:colcon.colcon_core.environment:create_file_with_runtime_dependencies(/home/motaz/iris_files/iris/install/openslam_gmapping/share/colcon-core/packages/openslam_gmapping)
[0.576s] Level 1:colcon.colcon_core.environment:create_environment_scripts_only(openslam_gmapping)
[0.577s] Level 1:colcon.colcon_core.environment:checking '/home/motaz/iris_files/iris/install/openslam_gmapping' for CMake module files
[0.577s] Level 1:colcon.colcon_core.environment:checking '/home/motaz/iris_files/iris/install/openslam_gmapping' for CMake config files
[0.577s] Level 1:colcon.colcon_core.shell:create_environment_hook('openslam_gmapping', 'cmake_prefix_path')
[0.577s] INFO:colcon.colcon_core.shell:Creating environment hook '/home/motaz/iris_files/iris/install/openslam_gmapping/share/openslam_gmapping/hook/cmake_prefix_path.ps1'
[0.578s] INFO:colcon.colcon_core.shell:Creating environment descriptor '/home/motaz/iris_files/iris/install/openslam_gmapping/share/openslam_gmapping/hook/cmake_prefix_path.dsv'
[0.578s] INFO:colcon.colcon_core.shell:Creating environment hook '/home/motaz/iris_files/iris/install/openslam_gmapping/share/openslam_gmapping/hook/cmake_prefix_path.sh'
[0.578s] Level 1:colcon.colcon_core.environment:checking '/home/motaz/iris_files/iris/install/openslam_gmapping/lib'
[0.578s] Level 1:colcon.colcon_core.environment:checking '/home/motaz/iris_files/iris/install/openslam_gmapping/bin'
[0.578s] Level 1:colcon.colcon_core.environment:checking '/home/motaz/iris_files/iris/install/openslam_gmapping/lib/pkgconfig/openslam_gmapping.pc'
[0.579s] Level 1:colcon.colcon_core.environment:checking '/home/motaz/iris_files/iris/install/openslam_gmapping/lib/python3.10/site-packages'
[0.579s] Level 1:colcon.colcon_core.environment:checking '/home/motaz/iris_files/iris/install/openslam_gmapping/bin'
[0.579s] INFO:colcon.colcon_core.shell:Creating package script '/home/motaz/iris_files/iris/install/openslam_gmapping/share/openslam_gmapping/package.ps1'
[0.579s] INFO:colcon.colcon_core.shell:Creating package descriptor '/home/motaz/iris_files/iris/install/openslam_gmapping/share/openslam_gmapping/package.dsv'
[0.580s] INFO:colcon.colcon_core.shell:Creating package script '/home/motaz/iris_files/iris/install/openslam_gmapping/share/openslam_gmapping/package.sh'
[0.580s] INFO:colcon.colcon_core.shell:Creating package script '/home/motaz/iris_files/iris/install/openslam_gmapping/share/openslam_gmapping/package.bash'
[0.580s] INFO:colcon.colcon_core.shell:Creating package script '/home/motaz/iris_files/iris/install/openslam_gmapping/share/openslam_gmapping/package.zsh'
[0.581s] Level 1:colcon.colcon_core.environment:create_file_with_runtime_dependencies(/home/motaz/iris_files/iris/install/openslam_gmapping/share/colcon-core/packages/openslam_gmapping)
[0.581s] INFO:colcon.colcon_ros.task.ament_cmake.build:Building ROS package in '/home/motaz/iris_files/iris/src/slam_gmapping/slam_gmapping' with build type 'ament_cmake'
[0.581s] INFO:colcon.colcon_cmake.task.cmake.build:Building CMake package in '/home/motaz/iris_files/iris/src/slam_gmapping/slam_gmapping'
[0.581s] INFO:colcon.colcon_core.shell:Skip shell extension 'powershell' for command environment: Not usable outside of PowerShell
[0.581s] DEBUG:colcon.colcon_core.shell:Skip shell extension 'dsv' for command environment
[0.590s] DEBUG:colcon.colcon_core.event_handler.log_command:Invoking command in '/home/motaz/iris_files/iris/build/slam_gmapping': AMENT_PREFIX_PATH=/home/motaz/iris_files/iris/install/openslam_gmapping:${AMENT_PREFIX_PATH} CMAKE_PREFIX_PATH=/home/motaz/iris_files/iris/install/openslam_gmapping:/opt/ros/humble LD_LIBRARY_PATH=/home/motaz/iris_files/iris/install/openslam_gmapping/lib:${LD_LIBRARY_PATH} /usr/bin/cmake --build /home/motaz/iris_files/iris/build/slam_gmapping -- -j8 -l8
[0.656s] DEBUG:colcon.colcon_core.event_handler.log_command:Invoked command in '/home/motaz/iris_files/iris/build/slam_gmapping' returned '0': AMENT_PREFIX_PATH=/home/motaz/iris_files/iris/install/openslam_gmapping:${AMENT_PREFIX_PATH} CMAKE_PREFIX_PATH=/home/motaz/iris_files/iris/install/openslam_gmapping:/opt/ros/humble LD_LIBRARY_PATH=/home/motaz/iris_files/iris/install/openslam_gmapping/lib:${LD_LIBRARY_PATH} /usr/bin/cmake --build /home/motaz/iris_files/iris/build/slam_gmapping -- -j8 -l8
[0.681s] DEBUG:colcon.colcon_core.event_handler.log_command:Invoking command in '/home/motaz/iris_files/iris/build/slam_gmapping': AMENT_PREFIX_PATH=/home/motaz/iris_files/iris/install/openslam_gmapping:${AMENT_PREFIX_PATH} CMAKE_PREFIX_PATH=/home/motaz/iris_files/iris/install/openslam_gmapping:/opt/ros/humble LD_LIBRARY_PATH=/home/motaz/iris_files/iris/install/openslam_gmapping/lib:${LD_LIBRARY_PATH} /usr/bin/cmake --install /home/motaz/iris_files/iris/build/slam_gmapping
[0.691s] Level 1:colcon.colcon_core.environment:create_environment_scripts_only(slam_gmapping)
[0.691s] Level 1:colcon.colcon_core.environment:checking '/home/motaz/iris_files/iris/install/slam_gmapping' for CMake module files
[0.692s] DEBUG:colcon.colcon_core.event_handler.log_command:Invoked command in '/home/motaz/iris_files/iris/build/slam_gmapping' returned '0': AMENT_PREFIX_PATH=/home/motaz/iris_files/iris/install/openslam_gmapping:${AMENT_PREFIX_PATH} CMAKE_PREFIX_PATH=/home/motaz/iris_files/iris/install/openslam_gmapping:/opt/ros/humble LD_LIBRARY_PATH=/home/motaz/iris_files/iris/install/openslam_gmapping/lib:${LD_LIBRARY_PATH} /usr/bin/cmake --install /home/motaz/iris_files/iris/build/slam_gmapping
[0.692s] Level 1:colcon.colcon_core.environment:checking '/home/motaz/iris_files/iris/install/slam_gmapping' for CMake config files
[0.692s] Level 1:colcon.colcon_core.shell:create_environment_hook('slam_gmapping', 'cmake_prefix_path')
[0.693s] INFO:colcon.colcon_core.shell:Creating environment hook '/home/motaz/iris_files/iris/install/slam_gmapping/share/slam_gmapping/hook/cmake_prefix_path.ps1'
[0.693s] INFO:colcon.colcon_core.shell:Creating environment descriptor '/home/motaz/iris_files/iris/install/slam_gmapping/share/slam_gmapping/hook/cmake_prefix_path.dsv'
[0.693s] INFO:colcon.colcon_core.shell:Creating environment hook '/home/motaz/iris_files/iris/install/slam_gmapping/share/slam_gmapping/hook/cmake_prefix_path.sh'
[0.694s] Level 1:colcon.colcon_core.environment:checking '/home/motaz/iris_files/iris/install/slam_gmapping/lib'
[0.694s] Level 1:colcon.colcon_core.environment:checking '/home/motaz/iris_files/iris/install/slam_gmapping/bin'
[0.694s] Level 1:colcon.colcon_core.environment:checking '/home/motaz/iris_files/iris/install/slam_gmapping/lib/pkgconfig/slam_gmapping.pc'
[0.694s] Level 1:colcon.colcon_core.environment:checking '/home/motaz/iris_files/iris/install/slam_gmapping/lib/python3.10/site-packages'
[0.694s] Level 1:colcon.colcon_core.environment:checking '/home/motaz/iris_files/iris/install/slam_gmapping/bin'
[0.694s] INFO:colcon.colcon_core.shell:Creating package script '/home/motaz/iris_files/iris/install/slam_gmapping/share/slam_gmapping/package.ps1'
[0.695s] INFO:colcon.colcon_core.shell:Creating package descriptor '/home/motaz/iris_files/iris/install/slam_gmapping/share/slam_gmapping/package.dsv'
[0.695s] INFO:colcon.colcon_core.shell:Creating package script '/home/motaz/iris_files/iris/install/slam_gmapping/share/slam_gmapping/package.sh'
[0.695s] INFO:colcon.colcon_core.shell:Creating package script '/home/motaz/iris_files/iris/install/slam_gmapping/share/slam_gmapping/package.bash'
[0.695s] INFO:colcon.colcon_core.shell:Creating package script '/home/motaz/iris_files/iris/install/slam_gmapping/share/slam_gmapping/package.zsh'
[0.696s] Level 1:colcon.colcon_core.environment:create_file_with_runtime_dependencies(/home/motaz/iris_files/iris/install/slam_gmapping/share/colcon-core/packages/slam_gmapping)
[0.719s] Level 1:colcon.colcon_core.environment:create_environment_scripts_only(slam_gmapping)
[0.719s] Level 1:colcon.colcon_core.environment:checking '/home/motaz/iris_files/iris/install/slam_gmapping' for CMake module files
[0.720s] Level 1:colcon.colcon_core.environment:checking '/home/motaz/iris_files/iris/install/slam_gmapping' for CMake config files
[0.720s] Level 1:colcon.colcon_core.shell:create_environment_hook('slam_gmapping', 'cmake_prefix_path')
[0.721s] INFO:colcon.colcon_core.shell:Creating environment hook '/home/motaz/iris_files/iris/install/slam_gmapping/share/slam_gmapping/hook/cmake_prefix_path.ps1'
[0.721s] INFO:colcon.colcon_core.shell:Creating environment descriptor '/home/motaz/iris_files/iris/install/slam_gmapping/share/slam_gmapping/hook/cmake_prefix_path.dsv'
[0.721s] INFO:colcon.colcon_core.shell:Creating environment hook '/home/motaz/iris_files/iris/install/slam_gmapping/share/slam_gmapping/hook/cmake_prefix_path.sh'
[0.722s] Level 1:colcon.colcon_core.environment:checking '/home/motaz/iris_files/iris/install/slam_gmapping/lib'
[0.722s] Level 1:colcon.colcon_core.environment:checking '/home/motaz/iris_files/iris/install/slam_gmapping/bin'
[0.722s] Level 1:colcon.colcon_core.environment:checking '/home/motaz/iris_files/iris/install/slam_gmapping/lib/pkgconfig/slam_gmapping.pc'
[0.722s] Level 1:colcon.colcon_core.environment:checking '/home/motaz/iris_files/iris/install/slam_gmapping/lib/python3.10/site-packages'
[0.722s] Level 1:colcon.colcon_core.environment:checking '/home/motaz/iris_files/iris/install/slam_gmapping/bin'
[0.722s] INFO:colcon.colcon_core.shell:Creating package script '/home/motaz/iris_files/iris/install/slam_gmapping/share/slam_gmapping/package.ps1'
[0.723s] INFO:colcon.colcon_core.shell:Creating package descriptor '/home/motaz/iris_files/iris/install/slam_gmapping/share/slam_gmapping/package.dsv'
[0.723s] INFO:colcon.colcon_core.shell:Creating package script '/home/motaz/iris_files/iris/install/slam_gmapping/share/slam_gmapping/package.sh'
[0.723s] INFO:colcon.colcon_core.shell:Creating package script '/home/motaz/iris_files/iris/install/slam_gmapping/share/slam_gmapping/package.bash'
[0.724s] INFO:colcon.colcon_core.shell:Creating package script '/home/motaz/iris_files/iris/install/slam_gmapping/share/slam_gmapping/package.zsh'
[0.733s] Level 1:colcon.colcon_core.environment:create_file_with_runtime_dependencies(/home/motaz/iris_files/iris/install/slam_gmapping/share/colcon-core/packages/slam_gmapping)
[1.199s] DEBUG:colcon.colcon_core.event_handler.log_command:Invoking command in '/home/motaz/iris_files/iris/src/iris_drone': PYTHONPATH=/home/motaz/iris_files/iris/build/iris_drone/prefix_override:/usr/lib/python3/dist-packages/colcon_core/task/python/colcon_distutils_commands:/home/motaz/iris_files/iris/install/iris_drone/lib/python3.10/site-packages:${PYTHONPATH} /usr/bin/python3 -W ignore:setup.py install is deprecated setup.py egg_info --egg-base ../../build/iris_drone build --build-base /home/motaz/iris_files/iris/build/iris_drone/build install --record /home/motaz/iris_files/iris/build/iris_drone/install.log --single-version-externally-managed install_data
[1.751s] Level 1:colcon.colcon_core.environment:checking '/home/motaz/iris_files/iris/install/iris_drone' for CMake module files
[1.752s] DEBUG:colcon.colcon_core.event_handler.log_command:Invoked command in '/home/motaz/iris_files/iris/src/iris_drone' returned '0': PYTHONPATH=/home/motaz/iris_files/iris/build/iris_drone/prefix_override:/usr/lib/python3/dist-packages/colcon_core/task/python/colcon_distutils_commands:/home/motaz/iris_files/iris/install/iris_drone/lib/python3.10/site-packages:${PYTHONPATH} /usr/bin/python3 -W ignore:setup.py install is deprecated setup.py egg_info --egg-base ../../build/iris_drone build --build-base /home/motaz/iris_files/iris/build/iris_drone/build install --record /home/motaz/iris_files/iris/build/iris_drone/install.log --single-version-externally-managed install_data
[1.752s] Level 1:colcon.colcon_core.environment:checking '/home/motaz/iris_files/iris/install/iris_drone' for CMake config files
[1.752s] Level 1:colcon.colcon_core.environment:checking '/home/motaz/iris_files/iris/install/iris_drone/lib'
[1.753s] Level 1:colcon.colcon_core.environment:checking '/home/motaz/iris_files/iris/install/iris_drone/bin'
[1.753s] Level 1:colcon.colcon_core.environment:checking '/home/motaz/iris_files/iris/install/iris_drone/lib/pkgconfig/iris_drone.pc'
[1.753s] Level 1:colcon.colcon_core.environment:checking '/home/motaz/iris_files/iris/install/iris_drone/lib/python3.10/site-packages'
[1.753s] Level 1:colcon.colcon_core.shell:create_environment_hook('iris_drone', 'pythonpath')
[1.753s] INFO:colcon.colcon_core.shell:Creating environment hook '/home/motaz/iris_files/iris/install/iris_drone/share/iris_drone/hook/pythonpath.ps1'
[1.753s] INFO:colcon.colcon_core.shell:Creating environment descriptor '/home/motaz/iris_files/iris/install/iris_drone/share/iris_drone/hook/pythonpath.dsv'
[1.754s] INFO:colcon.colcon_core.shell:Creating environment hook '/home/motaz/iris_files/iris/install/iris_drone/share/iris_drone/hook/pythonpath.sh'
[1.754s] Level 1:colcon.colcon_core.environment:checking '/home/motaz/iris_files/iris/install/iris_drone/bin'
[1.754s] Level 1:colcon.colcon_core.environment:create_environment_scripts_only(iris_drone)
[1.754s] INFO:colcon.colcon_core.shell:Creating package script '/home/motaz/iris_files/iris/install/iris_drone/share/iris_drone/package.ps1'
[1.755s] INFO:colcon.colcon_core.shell:Creating package descriptor '/home/motaz/iris_files/iris/install/iris_drone/share/iris_drone/package.dsv'
[1.755s] INFO:colcon.colcon_core.shell:Creating package script '/home/motaz/iris_files/iris/install/iris_drone/share/iris_drone/package.sh'
[1.755s] INFO:colcon.colcon_core.shell:Creating package script '/home/motaz/iris_files/iris/install/iris_drone/share/iris_drone/package.bash'
[1.756s] INFO:colcon.colcon_core.shell:Creating package script '/home/motaz/iris_files/iris/install/iris_drone/share/iris_drone/package.zsh'
[1.756s] Level 1:colcon.colcon_core.environment:create_file_with_runtime_dependencies(/home/motaz/iris_files/iris/install/iris_drone/share/colcon-core/packages/iris_drone)
[1.756s] DEBUG:colcon.colcon_parallel_executor.executor.parallel:closing loop
[1.756s] DEBUG:colcon.colcon_parallel_executor.executor.parallel:loop closed
[1.756s] DEBUG:colcon.colcon_parallel_executor.executor.parallel:run_until_complete finished with '0'
[1.756s] DEBUG:colcon.colcon_core.event_reactor:joining thread
[1.761s] INFO:colcon.colcon_core.plugin_system:Skipping extension 'colcon_notification.desktop_notification.terminal_notifier': Not used on non-Darwin systems
[1.761s] INFO:colcon.colcon_core.plugin_system:Skipping extension 'colcon_notification.desktop_notification.win32': Not used on non-Windows systems
[1.761s] INFO:colcon.colcon_notification.desktop_notification:Sending desktop notification using 'notify2'
[1.772s] DEBUG:colcon.colcon_core.event_reactor:joined thread
[1.772s] INFO:colcon.colcon_core.shell:Creating prefix script '/home/motaz/iris_files/iris/install/local_setup.ps1'
[1.774s] INFO:colcon.colcon_core.shell:Creating prefix util module '/home/motaz/iris_files/iris/install/_local_setup_util_ps1.py'
[1.775s] INFO:colcon.colcon_core.shell:Creating prefix chain script '/home/motaz/iris_files/iris/install/setup.ps1'
[1.776s] INFO:colcon.colcon_core.shell:Creating prefix script '/home/motaz/iris_files/iris/install/local_setup.sh'
[1.777s] INFO:colcon.colcon_core.shell:Creating prefix util module '/home/motaz/iris_files/iris/install/_local_setup_util_sh.py'
[1.777s] INFO:colcon.colcon_core.shell:Creating prefix chain script '/home/motaz/iris_files/iris/install/setup.sh'
[1.778s] INFO:colcon.colcon_core.shell:Creating prefix script '/home/motaz/iris_files/iris/install/local_setup.bash'
[1.779s] INFO:colcon.colcon_core.shell:Creating prefix chain script '/home/motaz/iris_files/iris/install/setup.bash'
[1.781s] INFO:colcon.colcon_core.shell:Creating prefix script '/home/motaz/iris_files/iris/install/local_setup.zsh'
[1.781s] INFO:colcon.colcon_core.shell:Creating prefix chain script '/home/motaz/iris_files/iris/install/setup.zsh'
