[0.082s] Invoking command in '/home/motaz/iris_files/iris/build/openslam_gmapping': CMAKE_PREFIX_PATH=/opt/ros/humble /usr/bin/cmake --build /home/motaz/iris_files/iris/build/openslam_gmapping -- -j8 -l8
[0.293s] [ 13%] Built target sensor_base
[0.306s] [ 27%] Built target utils
[0.383s] [ 40%] Built target sensor_range
[0.386s] [ 54%] Built target sensor_odometry
[0.464s] [ 77%] Built target scanmatcher
[0.551s] [100%] Built target gridfastslam
[1.110s] Invoked command in '/home/motaz/iris_files/iris/build/openslam_gmapping' returned '0': CMAKE_PREFIX_PATH=/opt/ros/humble /usr/bin/cmake --build /home/motaz/iris_files/iris/build/openslam_gmapping -- -j8 -l8
[1.265s] Invoking command in '/home/motaz/iris_files/iris/build/openslam_gmapping': CMAKE_PREFIX_PATH=/opt/ros/humble /usr/bin/cmake --install /home/motaz/iris_files/iris/build/openslam_gmapping
[1.299s] -- Install configuration: ""
[1.299s] -- Up-to-date: /home/motaz/iris_files/iris/install/openslam_gmapping/share/openslam_gmapping/environment/library_path.sh
[1.300s] -- Up-to-date: /home/motaz/iris_files/iris/install/openslam_gmapping/share/openslam_gmapping/environment/library_path.dsv
[1.300s] -- Up-to-date: /home/motaz/iris_files/iris/install/openslam_gmapping/include/
[1.300s] -- Up-to-date: /home/motaz/iris_files/iris/install/openslam_gmapping/include//gmapping
[1.301s] -- Up-to-date: /home/motaz/iris_files/iris/install/openslam_gmapping/include//gmapping/scanmatcher
[1.301s] -- Up-to-date: /home/motaz/iris_files/iris/install/openslam_gmapping/include//gmapping/scanmatcher/scanmatcher.h
[1.301s] -- Up-to-date: /home/motaz/iris_files/iris/install/openslam_gmapping/include//gmapping/scanmatcher/icp.h
[1.301s] -- Up-to-date: /home/motaz/iris_files/iris/install/openslam_gmapping/include//gmapping/scanmatcher/smmap.h
[1.301s] -- Up-to-date: /home/motaz/iris_files/iris/install/openslam_gmapping/include//gmapping/utils
[1.301s] -- Up-to-date: /home/motaz/iris_files/iris/install/openslam_gmapping/include//gmapping/utils/macro_params.h
[1.301s] -- Up-to-date: /home/motaz/iris_files/iris/install/openslam_gmapping/include//gmapping/utils/autoptr.h
[1.301s] -- Up-to-date: /home/motaz/iris_files/iris/install/openslam_gmapping/include//gmapping/utils/stat.h
[1.301s] -- Up-to-date: /home/motaz/iris_files/iris/install/openslam_gmapping/include//gmapping/utils/gvalues.h
[1.302s] -- Up-to-date: /home/motaz/iris_files/iris/install/openslam_gmapping/include//gmapping/utils/point.h
[1.302s] -- Up-to-date: /home/motaz/iris_files/iris/install/openslam_gmapping/include//gmapping/utils/commandline.h
[1.302s] -- Up-to-date: /home/motaz/iris_files/iris/install/openslam_gmapping/include//gmapping/gridfastslam
[1.302s] -- Up-to-date: /home/motaz/iris_files/iris/install/openslam_gmapping/include//gmapping/gridfastslam/motionmodel.h
[1.302s] -- Up-to-date: /home/motaz/iris_files/iris/install/openslam_gmapping/include//gmapping/gridfastslam/gridslamprocessor.h
[1.303s] -- Up-to-date: /home/motaz/iris_files/iris/install/openslam_gmapping/include//gmapping/gridfastslam/gridslamprocessor.hxx
[1.303s] -- Up-to-date: /home/motaz/iris_files/iris/install/openslam_gmapping/include//gmapping/grid
[1.305s] -- Up-to-date: /home/motaz/iris_files/iris/install/openslam_gmapping/include//gmapping/grid/array2d.h
[1.306s] -- Up-to-date: /home/motaz/iris_files/iris/install/openslam_gmapping/include//gmapping/grid/map.h
[1.306s] -- Up-to-date: /home/motaz/iris_files/iris/install/openslam_gmapping/include//gmapping/grid/accessstate.h
[1.307s] -- Up-to-date: /home/motaz/iris_files/iris/install/openslam_gmapping/include//gmapping/grid/harray2d.h
[1.308s] -- Up-to-date: /home/motaz/iris_files/iris/install/openslam_gmapping/include//gmapping/sensor
[1.308s] -- Up-to-date: /home/motaz/iris_files/iris/install/openslam_gmapping/include//gmapping/sensor/sensor_range
[1.311s] -- Up-to-date: /home/motaz/iris_files/iris/install/openslam_gmapping/include//gmapping/sensor/sensor_range/rangesensor.h
[1.314s] -- Up-to-date: /home/motaz/iris_files/iris/install/openslam_gmapping/include//gmapping/sensor/sensor_range/rangereading.h
[1.319s] -- Up-to-date: /home/motaz/iris_files/iris/install/openslam_gmapping/include//gmapping/sensor/sensor_odometry
[1.322s] -- Up-to-date: /home/motaz/iris_files/iris/install/openslam_gmapping/include//gmapping/sensor/sensor_odometry/odometrysensor.h
[1.322s] -- Up-to-date: /home/motaz/iris_files/iris/install/openslam_gmapping/include//gmapping/sensor/sensor_odometry/odometryreading.h
[1.322s] -- Up-to-date: /home/motaz/iris_files/iris/install/openslam_gmapping/include//gmapping/sensor/sensor_base
[1.322s] -- Up-to-date: /home/motaz/iris_files/iris/install/openslam_gmapping/include//gmapping/sensor/sensor_base/sensor.h
[1.323s] -- Up-to-date: /home/motaz/iris_files/iris/install/openslam_gmapping/include//gmapping/sensor/sensor_base/sensorreading.h
[1.324s] -- Up-to-date: /home/motaz/iris_files/iris/install/openslam_gmapping/include//gmapping/particlefilter
[1.324s] -- Up-to-date: /home/motaz/iris_files/iris/install/openslam_gmapping/include//gmapping/particlefilter/particlefilter.h
[1.324s] -- Up-to-date: /home/motaz/iris_files/iris/install/openslam_gmapping/include//gmapping/log
[1.324s] -- Up-to-date: /home/motaz/iris_files/iris/install/openslam_gmapping/include//gmapping/log/sensorlog.h
[1.324s] -- Up-to-date: /home/motaz/iris_files/iris/install/openslam_gmapping/include//gmapping/log/configuration.h
[1.327s] -- Up-to-date: /home/motaz/iris_files/iris/install/openslam_gmapping/share/ament_index/resource_index/package_run_dependencies/openslam_gmapping
[1.327s] -- Up-to-date: /home/motaz/iris_files/iris/install/openslam_gmapping/share/ament_index/resource_index/parent_prefix_path/openslam_gmapping
[1.327s] -- Up-to-date: /home/motaz/iris_files/iris/install/openslam_gmapping/share/openslam_gmapping/environment/ament_prefix_path.sh
[1.327s] -- Up-to-date: /home/motaz/iris_files/iris/install/openslam_gmapping/share/openslam_gmapping/environment/ament_prefix_path.dsv
[1.327s] -- Up-to-date: /home/motaz/iris_files/iris/install/openslam_gmapping/share/openslam_gmapping/environment/path.sh
[1.327s] -- Up-to-date: /home/motaz/iris_files/iris/install/openslam_gmapping/share/openslam_gmapping/environment/path.dsv
[1.327s] -- Up-to-date: /home/motaz/iris_files/iris/install/openslam_gmapping/share/openslam_gmapping/local_setup.bash
[1.327s] -- Up-to-date: /home/motaz/iris_files/iris/install/openslam_gmapping/share/openslam_gmapping/local_setup.sh
[1.328s] -- Up-to-date: /home/motaz/iris_files/iris/install/openslam_gmapping/share/openslam_gmapping/local_setup.zsh
[1.328s] -- Up-to-date: /home/motaz/iris_files/iris/install/openslam_gmapping/share/openslam_gmapping/local_setup.dsv
[1.329s] -- Installing: /home/motaz/iris_files/iris/install/openslam_gmapping/share/openslam_gmapping/package.dsv
[1.329s] -- Up-to-date: /home/motaz/iris_files/iris/install/openslam_gmapping/share/ament_index/resource_index/packages/openslam_gmapping
[1.329s] -- Up-to-date: /home/motaz/iris_files/iris/install/openslam_gmapping/share/openslam_gmapping/cmake/ament_cmake_export_libraries-extras.cmake
[1.330s] -- Up-to-date: /home/motaz/iris_files/iris/install/openslam_gmapping/share/openslam_gmapping/cmake/ament_cmake_export_include_directories-extras.cmake
[1.331s] -- Up-to-date: /home/motaz/iris_files/iris/install/openslam_gmapping/share/openslam_gmapping/cmake/openslam_gmappingConfig.cmake
[1.335s] -- Up-to-date: /home/motaz/iris_files/iris/install/openslam_gmapping/share/openslam_gmapping/cmake/openslam_gmappingConfig-version.cmake
[1.337s] -- Up-to-date: /home/motaz/iris_files/iris/install/openslam_gmapping/share/openslam_gmapping/package.xml
[1.338s] -- Up-to-date: /home/motaz/iris_files/iris/install/openslam_gmapping/lib/libgridfastslam.a
[1.338s] -- Up-to-date: /home/motaz/iris_files/iris/install/openslam_gmapping/lib/libscanmatcher.a
[1.338s] -- Up-to-date: /home/motaz/iris_files/iris/install/openslam_gmapping/share/openslam_gmapping/environment/library_path.sh
[1.339s] -- Up-to-date: /home/motaz/iris_files/iris/install/openslam_gmapping/share/openslam_gmapping/environment/library_path.dsv
[1.339s] -- Up-to-date: /home/motaz/iris_files/iris/install/openslam_gmapping/lib/libsensor_base.a
[1.339s] -- Up-to-date: /home/motaz/iris_files/iris/install/openslam_gmapping/share/openslam_gmapping/environment/library_path.sh
[1.339s] -- Up-to-date: /home/motaz/iris_files/iris/install/openslam_gmapping/share/openslam_gmapping/environment/library_path.dsv
[1.339s] -- Up-to-date: /home/motaz/iris_files/iris/install/openslam_gmapping/lib/libsensor_odometry.a
[1.340s] -- Up-to-date: /home/motaz/iris_files/iris/install/openslam_gmapping/lib/libsensor_range.a
[1.340s] -- Up-to-date: /home/motaz/iris_files/iris/install/openslam_gmapping/lib/libutils.a
[1.340s] -- Up-to-date: /home/motaz/iris_files/iris/install/openslam_gmapping/share/openslam_gmapping/environment/library_path.sh
[1.340s] -- Up-to-date: /home/motaz/iris_files/iris/install/openslam_gmapping/share/openslam_gmapping/environment/library_path.dsv
[1.354s] Invoked command in '/home/motaz/iris_files/iris/build/openslam_gmapping' returned '0': CMAKE_PREFIX_PATH=/opt/ros/humble /usr/bin/cmake --install /home/motaz/iris_files/iris/build/openslam_gmapping
