[0.063s] Invoking command in '/home/motaz/iris_files/iris/build/openslam_gmapping': CMAKE_PREFIX_PATH=${CMAKE_PREFIX_PATH}:/home/motaz/iris_files/iris/install/iris_drone:/opt/ros/humble /usr/bin/cmake --build /home/motaz/iris_files/iris/build/openslam_gmapping -- -j8 -l8
[0.282s] [35m[1mConsolidate compiler generated dependencies of target utils[0m
[0.284s] [35m[1mConsolidate compiler generated dependencies of target sensor_base[0m
[0.345s] [ 27%] Built target sensor_base
[0.347s] [ 27%] Built target utils
[0.390s] [35m[1mConsolidate compiler generated dependencies of target sensor_odometry[0m
[0.391s] [35m[1mConsolidate compiler generated dependencies of target sensor_range[0m
[0.445s] [ 40%] Built target sensor_odometry
[0.449s] [ 54%] Built target sensor_range
[0.502s] [35m[1mConsolidate compiler generated dependencies of target scanmatcher[0m
[0.586s] [ 77%] Built target scanmatcher
[0.634s] [35m[1mConsolidate compiler generated dependencies of target gridfastslam[0m
[0.694s] [100%] Built target gridfastslam
[1.035s] Invoked command in '/home/motaz/iris_files/iris/build/openslam_gmapping' returned '0': CMAKE_PREFIX_PATH=${CMAKE_PREFIX_PATH}:/home/motaz/iris_files/iris/install/iris_drone:/opt/ros/humble /usr/bin/cmake --build /home/motaz/iris_files/iris/build/openslam_gmapping -- -j8 -l8
[1.188s] Invoking command in '/home/motaz/iris_files/iris/build/openslam_gmapping': CMAKE_PREFIX_PATH=${CMAKE_PREFIX_PATH}:/home/motaz/iris_files/iris/install/iris_drone:/opt/ros/humble /usr/bin/cmake --install /home/motaz/iris_files/iris/build/openslam_gmapping
[1.221s] -- Install configuration: ""
[1.221s] -- Up-to-date: /home/motaz/iris_files/iris/install/openslam_gmapping/share/openslam_gmapping/environment/library_path.sh
[1.221s] -- Up-to-date: /home/motaz/iris_files/iris/install/openslam_gmapping/share/openslam_gmapping/environment/library_path.dsv
[1.222s] -- Up-to-date: /home/motaz/iris_files/iris/install/openslam_gmapping/include/
[1.222s] -- Up-to-date: /home/motaz/iris_files/iris/install/openslam_gmapping/include//gmapping
[1.222s] -- Up-to-date: /home/motaz/iris_files/iris/install/openslam_gmapping/include//gmapping/scanmatcher
[1.223s] -- Up-to-date: /home/motaz/iris_files/iris/install/openslam_gmapping/include//gmapping/scanmatcher/scanmatcher.h
[1.224s] -- Up-to-date: /home/motaz/iris_files/iris/install/openslam_gmapping/include//gmapping/scanmatcher/icp.h
[1.225s] -- Up-to-date: /home/motaz/iris_files/iris/install/openslam_gmapping/include//gmapping/scanmatcher/smmap.h
[1.225s] -- Up-to-date: /home/motaz/iris_files/iris/install/openslam_gmapping/include//gmapping/utils
[1.225s] -- Up-to-date: /home/motaz/iris_files/iris/install/openslam_gmapping/include//gmapping/utils/macro_params.h
[1.225s] -- Up-to-date: /home/motaz/iris_files/iris/install/openslam_gmapping/include//gmapping/utils/autoptr.h
[1.225s] -- Up-to-date: /home/motaz/iris_files/iris/install/openslam_gmapping/include//gmapping/utils/stat.h
[1.225s] -- Up-to-date: /home/motaz/iris_files/iris/install/openslam_gmapping/include//gmapping/utils/gvalues.h
[1.226s] -- Up-to-date: /home/motaz/iris_files/iris/install/openslam_gmapping/include//gmapping/utils/point.h
[1.226s] -- Up-to-date: /home/motaz/iris_files/iris/install/openslam_gmapping/include//gmapping/utils/commandline.h
[1.226s] -- Up-to-date: /home/motaz/iris_files/iris/install/openslam_gmapping/include//gmapping/gridfastslam
[1.226s] -- Up-to-date: /home/motaz/iris_files/iris/install/openslam_gmapping/include//gmapping/gridfastslam/motionmodel.h
[1.226s] -- Up-to-date: /home/motaz/iris_files/iris/install/openslam_gmapping/include//gmapping/gridfastslam/gridslamprocessor.h
[1.226s] -- Up-to-date: /home/motaz/iris_files/iris/install/openslam_gmapping/include//gmapping/gridfastslam/gridslamprocessor.hxx
[1.227s] -- Up-to-date: /home/motaz/iris_files/iris/install/openslam_gmapping/include//gmapping/grid
[1.227s] -- Up-to-date: /home/motaz/iris_files/iris/install/openslam_gmapping/include//gmapping/grid/array2d.h
[1.227s] -- Up-to-date: /home/motaz/iris_files/iris/install/openslam_gmapping/include//gmapping/grid/map.h
[1.228s] -- Up-to-date: /home/motaz/iris_files/iris/install/openslam_gmapping/include//gmapping/grid/accessstate.h
[1.228s] -- Up-to-date: /home/motaz/iris_files/iris/install/openslam_gmapping/include//gmapping/grid/harray2d.h
[1.230s] -- Up-to-date: /home/motaz/iris_files/iris/install/openslam_gmapping/include//gmapping/sensor
[1.231s] -- Up-to-date: /home/motaz/iris_files/iris/install/openslam_gmapping/include//gmapping/sensor/sensor_range
[1.231s] -- Up-to-date: /home/motaz/iris_files/iris/install/openslam_gmapping/include//gmapping/sensor/sensor_range/rangesensor.h
[1.232s] -- Up-to-date: /home/motaz/iris_files/iris/install/openslam_gmapping/include//gmapping/sensor/sensor_range/rangereading.h
[1.232s] -- Up-to-date: /home/motaz/iris_files/iris/install/openslam_gmapping/include//gmapping/sensor/sensor_odometry
[1.232s] -- Up-to-date: /home/motaz/iris_files/iris/install/openslam_gmapping/include//gmapping/sensor/sensor_odometry/odometrysensor.h
[1.232s] -- Up-to-date: /home/motaz/iris_files/iris/install/openslam_gmapping/include//gmapping/sensor/sensor_odometry/odometryreading.h
[1.232s] -- Up-to-date: /home/motaz/iris_files/iris/install/openslam_gmapping/include//gmapping/sensor/sensor_base
[1.232s] -- Up-to-date: /home/motaz/iris_files/iris/install/openslam_gmapping/include//gmapping/sensor/sensor_base/sensor.h
[1.233s] -- Up-to-date: /home/motaz/iris_files/iris/install/openslam_gmapping/include//gmapping/sensor/sensor_base/sensorreading.h
[1.233s] -- Up-to-date: /home/motaz/iris_files/iris/install/openslam_gmapping/include//gmapping/particlefilter
[1.233s] -- Up-to-date: /home/motaz/iris_files/iris/install/openslam_gmapping/include//gmapping/particlefilter/particlefilter.h
[1.233s] -- Up-to-date: /home/motaz/iris_files/iris/install/openslam_gmapping/include//gmapping/log
[1.233s] -- Up-to-date: /home/motaz/iris_files/iris/install/openslam_gmapping/include//gmapping/log/sensorlog.h
[1.233s] -- Up-to-date: /home/motaz/iris_files/iris/install/openslam_gmapping/include//gmapping/log/configuration.h
[1.234s] -- Up-to-date: /home/motaz/iris_files/iris/install/openslam_gmapping/share/ament_index/resource_index/package_run_dependencies/openslam_gmapping
[1.234s] -- Up-to-date: /home/motaz/iris_files/iris/install/openslam_gmapping/share/ament_index/resource_index/parent_prefix_path/openslam_gmapping
[1.234s] -- Up-to-date: /home/motaz/iris_files/iris/install/openslam_gmapping/share/openslam_gmapping/environment/ament_prefix_path.sh
[1.234s] -- Up-to-date: /home/motaz/iris_files/iris/install/openslam_gmapping/share/openslam_gmapping/environment/ament_prefix_path.dsv
[1.234s] -- Up-to-date: /home/motaz/iris_files/iris/install/openslam_gmapping/share/openslam_gmapping/environment/path.sh
[1.235s] -- Up-to-date: /home/motaz/iris_files/iris/install/openslam_gmapping/share/openslam_gmapping/environment/path.dsv
[1.236s] -- Up-to-date: /home/motaz/iris_files/iris/install/openslam_gmapping/share/openslam_gmapping/local_setup.bash
[1.236s] -- Up-to-date: /home/motaz/iris_files/iris/install/openslam_gmapping/share/openslam_gmapping/local_setup.sh
[1.236s] -- Up-to-date: /home/motaz/iris_files/iris/install/openslam_gmapping/share/openslam_gmapping/local_setup.zsh
[1.236s] -- Up-to-date: /home/motaz/iris_files/iris/install/openslam_gmapping/share/openslam_gmapping/local_setup.dsv
[1.236s] -- Installing: /home/motaz/iris_files/iris/install/openslam_gmapping/share/openslam_gmapping/package.dsv
[1.237s] -- Up-to-date: /home/motaz/iris_files/iris/install/openslam_gmapping/share/ament_index/resource_index/packages/openslam_gmapping
[1.237s] -- Up-to-date: /home/motaz/iris_files/iris/install/openslam_gmapping/share/openslam_gmapping/cmake/ament_cmake_export_libraries-extras.cmake
[1.237s] -- Up-to-date: /home/motaz/iris_files/iris/install/openslam_gmapping/share/openslam_gmapping/cmake/ament_cmake_export_include_directories-extras.cmake
[1.237s] -- Up-to-date: /home/motaz/iris_files/iris/install/openslam_gmapping/share/openslam_gmapping/cmake/openslam_gmappingConfig.cmake
[1.237s] -- Up-to-date: /home/motaz/iris_files/iris/install/openslam_gmapping/share/openslam_gmapping/cmake/openslam_gmappingConfig-version.cmake
[1.237s] -- Up-to-date: /home/motaz/iris_files/iris/install/openslam_gmapping/share/openslam_gmapping/package.xml
[1.238s] -- Up-to-date: /home/motaz/iris_files/iris/install/openslam_gmapping/lib/libgridfastslam.a
[1.238s] -- Up-to-date: /home/motaz/iris_files/iris/install/openslam_gmapping/lib/libscanmatcher.a
[1.238s] -- Up-to-date: /home/motaz/iris_files/iris/install/openslam_gmapping/share/openslam_gmapping/environment/library_path.sh
[1.238s] -- Up-to-date: /home/motaz/iris_files/iris/install/openslam_gmapping/share/openslam_gmapping/environment/library_path.dsv
[1.239s] -- Up-to-date: /home/motaz/iris_files/iris/install/openslam_gmapping/lib/libsensor_base.a
[1.240s] -- Up-to-date: /home/motaz/iris_files/iris/install/openslam_gmapping/share/openslam_gmapping/environment/library_path.sh
[1.240s] -- Up-to-date: /home/motaz/iris_files/iris/install/openslam_gmapping/share/openslam_gmapping/environment/library_path.dsv
[1.240s] -- Up-to-date: /home/motaz/iris_files/iris/install/openslam_gmapping/lib/libsensor_odometry.a
[1.241s] -- Up-to-date: /home/motaz/iris_files/iris/install/openslam_gmapping/lib/libsensor_range.a
[1.242s] -- Up-to-date: /home/motaz/iris_files/iris/install/openslam_gmapping/lib/libutils.a
[1.243s] -- Up-to-date: /home/motaz/iris_files/iris/install/openslam_gmapping/share/openslam_gmapping/environment/library_path.sh
[1.243s] -- Up-to-date: /home/motaz/iris_files/iris/install/openslam_gmapping/share/openslam_gmapping/environment/library_path.dsv
[1.259s] Invoked command in '/home/motaz/iris_files/iris/build/openslam_gmapping' returned '0': CMAKE_PREFIX_PATH=${CMAKE_PREFIX_PATH}:/home/motaz/iris_files/iris/install/iris_drone:/opt/ros/humble /usr/bin/cmake --install /home/motaz/iris_files/iris/build/openslam_gmapping
