[0.346s] DEBUG:colcon:Command line arguments: ['/usr/bin/colcon', 'build']
[0.346s] DEBUG:colcon:Parsed command line arguments: Namespace(log_base=None, log_level=None, verb_name='build', build_base='build', install_base='install', merge_install=False, symlink_install=False, test_result_base=None, continue_on_error=False, executor='parallel', parallel_workers=8, event_handlers=None, ignore_user_meta=False, metas=['./colcon.meta'], base_paths=['.'], packages_ignore=None, packages_ignore_regex=None, paths=None, packages_up_to=None, packages_up_to_regex=None, packages_above=None, packages_above_and_dependencies=None, packages_above_depth=None, packages_select_by_dep=None, packages_skip_by_dep=None, packages_skip_up_to=None, packages_select_build_failed=False, packages_skip_build_finished=False, packages_select_test_failures=False, packages_skip_test_passed=False, packages_select=None, packages_skip=None, packages_select_regex=None, packages_skip_regex=None, packages_start=None, packages_end=None, allow_overriding=[], cmake_args=None, cmake_target=None, cmake_target_skip_unavailable=False, cmake_clean_cache=False, cmake_clean_first=False, cmake_force_configure=False, ament_cmake_args=None, catkin_cmake_args=None, catkin_skip_building_tests=False, verb_parser=<colcon_defaults.argument_parser.defaults.DefaultArgumentsDecorator object at 0x74a2c4a4d5d0>, verb_extension=<colcon_core.verb.build.BuildVerb object at 0x74a2c4a4d0c0>, main=<bound method BuildVerb.main of <colcon_core.verb.build.BuildVerb object at 0x74a2c4a4d0c0>>)
[0.423s] Level 1:colcon.colcon_core.package_discovery:discover_packages(colcon_meta) check parameters
[0.423s] Level 1:colcon.colcon_core.package_discovery:discover_packages(recursive) check parameters
[0.423s] Level 1:colcon.colcon_core.package_discovery:discover_packages(ignore) check parameters
[0.423s] Level 1:colcon.colcon_core.package_discovery:discover_packages(path) check parameters
[0.423s] Level 1:colcon.colcon_core.package_discovery:discover_packages(colcon_meta) discover
[0.423s] Level 1:colcon.colcon_core.package_discovery:discover_packages(recursive) discover
[0.423s] INFO:colcon.colcon_core.package_discovery:Crawling recursively for packages in '/home/motaz/iris_files/iris'
[0.423s] Level 1:colcon.colcon_core.package_identification:_identify(.) by extensions ['ignore', 'ignore_ament_install']
[0.423s] Level 1:colcon.colcon_core.package_identification:_identify(.) by extension 'ignore'
[0.424s] Level 1:colcon.colcon_core.package_identification:_identify(.) by extension 'ignore_ament_install'
[0.424s] Level 1:colcon.colcon_core.package_identification:_identify(.) by extensions ['colcon_pkg']
[0.424s] Level 1:colcon.colcon_core.package_identification:_identify(.) by extension 'colcon_pkg'
[0.424s] Level 1:colcon.colcon_core.package_identification:_identify(.) by extensions ['colcon_meta']
[0.424s] Level 1:colcon.colcon_core.package_identification:_identify(.) by extension 'colcon_meta'
[0.424s] Level 1:colcon.colcon_core.package_identification:_identify(.) by extensions ['ros']
[0.424s] Level 1:colcon.colcon_core.package_identification:_identify(.) by extension 'ros'
[0.452s] Level 1:colcon.colcon_core.package_identification:_identify(.) by extensions ['cmake', 'python']
[0.452s] Level 1:colcon.colcon_core.package_identification:_identify(.) by extension 'cmake'
[0.452s] Level 1:colcon.colcon_core.package_identification:_identify(.) by extension 'python'
[0.452s] Level 1:colcon.colcon_core.package_identification:_identify(.) by extensions ['python_setup_py']
[0.452s] Level 1:colcon.colcon_core.package_identification:_identify(.) by extension 'python_setup_py'
[0.452s] Level 1:colcon.colcon_core.package_identification:_identify(build) by extensions ['ignore', 'ignore_ament_install']
[0.452s] Level 1:colcon.colcon_core.package_identification:_identify(build) by extension 'ignore'
[0.452s] Level 1:colcon.colcon_core.package_identification:_identify(build) ignored
[0.452s] Level 1:colcon.colcon_core.package_identification:_identify(install) by extensions ['ignore', 'ignore_ament_install']
[0.452s] Level 1:colcon.colcon_core.package_identification:_identify(install) by extension 'ignore'
[0.453s] Level 1:colcon.colcon_core.package_identification:_identify(install) ignored
[0.453s] Level 1:colcon.colcon_core.package_identification:_identify(log) by extensions ['ignore', 'ignore_ament_install']
[0.453s] Level 1:colcon.colcon_core.package_identification:_identify(log) by extension 'ignore'
[0.453s] Level 1:colcon.colcon_core.package_identification:_identify(log) ignored
[0.453s] Level 1:colcon.colcon_core.package_identification:_identify(logs) by extensions ['ignore', 'ignore_ament_install']
[0.453s] Level 1:colcon.colcon_core.package_identification:_identify(logs) by extension 'ignore'
[0.453s] Level 1:colcon.colcon_core.package_identification:_identify(logs) by extension 'ignore_ament_install'
[0.453s] Level 1:colcon.colcon_core.package_identification:_identify(logs) by extensions ['colcon_pkg']
[0.453s] Level 1:colcon.colcon_core.package_identification:_identify(logs) by extension 'colcon_pkg'
[0.453s] Level 1:colcon.colcon_core.package_identification:_identify(logs) by extensions ['colcon_meta']
[0.453s] Level 1:colcon.colcon_core.package_identification:_identify(logs) by extension 'colcon_meta'
[0.453s] Level 1:colcon.colcon_core.package_identification:_identify(logs) by extensions ['ros']
[0.453s] Level 1:colcon.colcon_core.package_identification:_identify(logs) by extension 'ros'
[0.453s] Level 1:colcon.colcon_core.package_identification:_identify(logs) by extensions ['cmake', 'python']
[0.453s] Level 1:colcon.colcon_core.package_identification:_identify(logs) by extension 'cmake'
[0.453s] Level 1:colcon.colcon_core.package_identification:_identify(logs) by extension 'python'
[0.453s] Level 1:colcon.colcon_core.package_identification:_identify(logs) by extensions ['python_setup_py']
[0.453s] Level 1:colcon.colcon_core.package_identification:_identify(logs) by extension 'python_setup_py'
[0.453s] Level 1:colcon.colcon_core.package_identification:_identify(src) by extensions ['ignore', 'ignore_ament_install']
[0.454s] Level 1:colcon.colcon_core.package_identification:_identify(src) by extension 'ignore'
[0.454s] Level 1:colcon.colcon_core.package_identification:_identify(src) by extension 'ignore_ament_install'
[0.454s] Level 1:colcon.colcon_core.package_identification:_identify(src) by extensions ['colcon_pkg']
[0.454s] Level 1:colcon.colcon_core.package_identification:_identify(src) by extension 'colcon_pkg'
[0.454s] Level 1:colcon.colcon_core.package_identification:_identify(src) by extensions ['colcon_meta']
[0.454s] Level 1:colcon.colcon_core.package_identification:_identify(src) by extension 'colcon_meta'
[0.454s] Level 1:colcon.colcon_core.package_identification:_identify(src) by extensions ['ros']
[0.454s] Level 1:colcon.colcon_core.package_identification:_identify(src) by extension 'ros'
[0.454s] Level 1:colcon.colcon_core.package_identification:_identify(src) by extensions ['cmake', 'python']
[0.454s] Level 1:colcon.colcon_core.package_identification:_identify(src) by extension 'cmake'
[0.454s] Level 1:colcon.colcon_core.package_identification:_identify(src) by extension 'python'
[0.454s] Level 1:colcon.colcon_core.package_identification:_identify(src) by extensions ['python_setup_py']
[0.454s] Level 1:colcon.colcon_core.package_identification:_identify(src) by extension 'python_setup_py'
[0.454s] Level 1:colcon.colcon_core.package_identification:_identify(src/iris_drone) by extensions ['ignore', 'ignore_ament_install']
[0.454s] Level 1:colcon.colcon_core.package_identification:_identify(src/iris_drone) by extension 'ignore'
[0.454s] Level 1:colcon.colcon_core.package_identification:_identify(src/iris_drone) by extension 'ignore_ament_install'
[0.454s] Level 1:colcon.colcon_core.package_identification:_identify(src/iris_drone) by extensions ['colcon_pkg']
[0.454s] Level 1:colcon.colcon_core.package_identification:_identify(src/iris_drone) by extension 'colcon_pkg'
[0.454s] Level 1:colcon.colcon_core.package_identification:_identify(src/iris_drone) by extensions ['colcon_meta']
[0.454s] Level 1:colcon.colcon_core.package_identification:_identify(src/iris_drone) by extension 'colcon_meta'
[0.454s] Level 1:colcon.colcon_core.package_identification:_identify(src/iris_drone) by extensions ['ros']
[0.454s] Level 1:colcon.colcon_core.package_identification:_identify(src/iris_drone) by extension 'ros'
[0.458s] DEBUG:colcon.colcon_core.package_identification:Package 'src/iris_drone' with type 'ros.ament_python' and name 'iris_drone'
[0.458s] Level 1:colcon.colcon_core.package_identification:_identify(src/slam_gmapping) by extensions ['ignore', 'ignore_ament_install']
[0.458s] Level 1:colcon.colcon_core.package_identification:_identify(src/slam_gmapping) by extension 'ignore'
[0.458s] Level 1:colcon.colcon_core.package_identification:_identify(src/slam_gmapping) by extension 'ignore_ament_install'
[0.458s] Level 1:colcon.colcon_core.package_identification:_identify(src/slam_gmapping) by extensions ['colcon_pkg']
[0.458s] Level 1:colcon.colcon_core.package_identification:_identify(src/slam_gmapping) by extension 'colcon_pkg'
[0.458s] Level 1:colcon.colcon_core.package_identification:_identify(src/slam_gmapping) by extensions ['colcon_meta']
[0.458s] Level 1:colcon.colcon_core.package_identification:_identify(src/slam_gmapping) by extension 'colcon_meta'
[0.458s] Level 1:colcon.colcon_core.package_identification:_identify(src/slam_gmapping) by extensions ['ros']
[0.458s] Level 1:colcon.colcon_core.package_identification:_identify(src/slam_gmapping) by extension 'ros'
[0.458s] Level 1:colcon.colcon_core.package_identification:_identify(src/slam_gmapping) by extensions ['cmake', 'python']
[0.458s] Level 1:colcon.colcon_core.package_identification:_identify(src/slam_gmapping) by extension 'cmake'
[0.458s] Level 1:colcon.colcon_core.package_identification:_identify(src/slam_gmapping) by extension 'python'
[0.458s] Level 1:colcon.colcon_core.package_identification:_identify(src/slam_gmapping) by extensions ['python_setup_py']
[0.458s] Level 1:colcon.colcon_core.package_identification:_identify(src/slam_gmapping) by extension 'python_setup_py'
[0.459s] Level 1:colcon.colcon_core.package_identification:_identify(src/slam_gmapping/openslam_gmapping) by extensions ['ignore', 'ignore_ament_install']
[0.459s] Level 1:colcon.colcon_core.package_identification:_identify(src/slam_gmapping/openslam_gmapping) by extension 'ignore'
[0.459s] Level 1:colcon.colcon_core.package_identification:_identify(src/slam_gmapping/openslam_gmapping) by extension 'ignore_ament_install'
[0.459s] Level 1:colcon.colcon_core.package_identification:_identify(src/slam_gmapping/openslam_gmapping) by extensions ['colcon_pkg']
[0.459s] Level 1:colcon.colcon_core.package_identification:_identify(src/slam_gmapping/openslam_gmapping) by extension 'colcon_pkg'
[0.459s] Level 1:colcon.colcon_core.package_identification:_identify(src/slam_gmapping/openslam_gmapping) by extensions ['colcon_meta']
[0.459s] Level 1:colcon.colcon_core.package_identification:_identify(src/slam_gmapping/openslam_gmapping) by extension 'colcon_meta'
[0.459s] Level 1:colcon.colcon_core.package_identification:_identify(src/slam_gmapping/openslam_gmapping) by extensions ['ros']
[0.459s] Level 1:colcon.colcon_core.package_identification:_identify(src/slam_gmapping/openslam_gmapping) by extension 'ros'
[0.460s] DEBUG:colcon.colcon_core.package_identification:Package 'src/slam_gmapping/openslam_gmapping' with type 'ros.ament_cmake' and name 'openslam_gmapping'
[0.461s] Level 1:colcon.colcon_core.package_identification:_identify(src/slam_gmapping/slam_gmapping) by extensions ['ignore', 'ignore_ament_install']
[0.461s] Level 1:colcon.colcon_core.package_identification:_identify(src/slam_gmapping/slam_gmapping) by extension 'ignore'
[0.461s] Level 1:colcon.colcon_core.package_identification:_identify(src/slam_gmapping/slam_gmapping) by extension 'ignore_ament_install'
[0.461s] Level 1:colcon.colcon_core.package_identification:_identify(src/slam_gmapping/slam_gmapping) by extensions ['colcon_pkg']
[0.461s] Level 1:colcon.colcon_core.package_identification:_identify(src/slam_gmapping/slam_gmapping) by extension 'colcon_pkg'
[0.461s] Level 1:colcon.colcon_core.package_identification:_identify(src/slam_gmapping/slam_gmapping) by extensions ['colcon_meta']
[0.461s] Level 1:colcon.colcon_core.package_identification:_identify(src/slam_gmapping/slam_gmapping) by extension 'colcon_meta'
[0.461s] Level 1:colcon.colcon_core.package_identification:_identify(src/slam_gmapping/slam_gmapping) by extensions ['ros']
[0.461s] Level 1:colcon.colcon_core.package_identification:_identify(src/slam_gmapping/slam_gmapping) by extension 'ros'
[0.463s] DEBUG:colcon.colcon_core.package_identification:Package 'src/slam_gmapping/slam_gmapping' with type 'ros.ament_cmake' and name 'slam_gmapping'
[0.463s] Level 1:colcon.colcon_core.package_identification:_identify(terrain) by extensions ['ignore', 'ignore_ament_install']
[0.463s] Level 1:colcon.colcon_core.package_identification:_identify(terrain) by extension 'ignore'
[0.463s] Level 1:colcon.colcon_core.package_identification:_identify(terrain) by extension 'ignore_ament_install'
[0.463s] Level 1:colcon.colcon_core.package_identification:_identify(terrain) by extensions ['colcon_pkg']
[0.463s] Level 1:colcon.colcon_core.package_identification:_identify(terrain) by extension 'colcon_pkg'
[0.463s] Level 1:colcon.colcon_core.package_identification:_identify(terrain) by extensions ['colcon_meta']
[0.463s] Level 1:colcon.colcon_core.package_identification:_identify(terrain) by extension 'colcon_meta'
[0.463s] Level 1:colcon.colcon_core.package_identification:_identify(terrain) by extensions ['ros']
[0.463s] Level 1:colcon.colcon_core.package_identification:_identify(terrain) by extension 'ros'
[0.463s] Level 1:colcon.colcon_core.package_identification:_identify(terrain) by extensions ['cmake', 'python']
[0.463s] Level 1:colcon.colcon_core.package_identification:_identify(terrain) by extension 'cmake'
[0.463s] Level 1:colcon.colcon_core.package_identification:_identify(terrain) by extension 'python'
[0.463s] Level 1:colcon.colcon_core.package_identification:_identify(terrain) by extensions ['python_setup_py']
[0.463s] Level 1:colcon.colcon_core.package_identification:_identify(terrain) by extension 'python_setup_py'
[0.463s] Level 1:colcon.colcon_core.package_discovery:discover_packages(recursive) using defaults
[0.463s] Level 1:colcon.colcon_core.package_discovery:discover_packages(ignore) discover
[0.463s] Level 1:colcon.colcon_core.package_discovery:discover_packages(ignore) using defaults
[0.463s] Level 1:colcon.colcon_core.package_discovery:discover_packages(path) discover
[0.463s] Level 1:colcon.colcon_core.package_discovery:discover_packages(path) using defaults
[0.488s] Level 1:colcon.colcon_core.package_discovery:discover_packages(prefix_path) check parameters
[0.488s] Level 1:colcon.colcon_core.package_discovery:discover_packages(prefix_path) discover
[0.491s] DEBUG:colcon.colcon_installed_package_information.package_discovery:Found 341 installed packages in /opt/ros/humble
[0.493s] Level 1:colcon.colcon_core.package_discovery:discover_packages(prefix_path) using defaults
[0.531s] Level 5:colcon.colcon_core.verb:set package 'iris_drone' build argument 'cmake_args' from command line to 'None'
[0.531s] Level 5:colcon.colcon_core.verb:set package 'iris_drone' build argument 'cmake_target' from command line to 'None'
[0.531s] Level 5:colcon.colcon_core.verb:set package 'iris_drone' build argument 'cmake_target_skip_unavailable' from command line to 'False'
[0.531s] Level 5:colcon.colcon_core.verb:set package 'iris_drone' build argument 'cmake_clean_cache' from command line to 'False'
[0.531s] Level 5:colcon.colcon_core.verb:set package 'iris_drone' build argument 'cmake_clean_first' from command line to 'False'
[0.531s] Level 5:colcon.colcon_core.verb:set package 'iris_drone' build argument 'cmake_force_configure' from command line to 'False'
[0.531s] Level 5:colcon.colcon_core.verb:set package 'iris_drone' build argument 'ament_cmake_args' from command line to 'None'
[0.531s] Level 5:colcon.colcon_core.verb:set package 'iris_drone' build argument 'catkin_cmake_args' from command line to 'None'
[0.531s] Level 5:colcon.colcon_core.verb:set package 'iris_drone' build argument 'catkin_skip_building_tests' from command line to 'False'
[0.531s] DEBUG:colcon.colcon_core.verb:Building package 'iris_drone' with the following arguments: {'ament_cmake_args': None, 'build_base': '/home/motaz/iris_files/iris/build/iris_drone', 'catkin_cmake_args': None, 'catkin_skip_building_tests': False, 'cmake_args': None, 'cmake_clean_cache': False, 'cmake_clean_first': False, 'cmake_force_configure': False, 'cmake_target': None, 'cmake_target_skip_unavailable': False, 'install_base': '/home/motaz/iris_files/iris/install/iris_drone', 'merge_install': False, 'path': '/home/motaz/iris_files/iris/src/iris_drone', 'symlink_install': False, 'test_result_base': None}
[0.532s] Level 5:colcon.colcon_core.verb:set package 'openslam_gmapping' build argument 'cmake_args' from command line to 'None'
[0.532s] Level 5:colcon.colcon_core.verb:set package 'openslam_gmapping' build argument 'cmake_target' from command line to 'None'
[0.532s] Level 5:colcon.colcon_core.verb:set package 'openslam_gmapping' build argument 'cmake_target_skip_unavailable' from command line to 'False'
[0.532s] Level 5:colcon.colcon_core.verb:set package 'openslam_gmapping' build argument 'cmake_clean_cache' from command line to 'False'
[0.532s] Level 5:colcon.colcon_core.verb:set package 'openslam_gmapping' build argument 'cmake_clean_first' from command line to 'False'
[0.532s] Level 5:colcon.colcon_core.verb:set package 'openslam_gmapping' build argument 'cmake_force_configure' from command line to 'False'
[0.532s] Level 5:colcon.colcon_core.verb:set package 'openslam_gmapping' build argument 'ament_cmake_args' from command line to 'None'
[0.532s] Level 5:colcon.colcon_core.verb:set package 'openslam_gmapping' build argument 'catkin_cmake_args' from command line to 'None'
[0.532s] Level 5:colcon.colcon_core.verb:set package 'openslam_gmapping' build argument 'catkin_skip_building_tests' from command line to 'False'
[0.532s] DEBUG:colcon.colcon_core.verb:Building package 'openslam_gmapping' with the following arguments: {'ament_cmake_args': None, 'build_base': '/home/motaz/iris_files/iris/build/openslam_gmapping', 'catkin_cmake_args': None, 'catkin_skip_building_tests': False, 'cmake_args': None, 'cmake_clean_cache': False, 'cmake_clean_first': False, 'cmake_force_configure': False, 'cmake_target': None, 'cmake_target_skip_unavailable': False, 'install_base': '/home/motaz/iris_files/iris/install/openslam_gmapping', 'merge_install': False, 'path': '/home/motaz/iris_files/iris/src/slam_gmapping/openslam_gmapping', 'symlink_install': False, 'test_result_base': None}
[0.532s] Level 5:colcon.colcon_core.verb:set package 'slam_gmapping' build argument 'cmake_args' from command line to 'None'
[0.532s] Level 5:colcon.colcon_core.verb:set package 'slam_gmapping' build argument 'cmake_target' from command line to 'None'
[0.532s] Level 5:colcon.colcon_core.verb:set package 'slam_gmapping' build argument 'cmake_target_skip_unavailable' from command line to 'False'
[0.532s] Level 5:colcon.colcon_core.verb:set package 'slam_gmapping' build argument 'cmake_clean_cache' from command line to 'False'
[0.532s] Level 5:colcon.colcon_core.verb:set package 'slam_gmapping' build argument 'cmake_clean_first' from command line to 'False'
[0.532s] Level 5:colcon.colcon_core.verb:set package 'slam_gmapping' build argument 'cmake_force_configure' from command line to 'False'
[0.532s] Level 5:colcon.colcon_core.verb:set package 'slam_gmapping' build argument 'ament_cmake_args' from command line to 'None'
[0.532s] Level 5:colcon.colcon_core.verb:set package 'slam_gmapping' build argument 'catkin_cmake_args' from command line to 'None'
[0.532s] Level 5:colcon.colcon_core.verb:set package 'slam_gmapping' build argument 'catkin_skip_building_tests' from command line to 'False'
[0.532s] DEBUG:colcon.colcon_core.verb:Building package 'slam_gmapping' with the following arguments: {'ament_cmake_args': None, 'build_base': '/home/motaz/iris_files/iris/build/slam_gmapping', 'catkin_cmake_args': None, 'catkin_skip_building_tests': False, 'cmake_args': None, 'cmake_clean_cache': False, 'cmake_clean_first': False, 'cmake_force_configure': False, 'cmake_target': None, 'cmake_target_skip_unavailable': False, 'install_base': '/home/motaz/iris_files/iris/install/slam_gmapping', 'merge_install': False, 'path': '/home/motaz/iris_files/iris/src/slam_gmapping/slam_gmapping', 'symlink_install': False, 'test_result_base': None}
[0.533s] INFO:colcon.colcon_core.executor:Executing jobs using 'parallel' executor
[0.534s] DEBUG:colcon.colcon_parallel_executor.executor.parallel:run_until_complete
[0.534s] INFO:colcon.colcon_ros.task.ament_cmake.build:Building ROS package in '/home/motaz/iris_files/iris/src/slam_gmapping/openslam_gmapping' with build type 'ament_cmake'
[0.534s] INFO:colcon.colcon_cmake.task.cmake.build:Building CMake package in '/home/motaz/iris_files/iris/src/slam_gmapping/openslam_gmapping'
[0.538s] INFO:colcon.colcon_core.plugin_system:Skipping extension 'colcon_core.shell.bat': Not used on non-Windows systems
[0.538s] INFO:colcon.colcon_core.shell:Skip shell extension 'powershell' for command environment: Not usable outside of PowerShell
[0.538s] DEBUG:colcon.colcon_core.shell:Skip shell extension 'dsv' for command environment
[0.541s] INFO:colcon.colcon_ros.task.ament_python.build:Building ROS package in '/home/motaz/iris_files/iris/src/iris_drone' with build type 'ament_python'
[0.542s] Level 1:colcon.colcon_core.shell:create_environment_hook('iris_drone', 'ament_prefix_path')
[0.542s] INFO:colcon.colcon_core.shell:Creating environment hook '/home/motaz/iris_files/iris/install/iris_drone/share/iris_drone/hook/ament_prefix_path.ps1'
[0.543s] INFO:colcon.colcon_core.shell:Creating environment descriptor '/home/motaz/iris_files/iris/install/iris_drone/share/iris_drone/hook/ament_prefix_path.dsv'
[0.543s] INFO:colcon.colcon_core.shell:Creating environment hook '/home/motaz/iris_files/iris/install/iris_drone/share/iris_drone/hook/ament_prefix_path.sh'
[0.544s] INFO:colcon.colcon_core.shell:Skip shell extension 'powershell' for command environment: Not usable outside of PowerShell
[0.544s] DEBUG:colcon.colcon_core.shell:Skip shell extension 'dsv' for command environment
[0.551s] DEBUG:colcon.colcon_core.event_handler.log_command:Invoking command in '/home/motaz/iris_files/iris/build/openslam_gmapping': CMAKE_PREFIX_PATH=/opt/ros/humble /usr/bin/cmake --build /home/motaz/iris_files/iris/build/openslam_gmapping -- -j8 -l8
[0.760s] INFO:colcon.colcon_core.task.python.build:Building Python package in '/home/motaz/iris_files/iris/src/iris_drone'
[0.761s] INFO:colcon.colcon_core.shell:Skip shell extension 'powershell' for command environment: Not usable outside of PowerShell
[0.761s] DEBUG:colcon.colcon_core.shell:Skip shell extension 'dsv' for command environment
[0.764s] DEBUG:colcon.colcon_core.event_handler.log_command:Invoked command in '/home/motaz/iris_files/iris/build/openslam_gmapping' returned '0': CMAKE_PREFIX_PATH=/opt/ros/humble /usr/bin/cmake --build /home/motaz/iris_files/iris/build/openslam_gmapping -- -j8 -l8
[0.798s] DEBUG:colcon.colcon_core.event_handler.log_command:Invoking command in '/home/motaz/iris_files/iris/build/openslam_gmapping': CMAKE_PREFIX_PATH=/opt/ros/humble /usr/bin/cmake --install /home/motaz/iris_files/iris/build/openslam_gmapping
[0.815s] Level 1:colcon.colcon_core.environment:create_environment_scripts_only(openslam_gmapping)
[0.815s] DEBUG:colcon.colcon_core.event_handler.log_command:Invoked command in '/home/motaz/iris_files/iris/build/openslam_gmapping' returned '0': CMAKE_PREFIX_PATH=/opt/ros/humble /usr/bin/cmake --install /home/motaz/iris_files/iris/build/openslam_gmapping
[0.820s] Level 1:colcon.colcon_core.environment:checking '/home/motaz/iris_files/iris/install/openslam_gmapping' for CMake module files
[0.820s] Level 1:colcon.colcon_core.environment:checking '/home/motaz/iris_files/iris/install/openslam_gmapping' for CMake config files
[0.821s] Level 1:colcon.colcon_core.shell:create_environment_hook('openslam_gmapping', 'cmake_prefix_path')
[0.821s] INFO:colcon.colcon_core.shell:Creating environment hook '/home/motaz/iris_files/iris/install/openslam_gmapping/share/openslam_gmapping/hook/cmake_prefix_path.ps1'
[0.822s] INFO:colcon.colcon_core.shell:Creating environment descriptor '/home/motaz/iris_files/iris/install/openslam_gmapping/share/openslam_gmapping/hook/cmake_prefix_path.dsv'
[0.822s] INFO:colcon.colcon_core.shell:Creating environment hook '/home/motaz/iris_files/iris/install/openslam_gmapping/share/openslam_gmapping/hook/cmake_prefix_path.sh'
[0.822s] Level 1:colcon.colcon_core.environment:checking '/home/motaz/iris_files/iris/install/openslam_gmapping/lib'
[0.823s] Level 1:colcon.colcon_core.environment:checking '/home/motaz/iris_files/iris/install/openslam_gmapping/bin'
[0.823s] Level 1:colcon.colcon_core.environment:checking '/home/motaz/iris_files/iris/install/openslam_gmapping/lib/pkgconfig/openslam_gmapping.pc'
[0.823s] Level 1:colcon.colcon_core.environment:checking '/home/motaz/iris_files/iris/install/openslam_gmapping/lib/python3.10/site-packages'
[0.823s] Level 1:colcon.colcon_core.environment:checking '/home/motaz/iris_files/iris/install/openslam_gmapping/bin'
[0.823s] INFO:colcon.colcon_core.shell:Creating package script '/home/motaz/iris_files/iris/install/openslam_gmapping/share/openslam_gmapping/package.ps1'
[0.824s] INFO:colcon.colcon_core.shell:Creating package descriptor '/home/motaz/iris_files/iris/install/openslam_gmapping/share/openslam_gmapping/package.dsv'
[0.825s] INFO:colcon.colcon_core.shell:Creating package script '/home/motaz/iris_files/iris/install/openslam_gmapping/share/openslam_gmapping/package.sh'
[0.826s] INFO:colcon.colcon_core.shell:Creating package script '/home/motaz/iris_files/iris/install/openslam_gmapping/share/openslam_gmapping/package.bash'
[0.827s] INFO:colcon.colcon_core.shell:Creating package script '/home/motaz/iris_files/iris/install/openslam_gmapping/share/openslam_gmapping/package.zsh'
[0.828s] Level 1:colcon.colcon_core.environment:create_file_with_runtime_dependencies(/home/motaz/iris_files/iris/install/openslam_gmapping/share/colcon-core/packages/openslam_gmapping)
[0.852s] Level 1:colcon.colcon_core.environment:create_environment_scripts_only(openslam_gmapping)
[0.852s] Level 1:colcon.colcon_core.environment:checking '/home/motaz/iris_files/iris/install/openslam_gmapping' for CMake module files
[0.852s] Level 1:colcon.colcon_core.environment:checking '/home/motaz/iris_files/iris/install/openslam_gmapping' for CMake config files
[0.853s] Level 1:colcon.colcon_core.shell:create_environment_hook('openslam_gmapping', 'cmake_prefix_path')
[0.853s] INFO:colcon.colcon_core.shell:Creating environment hook '/home/motaz/iris_files/iris/install/openslam_gmapping/share/openslam_gmapping/hook/cmake_prefix_path.ps1'
[0.853s] INFO:colcon.colcon_core.shell:Creating environment descriptor '/home/motaz/iris_files/iris/install/openslam_gmapping/share/openslam_gmapping/hook/cmake_prefix_path.dsv'
[0.853s] INFO:colcon.colcon_core.shell:Creating environment hook '/home/motaz/iris_files/iris/install/openslam_gmapping/share/openslam_gmapping/hook/cmake_prefix_path.sh'
[0.854s] Level 1:colcon.colcon_core.environment:checking '/home/motaz/iris_files/iris/install/openslam_gmapping/lib'
[0.854s] Level 1:colcon.colcon_core.environment:checking '/home/motaz/iris_files/iris/install/openslam_gmapping/bin'
[0.854s] Level 1:colcon.colcon_core.environment:checking '/home/motaz/iris_files/iris/install/openslam_gmapping/lib/pkgconfig/openslam_gmapping.pc'
[0.854s] Level 1:colcon.colcon_core.environment:checking '/home/motaz/iris_files/iris/install/openslam_gmapping/lib/python3.10/site-packages'
[0.854s] Level 1:colcon.colcon_core.environment:checking '/home/motaz/iris_files/iris/install/openslam_gmapping/bin'
[0.855s] INFO:colcon.colcon_core.shell:Creating package script '/home/motaz/iris_files/iris/install/openslam_gmapping/share/openslam_gmapping/package.ps1'
[0.855s] INFO:colcon.colcon_core.shell:Creating package descriptor '/home/motaz/iris_files/iris/install/openslam_gmapping/share/openslam_gmapping/package.dsv'
[0.855s] INFO:colcon.colcon_core.shell:Creating package script '/home/motaz/iris_files/iris/install/openslam_gmapping/share/openslam_gmapping/package.sh'
[0.856s] INFO:colcon.colcon_core.shell:Creating package script '/home/motaz/iris_files/iris/install/openslam_gmapping/share/openslam_gmapping/package.bash'
[0.856s] INFO:colcon.colcon_core.shell:Creating package script '/home/motaz/iris_files/iris/install/openslam_gmapping/share/openslam_gmapping/package.zsh'
[0.856s] Level 1:colcon.colcon_core.environment:create_file_with_runtime_dependencies(/home/motaz/iris_files/iris/install/openslam_gmapping/share/colcon-core/packages/openslam_gmapping)
[0.856s] INFO:colcon.colcon_ros.task.ament_cmake.build:Building ROS package in '/home/motaz/iris_files/iris/src/slam_gmapping/slam_gmapping' with build type 'ament_cmake'
[0.857s] INFO:colcon.colcon_cmake.task.cmake.build:Building CMake package in '/home/motaz/iris_files/iris/src/slam_gmapping/slam_gmapping'
[0.857s] INFO:colcon.colcon_core.shell:Skip shell extension 'powershell' for command environment: Not usable outside of PowerShell
[0.857s] DEBUG:colcon.colcon_core.shell:Skip shell extension 'dsv' for command environment
[0.867s] DEBUG:colcon.colcon_core.event_handler.log_command:Invoking command in '/home/motaz/iris_files/iris/build/slam_gmapping': AMENT_PREFIX_PATH=/home/motaz/iris_files/iris/install/openslam_gmapping:${AMENT_PREFIX_PATH} CMAKE_PREFIX_PATH=/home/motaz/iris_files/iris/install/openslam_gmapping:/opt/ros/humble LD_LIBRARY_PATH=/home/motaz/iris_files/iris/install/openslam_gmapping/lib:${LD_LIBRARY_PATH} /usr/bin/cmake --build /home/motaz/iris_files/iris/build/slam_gmapping -- -j8 -l8
[0.974s] DEBUG:colcon.colcon_core.event_handler.log_command:Invoked command in '/home/motaz/iris_files/iris/build/slam_gmapping' returned '0': AMENT_PREFIX_PATH=/home/motaz/iris_files/iris/install/openslam_gmapping:${AMENT_PREFIX_PATH} CMAKE_PREFIX_PATH=/home/motaz/iris_files/iris/install/openslam_gmapping:/opt/ros/humble LD_LIBRARY_PATH=/home/motaz/iris_files/iris/install/openslam_gmapping/lib:${LD_LIBRARY_PATH} /usr/bin/cmake --build /home/motaz/iris_files/iris/build/slam_gmapping -- -j8 -l8
[0.997s] DEBUG:colcon.colcon_core.event_handler.log_command:Invoking command in '/home/motaz/iris_files/iris/build/slam_gmapping': AMENT_PREFIX_PATH=/home/motaz/iris_files/iris/install/openslam_gmapping:${AMENT_PREFIX_PATH} CMAKE_PREFIX_PATH=/home/motaz/iris_files/iris/install/openslam_gmapping:/opt/ros/humble LD_LIBRARY_PATH=/home/motaz/iris_files/iris/install/openslam_gmapping/lib:${LD_LIBRARY_PATH} /usr/bin/cmake --install /home/motaz/iris_files/iris/build/slam_gmapping
[1.011s] Level 1:colcon.colcon_core.environment:create_environment_scripts_only(slam_gmapping)
[1.011s] Level 1:colcon.colcon_core.environment:checking '/home/motaz/iris_files/iris/install/slam_gmapping' for CMake module files
[1.011s] DEBUG:colcon.colcon_core.event_handler.log_command:Invoked command in '/home/motaz/iris_files/iris/build/slam_gmapping' returned '0': AMENT_PREFIX_PATH=/home/motaz/iris_files/iris/install/openslam_gmapping:${AMENT_PREFIX_PATH} CMAKE_PREFIX_PATH=/home/motaz/iris_files/iris/install/openslam_gmapping:/opt/ros/humble LD_LIBRARY_PATH=/home/motaz/iris_files/iris/install/openslam_gmapping/lib:${LD_LIBRARY_PATH} /usr/bin/cmake --install /home/motaz/iris_files/iris/build/slam_gmapping
[1.012s] Level 1:colcon.colcon_core.environment:checking '/home/motaz/iris_files/iris/install/slam_gmapping' for CMake config files
[1.012s] Level 1:colcon.colcon_core.shell:create_environment_hook('slam_gmapping', 'cmake_prefix_path')
[1.013s] INFO:colcon.colcon_core.shell:Creating environment hook '/home/motaz/iris_files/iris/install/slam_gmapping/share/slam_gmapping/hook/cmake_prefix_path.ps1'
[1.013s] INFO:colcon.colcon_core.shell:Creating environment descriptor '/home/motaz/iris_files/iris/install/slam_gmapping/share/slam_gmapping/hook/cmake_prefix_path.dsv'
[1.013s] INFO:colcon.colcon_core.shell:Creating environment hook '/home/motaz/iris_files/iris/install/slam_gmapping/share/slam_gmapping/hook/cmake_prefix_path.sh'
[1.014s] Level 1:colcon.colcon_core.environment:checking '/home/motaz/iris_files/iris/install/slam_gmapping/lib'
[1.014s] Level 1:colcon.colcon_core.environment:checking '/home/motaz/iris_files/iris/install/slam_gmapping/bin'
[1.014s] Level 1:colcon.colcon_core.environment:checking '/home/motaz/iris_files/iris/install/slam_gmapping/lib/pkgconfig/slam_gmapping.pc'
[1.014s] Level 1:colcon.colcon_core.environment:checking '/home/motaz/iris_files/iris/install/slam_gmapping/lib/python3.10/site-packages'
[1.014s] Level 1:colcon.colcon_core.environment:checking '/home/motaz/iris_files/iris/install/slam_gmapping/bin'
[1.015s] INFO:colcon.colcon_core.shell:Creating package script '/home/motaz/iris_files/iris/install/slam_gmapping/share/slam_gmapping/package.ps1'
[1.015s] INFO:colcon.colcon_core.shell:Creating package descriptor '/home/motaz/iris_files/iris/install/slam_gmapping/share/slam_gmapping/package.dsv'
[1.015s] INFO:colcon.colcon_core.shell:Creating package script '/home/motaz/iris_files/iris/install/slam_gmapping/share/slam_gmapping/package.sh'
[1.015s] INFO:colcon.colcon_core.shell:Creating package script '/home/motaz/iris_files/iris/install/slam_gmapping/share/slam_gmapping/package.bash'
[1.016s] INFO:colcon.colcon_core.shell:Creating package script '/home/motaz/iris_files/iris/install/slam_gmapping/share/slam_gmapping/package.zsh'
[1.016s] Level 1:colcon.colcon_core.environment:create_file_with_runtime_dependencies(/home/motaz/iris_files/iris/install/slam_gmapping/share/colcon-core/packages/slam_gmapping)
[1.039s] Level 1:colcon.colcon_core.environment:create_environment_scripts_only(slam_gmapping)
[1.039s] Level 1:colcon.colcon_core.environment:checking '/home/motaz/iris_files/iris/install/slam_gmapping' for CMake module files
[1.040s] Level 1:colcon.colcon_core.environment:checking '/home/motaz/iris_files/iris/install/slam_gmapping' for CMake config files
[1.040s] Level 1:colcon.colcon_core.shell:create_environment_hook('slam_gmapping', 'cmake_prefix_path')
[1.040s] INFO:colcon.colcon_core.shell:Creating environment hook '/home/motaz/iris_files/iris/install/slam_gmapping/share/slam_gmapping/hook/cmake_prefix_path.ps1'
[1.040s] INFO:colcon.colcon_core.shell:Creating environment descriptor '/home/motaz/iris_files/iris/install/slam_gmapping/share/slam_gmapping/hook/cmake_prefix_path.dsv'
[1.041s] INFO:colcon.colcon_core.shell:Creating environment hook '/home/motaz/iris_files/iris/install/slam_gmapping/share/slam_gmapping/hook/cmake_prefix_path.sh'
[1.041s] Level 1:colcon.colcon_core.environment:checking '/home/motaz/iris_files/iris/install/slam_gmapping/lib'
[1.041s] Level 1:colcon.colcon_core.environment:checking '/home/motaz/iris_files/iris/install/slam_gmapping/bin'
[1.041s] Level 1:colcon.colcon_core.environment:checking '/home/motaz/iris_files/iris/install/slam_gmapping/lib/pkgconfig/slam_gmapping.pc'
[1.041s] Level 1:colcon.colcon_core.environment:checking '/home/motaz/iris_files/iris/install/slam_gmapping/lib/python3.10/site-packages'
[1.042s] Level 1:colcon.colcon_core.environment:checking '/home/motaz/iris_files/iris/install/slam_gmapping/bin'
[1.042s] INFO:colcon.colcon_core.shell:Creating package script '/home/motaz/iris_files/iris/install/slam_gmapping/share/slam_gmapping/package.ps1'
[1.042s] INFO:colcon.colcon_core.shell:Creating package descriptor '/home/motaz/iris_files/iris/install/slam_gmapping/share/slam_gmapping/package.dsv'
[1.043s] INFO:colcon.colcon_core.shell:Creating package script '/home/motaz/iris_files/iris/install/slam_gmapping/share/slam_gmapping/package.sh'
[1.043s] INFO:colcon.colcon_core.shell:Creating package script '/home/motaz/iris_files/iris/install/slam_gmapping/share/slam_gmapping/package.bash'
[1.043s] INFO:colcon.colcon_core.shell:Creating package script '/home/motaz/iris_files/iris/install/slam_gmapping/share/slam_gmapping/package.zsh'
[1.053s] Level 1:colcon.colcon_core.environment:create_file_with_runtime_dependencies(/home/motaz/iris_files/iris/install/slam_gmapping/share/colcon-core/packages/slam_gmapping)
[1.567s] DEBUG:colcon.colcon_core.event_handler.log_command:Invoking command in '/home/motaz/iris_files/iris/src/iris_drone': PYTHONPATH=/home/motaz/iris_files/iris/build/iris_drone/prefix_override:/usr/lib/python3/dist-packages/colcon_core/task/python/colcon_distutils_commands:/home/motaz/iris_files/iris/install/iris_drone/lib/python3.10/site-packages:${PYTHONPATH} /usr/bin/python3 -W ignore:setup.py install is deprecated setup.py egg_info --egg-base ../../build/iris_drone build --build-base /home/motaz/iris_files/iris/build/iris_drone/build install --record /home/motaz/iris_files/iris/build/iris_drone/install.log --single-version-externally-managed install_data
[2.089s] Level 1:colcon.colcon_core.environment:checking '/home/motaz/iris_files/iris/install/iris_drone' for CMake module files
[2.090s] DEBUG:colcon.colcon_core.event_handler.log_command:Invoked command in '/home/motaz/iris_files/iris/src/iris_drone' returned '0': PYTHONPATH=/home/motaz/iris_files/iris/build/iris_drone/prefix_override:/usr/lib/python3/dist-packages/colcon_core/task/python/colcon_distutils_commands:/home/motaz/iris_files/iris/install/iris_drone/lib/python3.10/site-packages:${PYTHONPATH} /usr/bin/python3 -W ignore:setup.py install is deprecated setup.py egg_info --egg-base ../../build/iris_drone build --build-base /home/motaz/iris_files/iris/build/iris_drone/build install --record /home/motaz/iris_files/iris/build/iris_drone/install.log --single-version-externally-managed install_data
[2.090s] Level 1:colcon.colcon_core.environment:checking '/home/motaz/iris_files/iris/install/iris_drone' for CMake config files
[2.091s] Level 1:colcon.colcon_core.environment:checking '/home/motaz/iris_files/iris/install/iris_drone/lib'
[2.091s] Level 1:colcon.colcon_core.environment:checking '/home/motaz/iris_files/iris/install/iris_drone/bin'
[2.092s] Level 1:colcon.colcon_core.environment:checking '/home/motaz/iris_files/iris/install/iris_drone/lib/pkgconfig/iris_drone.pc'
[2.092s] Level 1:colcon.colcon_core.environment:checking '/home/motaz/iris_files/iris/install/iris_drone/lib/python3.10/site-packages'
[2.092s] Level 1:colcon.colcon_core.shell:create_environment_hook('iris_drone', 'pythonpath')
[2.092s] INFO:colcon.colcon_core.shell:Creating environment hook '/home/motaz/iris_files/iris/install/iris_drone/share/iris_drone/hook/pythonpath.ps1'
[2.092s] INFO:colcon.colcon_core.shell:Creating environment descriptor '/home/motaz/iris_files/iris/install/iris_drone/share/iris_drone/hook/pythonpath.dsv'
[2.093s] INFO:colcon.colcon_core.shell:Creating environment hook '/home/motaz/iris_files/iris/install/iris_drone/share/iris_drone/hook/pythonpath.sh'
[2.093s] Level 1:colcon.colcon_core.environment:checking '/home/motaz/iris_files/iris/install/iris_drone/bin'
[2.093s] Level 1:colcon.colcon_core.environment:create_environment_scripts_only(iris_drone)
[2.093s] INFO:colcon.colcon_core.shell:Creating package script '/home/motaz/iris_files/iris/install/iris_drone/share/iris_drone/package.ps1'
[2.094s] INFO:colcon.colcon_core.shell:Creating package descriptor '/home/motaz/iris_files/iris/install/iris_drone/share/iris_drone/package.dsv'
[2.094s] INFO:colcon.colcon_core.shell:Creating package script '/home/motaz/iris_files/iris/install/iris_drone/share/iris_drone/package.sh'
[2.094s] INFO:colcon.colcon_core.shell:Creating package script '/home/motaz/iris_files/iris/install/iris_drone/share/iris_drone/package.bash'
[2.095s] INFO:colcon.colcon_core.shell:Creating package script '/home/motaz/iris_files/iris/install/iris_drone/share/iris_drone/package.zsh'
[2.095s] Level 1:colcon.colcon_core.environment:create_file_with_runtime_dependencies(/home/motaz/iris_files/iris/install/iris_drone/share/colcon-core/packages/iris_drone)
[2.095s] DEBUG:colcon.colcon_parallel_executor.executor.parallel:closing loop
[2.095s] DEBUG:colcon.colcon_parallel_executor.executor.parallel:loop closed
[2.095s] DEBUG:colcon.colcon_parallel_executor.executor.parallel:run_until_complete finished with '0'
[2.095s] DEBUG:colcon.colcon_core.event_reactor:joining thread
[2.101s] INFO:colcon.colcon_core.plugin_system:Skipping extension 'colcon_notification.desktop_notification.terminal_notifier': Not used on non-Darwin systems
[2.101s] INFO:colcon.colcon_core.plugin_system:Skipping extension 'colcon_notification.desktop_notification.win32': Not used on non-Windows systems
[2.102s] INFO:colcon.colcon_notification.desktop_notification:Sending desktop notification using 'notify2'
[2.114s] DEBUG:colcon.colcon_core.event_reactor:joined thread
[2.115s] INFO:colcon.colcon_core.shell:Creating prefix script '/home/motaz/iris_files/iris/install/local_setup.ps1'
[2.116s] INFO:colcon.colcon_core.shell:Creating prefix util module '/home/motaz/iris_files/iris/install/_local_setup_util_ps1.py'
[2.117s] INFO:colcon.colcon_core.shell:Creating prefix chain script '/home/motaz/iris_files/iris/install/setup.ps1'
[2.118s] INFO:colcon.colcon_core.shell:Creating prefix script '/home/motaz/iris_files/iris/install/local_setup.sh'
[2.119s] INFO:colcon.colcon_core.shell:Creating prefix util module '/home/motaz/iris_files/iris/install/_local_setup_util_sh.py'
[2.119s] INFO:colcon.colcon_core.shell:Creating prefix chain script '/home/motaz/iris_files/iris/install/setup.sh'
[2.120s] INFO:colcon.colcon_core.shell:Creating prefix script '/home/motaz/iris_files/iris/install/local_setup.bash'
[2.121s] INFO:colcon.colcon_core.shell:Creating prefix chain script '/home/motaz/iris_files/iris/install/setup.bash'
[2.122s] INFO:colcon.colcon_core.shell:Creating prefix script '/home/motaz/iris_files/iris/install/local_setup.zsh'
[2.122s] INFO:colcon.colcon_core.shell:Creating prefix chain script '/home/motaz/iris_files/iris/install/setup.zsh'
