[4.654s] Invoking command in '/home/motaz/iris_files/iris/src/iris_drone': PYTHONPATH=/home/motaz/iris_files/iris/build/iris_drone/prefix_override:/usr/lib/python3/dist-packages/colcon_core/task/python/colcon_distutils_commands:/home/motaz/iris_files/iris/install/iris_drone/lib/python3.10/site-packages:${PYTHONPATH} /usr/bin/python3 -W ignore:setup.py install is deprecated setup.py egg_info --egg-base ../../build/iris_drone build --build-base /home/motaz/iris_files/iris/build/iris_drone/build install --record /home/motaz/iris_files/iris/build/iris_drone/install.log --single-version-externally-managed install_data
[5.730s] running egg_info
[5.801s] writing ../../build/iris_drone/iris_drone.egg-info/PKG-INFO
[5.805s] writing dependency_links to ../../build/iris_drone/iris_drone.egg-info/dependency_links.txt
[5.806s] writing entry points to ../../build/iris_drone/iris_drone.egg-info/entry_points.txt
[5.808s] writing requirements to ../../build/iris_drone/iris_drone.egg-info/requires.txt
[5.809s] writing top-level names to ../../build/iris_drone/iris_drone.egg-info/top_level.txt
[5.969s] reading manifest file '../../build/iris_drone/iris_drone.egg-info/SOURCES.txt'
[5.982s] writing manifest file '../../build/iris_drone/iris_drone.egg-info/SOURCES.txt'
[5.982s] running build
[5.982s] running build_py
[5.983s] copying iris_drone/test.py -> /home/motaz/iris_files/iris/build/iris_drone/build/lib/iris_drone
[5.983s] copying iris_drone/mission.py -> /home/motaz/iris_files/iris/build/iris_drone/build/lib/iris_drone
[5.984s] running install
[6.002s] running install_lib
[6.080s] running install_data
[6.089s] copying package.xml -> /home/motaz/iris_files/iris/install/iris_drone/share/iris_drone
[6.090s] copying launch/iris.launch.py -> /home/motaz/iris_files/iris/install/iris_drone/share/iris_drone/launch
[6.095s] copying worlds/odeh.world -> /home/motaz/iris_files/iris/install/iris_drone/share/iris_drone/worlds
[6.095s] copying urdf/iris_demo.xacro -> /home/motaz/iris_files/iris/install/iris_drone/share/iris_drone/urdf
[6.095s] running install_egg_info
[6.176s] removing '/home/motaz/iris_files/iris/install/iris_drone/lib/python3.10/site-packages/iris_drone-0.0.0-py3.10.egg-info' (and everything under it)
[6.178s] Copying ../../build/iris_drone/iris_drone.egg-info to /home/motaz/iris_files/iris/install/iris_drone/lib/python3.10/site-packages/iris_drone-0.0.0-py3.10.egg-info
[6.179s] running install_scripts
[6.785s] Installing ardupilot script to /home/motaz/iris_files/iris/install/iris_drone/lib/iris_drone
[6.788s] Installing mission script to /home/motaz/iris_files/iris/install/iris_drone/lib/iris_drone
[6.788s] Installing odom_pub script to /home/motaz/iris_files/iris/install/iris_drone/lib/iris_drone
[6.788s] Installing tf_pub script to /home/motaz/iris_files/iris/install/iris_drone/lib/iris_drone
[6.789s] writing list of installed files to '/home/motaz/iris_files/iris/build/iris_drone/install.log'
[6.969s] Invoked command in '/home/motaz/iris_files/iris/src/iris_drone' returned '0': PYTHONPATH=/home/motaz/iris_files/iris/build/iris_drone/prefix_override:/usr/lib/python3/dist-packages/colcon_core/task/python/colcon_distutils_commands:/home/motaz/iris_files/iris/install/iris_drone/lib/python3.10/site-packages:${PYTHONPATH} /usr/bin/python3 -W ignore:setup.py install is deprecated setup.py egg_info --egg-base ../../build/iris_drone build --build-base /home/motaz/iris_files/iris/build/iris_drone/build install --record /home/motaz/iris_files/iris/build/iris_drone/install.log --single-version-externally-managed install_data
