running egg_info
writing ../../build/iris_drone/iris_drone.egg-info/PKG-INFO
writing dependency_links to ../../build/iris_drone/iris_drone.egg-info/dependency_links.txt
writing entry points to ../../build/iris_drone/iris_drone.egg-info/entry_points.txt
writing requirements to ../../build/iris_drone/iris_drone.egg-info/requires.txt
writing top-level names to ../../build/iris_drone/iris_drone.egg-info/top_level.txt
reading manifest file '../../build/iris_drone/iris_drone.egg-info/SOURCES.txt'
writing manifest file '../../build/iris_drone/iris_drone.egg-info/SOURCES.txt'
running build
running build_py
copying iris_drone/mission.py -> /home/motaz/iris_files/iris/build/iris_drone/build/lib/iris_drone
running install
running install_lib
running install_data
copying package.xml -> /home/motaz/iris_files/iris/install/iris_drone/share/iris_drone
copying launch/iris.launch.py -> /home/motaz/iris_files/iris/install/iris_drone/share/iris_drone/launch
copying worlds/odeh.world -> /home/motaz/iris_files/iris/install/iris_drone/share/iris_drone/worlds
copying urdf/iris_demo.xacro -> /home/motaz/iris_files/iris/install/iris_drone/share/iris_drone/urdf
running install_egg_info
removing '/home/motaz/iris_files/iris/install/iris_drone/lib/python3.10/site-packages/iris_drone-0.0.0-py3.10.egg-info' (and everything under it)
Copying ../../build/iris_drone/iris_drone.egg-info to /home/motaz/iris_files/iris/install/iris_drone/lib/python3.10/site-packages/iris_drone-0.0.0-py3.10.egg-info
running install_scripts
Installing ardupilot script to /home/motaz/iris_files/iris/install/iris_drone/lib/iris_drone
Installing mission script to /home/motaz/iris_files/iris/install/iris_drone/lib/iris_drone
Installing odom_pub script to /home/motaz/iris_files/iris/install/iris_drone/lib/iris_drone
Installing tf_pub script to /home/motaz/iris_files/iris/install/iris_drone/lib/iris_drone
writing list of installed files to '/home/motaz/iris_files/iris/build/iris_drone/install.log'
