[9.743s] Invoking command in '/home/motaz/iris_files/iris/src/iris_drone': PYTHONPATH=/home/motaz/iris_files/iris/build/iris_drone/prefix_override:/usr/lib/python3/dist-packages/colcon_core/task/python/colcon_distutils_commands:/home/motaz/iris_files/iris/install/iris_drone/lib/python3.10/site-packages:${PYTHONPATH} /usr/bin/python3 -W ignore:setup.py install is deprecated setup.py egg_info --egg-base ../../build/iris_drone build --build-base /home/motaz/iris_files/iris/build/iris_drone/build install --record /home/motaz/iris_files/iris/build/iris_drone/install.log --single-version-externally-managed install_data
[11.966s] running egg_info
[12.124s] writing ../../build/iris_drone/iris_drone.egg-info/PKG-INFO
[12.131s] writing dependency_links to ../../build/iris_drone/iris_drone.egg-info/dependency_links.txt
[12.136s] writing entry points to ../../build/iris_drone/iris_drone.egg-info/entry_points.txt
[12.143s] writing requirements to ../../build/iris_drone/iris_drone.egg-info/requires.txt
[12.153s] writing top-level names to ../../build/iris_drone/iris_drone.egg-info/top_level.txt
[12.495s] reading manifest file '../../build/iris_drone/iris_drone.egg-info/SOURCES.txt'
[12.550s] writing manifest file '../../build/iris_drone/iris_drone.egg-info/SOURCES.txt'
[12.553s] running build
[12.554s] running build_py
[12.557s] copying iris_drone/mission.py -> /home/motaz/iris_files/iris/build/iris_drone/build/lib/iris_drone
[12.569s] running install
[12.603s] running install_lib
[12.787s] running install_data
[12.793s] copying package.xml -> /home/motaz/iris_files/iris/install/iris_drone/share/iris_drone
[12.796s] copying launch/iris.launch.py -> /home/motaz/iris_files/iris/install/iris_drone/share/iris_drone/launch
[12.806s] copying worlds/odeh.world -> /home/motaz/iris_files/iris/install/iris_drone/share/iris_drone/worlds
[12.822s] copying urdf/iris_demo.xacro -> /home/motaz/iris_files/iris/install/iris_drone/share/iris_drone/urdf
[12.825s] running install_egg_info
[12.986s] removing '/home/motaz/iris_files/iris/install/iris_drone/lib/python3.10/site-packages/iris_drone-0.0.0-py3.10.egg-info' (and everything under it)
[12.993s] Copying ../../build/iris_drone/iris_drone.egg-info to /home/motaz/iris_files/iris/install/iris_drone/lib/python3.10/site-packages/iris_drone-0.0.0-py3.10.egg-info
[13.011s] running install_scripts
[14.481s] Installing ardupilot script to /home/motaz/iris_files/iris/install/iris_drone/lib/iris_drone
[14.500s] Installing mission script to /home/motaz/iris_files/iris/install/iris_drone/lib/iris_drone
[14.502s] Installing odom_pub script to /home/motaz/iris_files/iris/install/iris_drone/lib/iris_drone
[14.506s] Installing tf_pub script to /home/motaz/iris_files/iris/install/iris_drone/lib/iris_drone
[14.514s] writing list of installed files to '/home/motaz/iris_files/iris/build/iris_drone/install.log'
[14.911s] Invoked command in '/home/motaz/iris_files/iris/src/iris_drone' returned '0': PYTHONPATH=/home/motaz/iris_files/iris/build/iris_drone/prefix_override:/usr/lib/python3/dist-packages/colcon_core/task/python/colcon_distutils_commands:/home/motaz/iris_files/iris/install/iris_drone/lib/python3.10/site-packages:${PYTHONPATH} /usr/bin/python3 -W ignore:setup.py install is deprecated setup.py egg_info --egg-base ../../build/iris_drone build --build-base /home/motaz/iris_files/iris/build/iris_drone/build install --record /home/motaz/iris_files/iris/build/iris_drone/install.log --single-version-externally-managed install_data
