running egg_info
creating ../../build/iris_drone/iris_drone.egg-info
writing ../../build/iris_drone/iris_drone.egg-info/PKG-INFO
writing dependency_links to ../../build/iris_drone/iris_drone.egg-info/dependency_links.txt
writing entry points to ../../build/iris_drone/iris_drone.egg-info/entry_points.txt
writing requirements to ../../build/iris_drone/iris_drone.egg-info/requires.txt
writing top-level names to ../../build/iris_drone/iris_drone.egg-info/top_level.txt
writing manifest file '../../build/iris_drone/iris_drone.egg-info/SOURCES.txt'
reading manifest file '../../build/iris_drone/iris_drone.egg-info/SOURCES.txt'
writing manifest file '../../build/iris_drone/iris_drone.egg-info/SOURCES.txt'
running build
running build_py
creating /home/motaz/iris_files/iris/build/iris_drone/build
creating /home/motaz/iris_files/iris/build/iris_drone/build/lib
creating /home/motaz/iris_files/iris/build/iris_drone/build/lib/iris_drone
copying iris_drone/yolo_detection.py -> /home/motaz/iris_files/iris/build/iris_drone/build/lib/iris_drone
copying iris_drone/ardupilot.py -> /home/motaz/iris_files/iris/build/iris_drone/build/lib/iris_drone
copying iris_drone/odom_publisher.py -> /home/motaz/iris_files/iris/build/iris_drone/build/lib/iris_drone
copying iris_drone/dynamic_tf.py -> /home/motaz/iris_files/iris/build/iris_drone/build/lib/iris_drone
copying iris_drone/__init__.py -> /home/motaz/iris_files/iris/build/iris_drone/build/lib/iris_drone
copying iris_drone/mission.py -> /home/motaz/iris_files/iris/build/iris_drone/build/lib/iris_drone
running install
running install_lib
creating /home/motaz/iris_files/iris/install/iris_drone/lib/python3.10/site-packages/iris_drone
copying /home/motaz/iris_files/iris/build/iris_drone/build/lib/iris_drone/yolo_detection.py -> /home/motaz/iris_files/iris/install/iris_drone/lib/python3.10/site-packages/iris_drone
copying /home/motaz/iris_files/iris/build/iris_drone/build/lib/iris_drone/ardupilot.py -> /home/motaz/iris_files/iris/install/iris_drone/lib/python3.10/site-packages/iris_drone
copying /home/motaz/iris_files/iris/build/iris_drone/build/lib/iris_drone/odom_publisher.py -> /home/motaz/iris_files/iris/install/iris_drone/lib/python3.10/site-packages/iris_drone
copying /home/motaz/iris_files/iris/build/iris_drone/build/lib/iris_drone/dynamic_tf.py -> /home/motaz/iris_files/iris/install/iris_drone/lib/python3.10/site-packages/iris_drone
copying /home/motaz/iris_files/iris/build/iris_drone/build/lib/iris_drone/__init__.py -> /home/motaz/iris_files/iris/install/iris_drone/lib/python3.10/site-packages/iris_drone
copying /home/motaz/iris_files/iris/build/iris_drone/build/lib/iris_drone/mission.py -> /home/motaz/iris_files/iris/install/iris_drone/lib/python3.10/site-packages/iris_drone
byte-compiling /home/motaz/iris_files/iris/install/iris_drone/lib/python3.10/site-packages/iris_drone/yolo_detection.py to yolo_detection.cpython-310.pyc
byte-compiling /home/motaz/iris_files/iris/install/iris_drone/lib/python3.10/site-packages/iris_drone/ardupilot.py to ardupilot.cpython-310.pyc
byte-compiling /home/motaz/iris_files/iris/install/iris_drone/lib/python3.10/site-packages/iris_drone/odom_publisher.py to odom_publisher.cpython-310.pyc
byte-compiling /home/motaz/iris_files/iris/install/iris_drone/lib/python3.10/site-packages/iris_drone/dynamic_tf.py to dynamic_tf.cpython-310.pyc
byte-compiling /home/motaz/iris_files/iris/install/iris_drone/lib/python3.10/site-packages/iris_drone/__init__.py to __init__.cpython-310.pyc
byte-compiling /home/motaz/iris_files/iris/install/iris_drone/lib/python3.10/site-packages/iris_drone/mission.py to mission.cpython-310.pyc
running install_data
creating /home/motaz/iris_files/iris/install/iris_drone/share/ament_index
creating /home/motaz/iris_files/iris/install/iris_drone/share/ament_index/resource_index
creating /home/motaz/iris_files/iris/install/iris_drone/share/ament_index/resource_index/packages
copying resource/iris_drone -> /home/motaz/iris_files/iris/install/iris_drone/share/ament_index/resource_index/packages
copying package.xml -> /home/motaz/iris_files/iris/install/iris_drone/share/iris_drone
creating /home/motaz/iris_files/iris/install/iris_drone/share/iris_drone/launch
copying launch/iris.launch.py -> /home/motaz/iris_files/iris/install/iris_drone/share/iris_drone/launch
copying launch/iris_publisher.launch.py -> /home/motaz/iris_files/iris/install/iris_drone/share/iris_drone/launch
copying models/iris_with_standoffs_lidar/meshes/iris.dae -> /home/motaz/iris_files/iris/install/iris_drone/share/iris_drone
copying models/iris_with_standoffs_lidar/meshes/iris_prop_cw.dae -> /home/motaz/iris_files/iris/install/iris_drone/share/iris_drone
copying models/iris_with_standoffs_lidar/meshes/iris_prop_ccw.dae -> /home/motaz/iris_files/iris/install/iris_drone/share/iris_drone
creating /home/motaz/iris_files/iris/install/iris_drone/share/iris_drone/worlds
copying worlds/iris_warehouse.sdf -> /home/motaz/iris_files/iris/install/iris_drone/share/iris_drone/worlds
copying worlds/iris_arducopter_runway.world -> /home/motaz/iris_files/iris/install/iris_drone/share/iris_drone/worlds
copying worlds/odeh.world -> /home/motaz/iris_files/iris/install/iris_drone/share/iris_drone/worlds
copying worlds/iris_arducopter_cmac.world -> /home/motaz/iris_files/iris/install/iris_drone/share/iris_drone/worlds
copying worlds/empty.world -> /home/motaz/iris_files/iris/install/iris_drone/share/iris_drone/worlds
creating /home/motaz/iris_files/iris/install/iris_drone/share/iris_drone/urdf
copying urdf/iris_demo.xacro -> /home/motaz/iris_files/iris/install/iris_drone/share/iris_drone/urdf
creating /home/motaz/iris_files/iris/install/iris_drone/share/iris_drone/rviz
copying rviz/rviz.rviz -> /home/motaz/iris_files/iris/install/iris_drone/share/iris_drone/rviz
creating /home/motaz/iris_files/iris/install/iris_drone/share/iris_drone/config
copying config/ekf_config.yaml -> /home/motaz/iris_files/iris/install/iris_drone/share/iris_drone/config
running install_egg_info
Copying ../../build/iris_drone/iris_drone.egg-info to /home/motaz/iris_files/iris/install/iris_drone/lib/python3.10/site-packages/iris_drone-0.0.0-py3.10.egg-info
running install_scripts
Installing ardupilot script to /home/motaz/iris_files/iris/install/iris_drone/lib/iris_drone
Installing mission script to /home/motaz/iris_files/iris/install/iris_drone/lib/iris_drone
Installing odom_pub script to /home/motaz/iris_files/iris/install/iris_drone/lib/iris_drone
Installing tf_pub script to /home/motaz/iris_files/iris/install/iris_drone/lib/iris_drone
writing list of installed files to '/home/motaz/iris_files/iris/build/iris_drone/install.log'
