[0.092s] Invoking command in '/home/motaz/iris_files/iris/build/slam_gmapping': CMAKE_PREFIX_PATH=/home/motaz/iris_files/iris/install/openslam_gmapping:/home/motaz/iris_files/iris/install/slam_gmapping:/home/motaz/iris_files/iris/install/iris_drone:/opt/ros/humble /usr/bin/cmake --build /home/motaz/iris_files/iris/build/slam_gmapping -- -j8 -l8
[0.527s] [100%] Built target slam_gmapping
[0.613s] Invoked command in '/home/motaz/iris_files/iris/build/slam_gmapping' returned '0': CMAKE_PREFIX_PATH=/home/motaz/iris_files/iris/install/openslam_gmapping:/home/motaz/iris_files/iris/install/slam_gmapping:/home/motaz/iris_files/iris/install/iris_drone:/opt/ros/humble /usr/bin/cmake --build /home/motaz/iris_files/iris/build/slam_gmapping -- -j8 -l8
[0.853s] Invoking command in '/home/motaz/iris_files/iris/build/slam_gmapping': CMAKE_PREFIX_PATH=/home/motaz/iris_files/iris/install/openslam_gmapping:/home/motaz/iris_files/iris/install/slam_gmapping:/home/motaz/iris_files/iris/install/iris_drone:/opt/ros/humble /usr/bin/cmake --install /home/motaz/iris_files/iris/build/slam_gmapping
[0.960s] -- Install configuration: ""
[0.962s] -- Up-to-date: /home/motaz/iris_files/iris/install/slam_gmapping/lib/slam_gmapping/slam_gmapping
[0.963s] -- Up-to-date: /home/motaz/iris_files/iris/install/slam_gmapping/share/slam_gmapping/launch
[0.963s] -- Up-to-date: /home/motaz/iris_files/iris/install/slam_gmapping/share/slam_gmapping/launch/slam_gmapping.launch.py
[0.965s] -- Up-to-date: /home/motaz/iris_files/iris/install/slam_gmapping/share/ament_index/resource_index/package_run_dependencies/slam_gmapping
[0.965s] -- Up-to-date: /home/motaz/iris_files/iris/install/slam_gmapping/share/ament_index/resource_index/parent_prefix_path/slam_gmapping
[0.967s] -- Up-to-date: /home/motaz/iris_files/iris/install/slam_gmapping/share/slam_gmapping/environment/ament_prefix_path.sh
[0.967s] -- Up-to-date: /home/motaz/iris_files/iris/install/slam_gmapping/share/slam_gmapping/environment/ament_prefix_path.dsv
[0.968s] -- Up-to-date: /home/motaz/iris_files/iris/install/slam_gmapping/share/slam_gmapping/environment/path.sh
[0.968s] -- Up-to-date: /home/motaz/iris_files/iris/install/slam_gmapping/share/slam_gmapping/environment/path.dsv
[0.968s] -- Up-to-date: /home/motaz/iris_files/iris/install/slam_gmapping/share/slam_gmapping/local_setup.bash
[0.968s] -- Up-to-date: /home/motaz/iris_files/iris/install/slam_gmapping/share/slam_gmapping/local_setup.sh
[0.973s] -- Up-to-date: /home/motaz/iris_files/iris/install/slam_gmapping/share/slam_gmapping/local_setup.zsh
[0.973s] -- Up-to-date: /home/motaz/iris_files/iris/install/slam_gmapping/share/slam_gmapping/local_setup.dsv
[0.973s] -- Installing: /home/motaz/iris_files/iris/install/slam_gmapping/share/slam_gmapping/package.dsv
[0.973s] -- Up-to-date: /home/motaz/iris_files/iris/install/slam_gmapping/share/ament_index/resource_index/packages/slam_gmapping
[0.974s] -- Up-to-date: /home/motaz/iris_files/iris/install/slam_gmapping/share/slam_gmapping/cmake/slam_gmappingConfig.cmake
[0.975s] -- Up-to-date: /home/motaz/iris_files/iris/install/slam_gmapping/share/slam_gmapping/cmake/slam_gmappingConfig-version.cmake
[0.980s] -- Up-to-date: /home/motaz/iris_files/iris/install/slam_gmapping/share/slam_gmapping/package.xml
[0.989s] Invoked command in '/home/motaz/iris_files/iris/build/slam_gmapping' returned '0': CMAKE_PREFIX_PATH=/home/motaz/iris_files/iris/install/openslam_gmapping:/home/motaz/iris_files/iris/install/slam_gmapping:/home/motaz/iris_files/iris/install/iris_drone:/opt/ros/humble /usr/bin/cmake --install /home/motaz/iris_files/iris/build/slam_gmapping
