[0.042s] Invoking command in '/home/motaz/iris_files/iris/build/slam_gmapping': AMENT_PREFIX_PATH=/home/motaz/iris_files/iris/install/openslam_gmapping:${AMENT_PREFIX_PATH} CMAKE_PREFIX_PATH=/home/motaz/iris_files/iris/install/openslam_gmapping:/opt/ros/humble LD_LIBRARY_PATH=/home/motaz/iris_files/iris/install/openslam_gmapping/lib:${LD_LIBRARY_PATH} /usr/bin/cmake --build /home/motaz/iris_files/iris/build/slam_gmapping -- -j8 -l8
[0.258s] [100%] Built target slam_gmapping
[0.308s] Invoked command in '/home/motaz/iris_files/iris/build/slam_gmapping' returned '0': AMENT_PREFIX_PATH=/home/motaz/iris_files/iris/install/openslam_gmapping:${AMENT_PREFIX_PATH} CMAKE_PREFIX_PATH=/home/motaz/iris_files/iris/install/openslam_gmapping:/opt/ros/humble LD_LIBRARY_PATH=/home/motaz/iris_files/iris/install/openslam_gmapping/lib:${LD_LIBRARY_PATH} /usr/bin/cmake --build /home/motaz/iris_files/iris/build/slam_gmapping -- -j8 -l8
[0.428s] Invoking command in '/home/motaz/iris_files/iris/build/slam_gmapping': AMENT_PREFIX_PATH=/home/motaz/iris_files/iris/install/openslam_gmapping:${AMENT_PREFIX_PATH} CMAKE_PREFIX_PATH=/home/motaz/iris_files/iris/install/openslam_gmapping:/opt/ros/humble LD_LIBRARY_PATH=/home/motaz/iris_files/iris/install/openslam_gmapping/lib:${LD_LIBRARY_PATH} /usr/bin/cmake --install /home/motaz/iris_files/iris/build/slam_gmapping
[0.461s] -- Install configuration: ""
[0.462s] -- Up-to-date: /home/motaz/iris_files/iris/install/slam_gmapping/lib/slam_gmapping/slam_gmapping
[0.464s] -- Up-to-date: /home/motaz/iris_files/iris/install/slam_gmapping/share/slam_gmapping/launch
[0.464s] -- Up-to-date: /home/motaz/iris_files/iris/install/slam_gmapping/share/slam_gmapping/launch/slam_gmapping.launch.py
[0.465s] -- Up-to-date: /home/motaz/iris_files/iris/install/slam_gmapping/share/ament_index/resource_index/package_run_dependencies/slam_gmapping
[0.465s] -- Up-to-date: /home/motaz/iris_files/iris/install/slam_gmapping/share/ament_index/resource_index/parent_prefix_path/slam_gmapping
[0.466s] -- Up-to-date: /home/motaz/iris_files/iris/install/slam_gmapping/share/slam_gmapping/environment/ament_prefix_path.sh
[0.467s] -- Up-to-date: /home/motaz/iris_files/iris/install/slam_gmapping/share/slam_gmapping/environment/ament_prefix_path.dsv
[0.468s] -- Up-to-date: /home/motaz/iris_files/iris/install/slam_gmapping/share/slam_gmapping/environment/path.sh
[0.472s] -- Up-to-date: /home/motaz/iris_files/iris/install/slam_gmapping/share/slam_gmapping/environment/path.dsv
[0.474s] -- Up-to-date: /home/motaz/iris_files/iris/install/slam_gmapping/share/slam_gmapping/local_setup.bash
[0.474s] -- Up-to-date: /home/motaz/iris_files/iris/install/slam_gmapping/share/slam_gmapping/local_setup.sh
[0.475s] -- Up-to-date: /home/motaz/iris_files/iris/install/slam_gmapping/share/slam_gmapping/local_setup.zsh
[0.476s] -- Up-to-date: /home/motaz/iris_files/iris/install/slam_gmapping/share/slam_gmapping/local_setup.dsv
[0.476s] -- Installing: /home/motaz/iris_files/iris/install/slam_gmapping/share/slam_gmapping/package.dsv
[0.477s] -- Up-to-date: /home/motaz/iris_files/iris/install/slam_gmapping/share/ament_index/resource_index/packages/slam_gmapping
[0.477s] -- Up-to-date: /home/motaz/iris_files/iris/install/slam_gmapping/share/slam_gmapping/cmake/slam_gmappingConfig.cmake
[0.477s] -- Up-to-date: /home/motaz/iris_files/iris/install/slam_gmapping/share/slam_gmapping/cmake/slam_gmappingConfig-version.cmake
[0.478s] -- Up-to-date: /home/motaz/iris_files/iris/install/slam_gmapping/share/slam_gmapping/package.xml
[0.481s] Invoked command in '/home/motaz/iris_files/iris/build/slam_gmapping' returned '0': AMENT_PREFIX_PATH=/home/motaz/iris_files/iris/install/openslam_gmapping:${AMENT_PREFIX_PATH} CMAKE_PREFIX_PATH=/home/motaz/iris_files/iris/install/openslam_gmapping:/opt/ros/humble LD_LIBRARY_PATH=/home/motaz/iris_files/iris/install/openslam_gmapping/lib:${LD_LIBRARY_PATH} /usr/bin/cmake --install /home/motaz/iris_files/iris/build/slam_gmapping
