[1.072s] Invoking command in '/home/motaz/iris_files/iris/src/iris_drone': PYTHONPATH=/home/motaz/iris_files/iris/build/iris_drone/prefix_override:/usr/lib/python3/dist-packages/colcon_core/task/python/colcon_distutils_commands:/home/motaz/iris_files/iris/install/iris_drone/lib/python3.10/site-packages:${PYTHONPATH} /usr/bin/python3 -W ignore:setup.py install is deprecated setup.py egg_info --egg-base ../../build/iris_drone build --build-base /home/motaz/iris_files/iris/build/iris_drone/build install --record /home/motaz/iris_files/iris/build/iris_drone/install.log --single-version-externally-managed install_data
[1.385s] running egg_info
[1.404s] writing ../../build/iris_drone/iris_drone.egg-info/PKG-INFO
[1.410s] writing dependency_links to ../../build/iris_drone/iris_drone.egg-info/dependency_links.txt
[1.411s] writing entry points to ../../build/iris_drone/iris_drone.egg-info/entry_points.txt
[1.411s] writing requirements to ../../build/iris_drone/iris_drone.egg-info/requires.txt
[1.411s] writing top-level names to ../../build/iris_drone/iris_drone.egg-info/top_level.txt
[1.455s] reading manifest file '../../build/iris_drone/iris_drone.egg-info/SOURCES.txt'
[1.457s] writing manifest file '../../build/iris_drone/iris_drone.egg-info/SOURCES.txt'
[1.457s] running build
[1.457s] running build_py
[1.459s] copying iris_drone/mission.py -> /home/motaz/iris_files/iris/build/iris_drone/build/lib/iris_drone
[1.459s] running install
[1.465s] running install_lib
[1.487s] running install_data
[1.488s] copying package.xml -> /home/motaz/iris_files/iris/install/iris_drone/share/iris_drone
[1.489s] copying launch/iris.launch.py -> /home/motaz/iris_files/iris/install/iris_drone/share/iris_drone/launch
[1.489s] copying worlds/odeh.world -> /home/motaz/iris_files/iris/install/iris_drone/share/iris_drone/worlds
[1.490s] copying urdf/iris_demo.xacro -> /home/motaz/iris_files/iris/install/iris_drone/share/iris_drone/urdf
[1.490s] running install_egg_info
[1.509s] removing '/home/motaz/iris_files/iris/install/iris_drone/lib/python3.10/site-packages/iris_drone-0.0.0-py3.10.egg-info' (and everything under it)
[1.509s] Copying ../../build/iris_drone/iris_drone.egg-info to /home/motaz/iris_files/iris/install/iris_drone/lib/python3.10/site-packages/iris_drone-0.0.0-py3.10.egg-info
[1.510s] running install_scripts
[1.665s] Installing ardupilot script to /home/motaz/iris_files/iris/install/iris_drone/lib/iris_drone
[1.671s] Installing mission script to /home/motaz/iris_files/iris/install/iris_drone/lib/iris_drone
[1.671s] Installing odom_pub script to /home/motaz/iris_files/iris/install/iris_drone/lib/iris_drone
[1.671s] Installing tf_pub script to /home/motaz/iris_files/iris/install/iris_drone/lib/iris_drone
[1.672s] writing list of installed files to '/home/motaz/iris_files/iris/build/iris_drone/install.log'
[1.691s] Invoked command in '/home/motaz/iris_files/iris/src/iris_drone' returned '0': PYTHONPATH=/home/motaz/iris_files/iris/build/iris_drone/prefix_override:/usr/lib/python3/dist-packages/colcon_core/task/python/colcon_distutils_commands:/home/motaz/iris_files/iris/install/iris_drone/lib/python3.10/site-packages:${PYTHONPATH} /usr/bin/python3 -W ignore:setup.py install is deprecated setup.py egg_info --egg-base ../../build/iris_drone build --build-base /home/motaz/iris_files/iris/build/iris_drone/build install --record /home/motaz/iris_files/iris/build/iris_drone/install.log --single-version-externally-managed install_data
